[0.011s] Invoking command in '/home/paulo/ros2_create_ws_ws/build/tutorial_interfaces': CMAKE_PREFIX_PATH=/opt/ros/humble /usr/bin/cmake /home/paulo/ros2_create_ws_ws/src/tutorial_interfaces -DCMAKE_INSTALL_PREFIX=/home/paulo/ros2_create_ws_ws/install/tutorial_interfaces
[0.138s] -- The C compiler identification is GNU 11.4.0
[0.268s] -- The CXX compiler identification is GNU 11.4.0
[0.280s] -- Detecting C compiler ABI info
[0.357s] -- Detecting C compiler ABI info - done
[0.367s] -- Check for working C compiler: /usr/bin/cc - skipped
[0.381s] -- Detecting C compile features
[0.382s] -- Detecting C compile features - done
[0.386s] -- Detecting CXX compiler ABI info
[0.471s] -- Detecting CXX compiler ABI info - done
[0.482s] -- Check for working CXX compiler: /usr/bin/c++ - skipped
[0.482s] -- Detecting CXX compile features
[0.483s] -- Detecting CXX compile features - done
[0.499s] -- Found ament_cmake: 1.3.10 (/opt/ros/humble/share/ament_cmake/cmake)
[0.655s] -- Found Python3: /usr/bin/python3 (found version "3.10.12") found components: Interpreter 
[0.759s] -- Found geometry_msgs: 4.2.4 (/opt/ros/humble/share/geometry_msgs/cmake)
[0.808s] -- Found rosidl_generator_c: 3.1.5 (/opt/ros/humble/share/rosidl_generator_c/cmake)
[0.815s] -- Found rosidl_adapter: 3.1.5 (/opt/ros/humble/share/rosidl_adapter/cmake)
[0.828s] -- Found rosidl_generator_cpp: 3.1.5 (/opt/ros/humble/share/rosidl_generator_cpp/cmake)
[0.849s] -- Using all available rosidl_typesupport_c: rosidl_typesupport_fastrtps_c;rosidl_typesupport_introspection_c
[0.874s] -- Using all available rosidl_typesupport_cpp: rosidl_typesupport_fastrtps_cpp;rosidl_typesupport_introspection_cpp
[0.939s] -- Found rosidl_default_generators: 1.2.0 (/opt/ros/humble/share/rosidl_default_generators/cmake)
[1.290s] -- Found ament_cmake_ros: 0.10.0 (/opt/ros/humble/share/ament_cmake_ros/cmake)
[1.774s] -- Using all available rosidl_typesupport_c: rosidl_typesupport_fastrtps_c;rosidl_typesupport_introspection_c
[1.972s] -- Using all available rosidl_typesupport_cpp: rosidl_typesupport_fastrtps_cpp;rosidl_typesupport_introspection_cpp
[2.006s] -- Found PythonInterp: /usr/bin/python3 (found suitable version "3.10.12", minimum required is "3.6") 
[2.008s] -- Found python_cmake_module: 0.10.0 (/opt/ros/humble/share/python_cmake_module/cmake)
[2.036s] -- Found PythonLibs: /usr/lib/x86_64-linux-gnu/libpython3.10.so (found suitable version "3.10.12", minimum required is "3.5") 
[2.036s] -- Using PYTHON_EXECUTABLE: /usr/bin/python3
[2.036s] -- Using PYTHON_INCLUDE_DIRS: /usr/include/python3.10
[2.037s] -- Using PYTHON_LIBRARIES: /usr/lib/x86_64-linux-gnu/libpython3.10.so
[2.056s] -- Found PythonExtra: .so  
[2.122s] -- Found ament_lint_auto: 0.12.11 (/opt/ros/humble/share/ament_lint_auto/cmake)
[2.149s] -- Added test 'lint_cmake' to check CMake code style
[2.152s] -- Added test 'xmllint' to check XML markup files
[2.155s] -- Configuring done
[2.201s] -- Generating done
[2.204s] -- Build files have been written to: /home/paulo/ros2_create_ws_ws/build/tutorial_interfaces
[2.213s] Invoked command in '/home/paulo/ros2_create_ws_ws/build/tutorial_interfaces' returned '0': CMAKE_PREFIX_PATH=/opt/ros/humble /usr/bin/cmake /home/paulo/ros2_create_ws_ws/src/tutorial_interfaces -DCMAKE_INSTALL_PREFIX=/home/paulo/ros2_create_ws_ws/install/tutorial_interfaces
[2.215s] Invoking command in '/home/paulo/ros2_create_ws_ws/build/tutorial_interfaces': CMAKE_PREFIX_PATH=/opt/ros/humble /usr/bin/cmake --build /home/paulo/ros2_create_ws_ws/build/tutorial_interfaces -- -j6 -l6
[2.253s] [  2%] [34m[1mGenerating C code for ROS interfaces[0m
[2.263s] [  4%] [34m[1mGenerating C++ code for ROS interfaces[0m
[2.271s] [  4%] Built target ament_cmake_python_copy_tutorial_interfaces
[2.534s] running egg_info
[2.534s] creating tutorial_interfaces.egg-info
[2.535s] writing tutorial_interfaces.egg-info/PKG-INFO
[2.535s] writing dependency_links to tutorial_interfaces.egg-info/dependency_links.txt
[2.535s] writing top-level names to tutorial_interfaces.egg-info/top_level.txt
[2.535s] writing manifest file 'tutorial_interfaces.egg-info/SOURCES.txt'
[2.537s] reading manifest file 'tutorial_interfaces.egg-info/SOURCES.txt'
[2.538s] writing manifest file 'tutorial_interfaces.egg-info/SOURCES.txt'
[2.561s] [  4%] Built target ament_cmake_python_build_tutorial_interfaces_egg
[2.728s] [  4%] Built target tutorial_interfaces__cpp
[2.738s] [  6%] [34m[1mGenerating C++ type support dispatch for ROS interfaces[0m
[2.741s] [  8%] [34m[1mGenerating C++ type support for eProsima Fast-RTPS[0m
[2.747s] [ 10%] [34m[1mGenerating C++ introspection for ROS interfaces[0m
[2.766s] [ 14%] [32mBuilding C object CMakeFiles/tutorial_interfaces__rosidl_generator_c.dir/rosidl_generator_c/tutorial_interfaces/msg/detail/sphere__functions.c.o[0m
[2.766s] [ 17%] [32mBuilding C object CMakeFiles/tutorial_interfaces__rosidl_generator_c.dir/rosidl_generator_c/tutorial_interfaces/srv/detail/add_three_ints__functions.c.o[0m
[2.766s] [ 17%] [32mBuilding C object CMakeFiles/tutorial_interfaces__rosidl_generator_c.dir/rosidl_generator_c/tutorial_interfaces/msg/detail/num__functions.c.o[0m
[2.844s] [ 19%] [32m[1mLinking C shared library libtutorial_interfaces__rosidl_generator_c.so[0m
[2.885s] [ 19%] Built target tutorial_interfaces__rosidl_generator_c
[2.898s] [ 23%] [34m[1mGenerating C type support for eProsima Fast-RTPS[0m
[2.899s] [ 25%] [34m[1mGenerating C introspection for ROS interfaces[0m
[2.899s] [ 23%] [34m[1mGenerating C type support dispatch for ROS interfaces[0m
[3.112s] [ 27%] [32mBuilding CXX object CMakeFiles/tutorial_interfaces__rosidl_typesupport_cpp.dir/rosidl_typesupport_cpp/tutorial_interfaces/msg/num__type_support.cpp.o[0m
[3.197s] [ 29%] [32mBuilding CXX object CMakeFiles/tutorial_interfaces__rosidl_typesupport_introspection_cpp.dir/rosidl_typesupport_introspection_cpp/tutorial_interfaces/msg/detail/num__type_support.cpp.o[0m
[3.234s] [ 31%] [32mBuilding CXX object CMakeFiles/tutorial_interfaces__rosidl_typesupport_fastrtps_cpp.dir/rosidl_typesupport_fastrtps_cpp/tutorial_interfaces/msg/detail/dds_fastrtps/num__type_support.cpp.o[0m
[3.273s] [ 34%] [32mBuilding CXX object CMakeFiles/tutorial_interfaces__rosidl_typesupport_c.dir/rosidl_typesupport_c/tutorial_interfaces/msg/num__type_support.cpp.o[0m
[3.313s] [ 36%] [32mBuilding CXX object CMakeFiles/tutorial_interfaces__rosidl_typesupport_c.dir/rosidl_typesupport_c/tutorial_interfaces/msg/sphere__type_support.cpp.o[0m
[3.349s] [ 38%] [32mBuilding CXX object CMakeFiles/tutorial_interfaces__rosidl_typesupport_c.dir/rosidl_typesupport_c/tutorial_interfaces/srv/add_three_ints__type_support.cpp.o[0m
[3.372s] [ 40%] [32mBuilding C object CMakeFiles/tutorial_interfaces__rosidl_typesupport_introspection_c.dir/rosidl_typesupport_introspection_c/tutorial_interfaces/msg/detail/num__type_support.c.o[0m
[3.384s] [ 42%] [32m[1mLinking CXX shared library libtutorial_interfaces__rosidl_typesupport_c.so[0m
[3.392s] [ 44%] [32mBuilding CXX object CMakeFiles/tutorial_interfaces__rosidl_typesupport_fastrtps_c.dir/rosidl_typesupport_fastrtps_c/tutorial_interfaces/msg/detail/num__type_support_c.cpp.o[0m
[3.418s] [ 46%] [32mBuilding C object CMakeFiles/tutorial_interfaces__rosidl_typesupport_introspection_c.dir/rosidl_typesupport_introspection_c/tutorial_interfaces/msg/detail/sphere__type_support.c.o[0m
[3.439s] [ 46%] Built target tutorial_interfaces__rosidl_typesupport_c
[3.439s] [ 48%] [32mBuilding CXX object CMakeFiles/tutorial_interfaces__rosidl_typesupport_cpp.dir/rosidl_typesupport_cpp/tutorial_interfaces/msg/sphere__type_support.cpp.o[0m
[3.447s] [ 51%] [32mBuilding CXX object CMakeFiles/tutorial_interfaces__rosidl_typesupport_fastrtps_c.dir/rosidl_typesupport_fastrtps_c/tutorial_interfaces/msg/detail/sphere__type_support_c.cpp.o[0m
[3.466s] [ 53%] [32mBuilding C object CMakeFiles/tutorial_interfaces__rosidl_typesupport_introspection_c.dir/rosidl_typesupport_introspection_c/tutorial_interfaces/srv/detail/add_three_ints__type_support.c.o[0m
[3.508s] [ 55%] [32m[1mLinking C shared library libtutorial_interfaces__rosidl_typesupport_introspection_c.so[0m
[3.550s] [ 55%] Built target tutorial_interfaces__rosidl_typesupport_introspection_c
[3.559s] [ 57%] [32mBuilding CXX object CMakeFiles/tutorial_interfaces__rosidl_typesupport_cpp.dir/rosidl_typesupport_cpp/tutorial_interfaces/srv/add_three_ints__type_support.cpp.o[0m
[3.599s] [ 59%] [32mBuilding CXX object CMakeFiles/tutorial_interfaces__rosidl_typesupport_introspection_cpp.dir/rosidl_typesupport_introspection_cpp/tutorial_interfaces/msg/detail/sphere__type_support.cpp.o[0m
[3.658s] [ 61%] [32mBuilding CXX object CMakeFiles/tutorial_interfaces__rosidl_typesupport_fastrtps_cpp.dir/rosidl_typesupport_fastrtps_cpp/tutorial_interfaces/msg/detail/dds_fastrtps/sphere__type_support.cpp.o[0m
[3.715s] [ 63%] [32mBuilding CXX object CMakeFiles/tutorial_interfaces__rosidl_typesupport_introspection_cpp.dir/rosidl_typesupport_introspection_cpp/tutorial_interfaces/srv/detail/add_three_ints__type_support.cpp.o[0m
[3.754s] [ 65%] [32mBuilding CXX object CMakeFiles/tutorial_interfaces__rosidl_typesupport_fastrtps_cpp.dir/rosidl_typesupport_fastrtps_cpp/tutorial_interfaces/srv/detail/dds_fastrtps/add_three_ints__type_support.cpp.o[0m
[3.784s] [ 68%] [32mBuilding CXX object CMakeFiles/tutorial_interfaces__rosidl_typesupport_fastrtps_c.dir/rosidl_typesupport_fastrtps_c/tutorial_interfaces/srv/detail/add_three_ints__type_support_c.cpp.o[0m
[3.822s] [ 70%] [32m[1mLinking CXX shared library libtutorial_interfaces__rosidl_typesupport_cpp.so[0m
[3.870s] [ 70%] Built target tutorial_interfaces__rosidl_typesupport_cpp
[4.085s] [ 72%] [32m[1mLinking CXX shared library libtutorial_interfaces__rosidl_typesupport_introspection_cpp.so[0m
[4.103s] [ 74%] [32m[1mLinking CXX shared library libtutorial_interfaces__rosidl_typesupport_fastrtps_c.so[0m
[4.133s] [ 76%] [32m[1mLinking CXX shared library libtutorial_interfaces__rosidl_typesupport_fastrtps_cpp.so[0m
[4.170s] [ 76%] Built target tutorial_interfaces__rosidl_typesupport_introspection_cpp
[4.188s] [ 76%] Built target tutorial_interfaces__rosidl_typesupport_fastrtps_c
[4.218s] [ 76%] Built target tutorial_interfaces__rosidl_typesupport_fastrtps_cpp
[4.236s] [ 76%] Built target tutorial_interfaces
[4.256s] [ 78%] [34m[1mGenerating Python code for ROS interfaces[0m
[4.959s] [ 78%] Built target tutorial_interfaces__py
[4.979s] [ 80%] [32mBuilding C object CMakeFiles/tutorial_interfaces__rosidl_generator_py.dir/rosidl_generator_py/tutorial_interfaces/msg/_num_s.c.o[0m
[4.980s] [ 82%] [32mBuilding C object CMakeFiles/tutorial_interfaces__rosidl_generator_py.dir/rosidl_generator_py/tutorial_interfaces/msg/_sphere_s.c.o[0m
[4.980s] [ 85%] [32mBuilding C object CMakeFiles/tutorial_interfaces__rosidl_generator_py.dir/rosidl_generator_py/tutorial_interfaces/srv/_add_three_ints_s.c.o[0m
[5.121s] [ 87%] [32m[1mLinking C shared library rosidl_generator_py/tutorial_interfaces/libtutorial_interfaces__rosidl_generator_py.so[0m
[5.166s] [ 87%] Built target tutorial_interfaces__rosidl_generator_py
[5.185s] [ 89%] [32mBuilding C object CMakeFiles/tutorial_interfaces__rosidl_typesupport_fastrtps_c__pyext.dir/rosidl_generator_py/tutorial_interfaces/_tutorial_interfaces_s.ep.rosidl_typesupport_fastrtps_c.c.o[0m
[5.185s] [ 91%] [32mBuilding C object CMakeFiles/tutorial_interfaces__rosidl_typesupport_c__pyext.dir/rosidl_generator_py/tutorial_interfaces/_tutorial_interfaces_s.ep.rosidl_typesupport_c.c.o[0m
[5.186s] [ 93%] [32mBuilding C object CMakeFiles/tutorial_interfaces__rosidl_typesupport_introspection_c__pyext.dir/rosidl_generator_py/tutorial_interfaces/_tutorial_interfaces_s.ep.rosidl_typesupport_introspection_c.c.o[0m
[5.296s] [100%] [32m[1mLinking C shared library rosidl_generator_py/tutorial_interfaces/tutorial_interfaces_s__rosidl_typesupport_introspection_c.cpython-310-x86_64-linux-gnu.so[0m
[5.297s] [100%] [32m[1mLinking C shared library rosidl_generator_py/tutorial_interfaces/tutorial_interfaces_s__rosidl_typesupport_c.cpython-310-x86_64-linux-gnu.so[0m
[5.297s] [100%] [32m[1mLinking C shared library rosidl_generator_py/tutorial_interfaces/tutorial_interfaces_s__rosidl_typesupport_fastrtps_c.cpython-310-x86_64-linux-gnu.so[0m
[5.338s] [100%] Built target tutorial_interfaces__rosidl_typesupport_c__pyext
[5.338s] [100%] Built target tutorial_interfaces__rosidl_typesupport_fastrtps_c__pyext
[5.338s] [100%] Built target tutorial_interfaces__rosidl_typesupport_introspection_c__pyext
[5.351s] Invoked command in '/home/paulo/ros2_create_ws_ws/build/tutorial_interfaces' returned '0': CMAKE_PREFIX_PATH=/opt/ros/humble /usr/bin/cmake --build /home/paulo/ros2_create_ws_ws/build/tutorial_interfaces -- -j6 -l6
[5.454s] Invoking command in '/home/paulo/ros2_create_ws_ws/build/tutorial_interfaces': CMAKE_PREFIX_PATH=/opt/ros/humble /usr/bin/cmake --install /home/paulo/ros2_create_ws_ws/build/tutorial_interfaces
[5.461s] -- Install configuration: ""
[5.461s] -- Installing: /home/paulo/ros2_create_ws_ws/install/tutorial_interfaces/share/ament_index/resource_index/rosidl_interfaces/tutorial_interfaces
[5.462s] -- Installing: /home/paulo/ros2_create_ws_ws/install/tutorial_interfaces/include/tutorial_interfaces/tutorial_interfaces
[5.462s] -- Installing: /home/paulo/ros2_create_ws_ws/install/tutorial_interfaces/include/tutorial_interfaces/tutorial_interfaces/msg
[5.462s] -- Installing: /home/paulo/ros2_create_ws_ws/install/tutorial_interfaces/include/tutorial_interfaces/tutorial_interfaces/msg/detail
[5.462s] -- Installing: /home/paulo/ros2_create_ws_ws/install/tutorial_interfaces/include/tutorial_interfaces/tutorial_interfaces/msg/detail/num__struct.h
[5.462s] -- Installing: /home/paulo/ros2_create_ws_ws/install/tutorial_interfaces/include/tutorial_interfaces/tutorial_interfaces/msg/detail/num__type_support.h
[5.462s] -- Installing: /home/paulo/ros2_create_ws_ws/install/tutorial_interfaces/include/tutorial_interfaces/tutorial_interfaces/msg/detail/sphere__functions.h
[5.462s] -- Installing: /home/paulo/ros2_create_ws_ws/install/tutorial_interfaces/include/tutorial_interfaces/tutorial_interfaces/msg/detail/num__functions.c
[5.462s] -- Installing: /home/paulo/ros2_create_ws_ws/install/tutorial_interfaces/include/tutorial_interfaces/tutorial_interfaces/msg/detail/sphere__functions.c
[5.463s] -- Installing: /home/paulo/ros2_create_ws_ws/install/tutorial_interfaces/include/tutorial_interfaces/tutorial_interfaces/msg/detail/sphere__type_support.h
[5.463s] -- Installing: /home/paulo/ros2_create_ws_ws/install/tutorial_interfaces/include/tutorial_interfaces/tutorial_interfaces/msg/detail/num__functions.h
[5.463s] -- Installing: /home/paulo/ros2_create_ws_ws/install/tutorial_interfaces/include/tutorial_interfaces/tutorial_interfaces/msg/detail/sphere__struct.h
[5.463s] -- Installing: /home/paulo/ros2_create_ws_ws/install/tutorial_interfaces/include/tutorial_interfaces/tutorial_interfaces/msg/num.h
[5.463s] -- Installing: /home/paulo/ros2_create_ws_ws/install/tutorial_interfaces/include/tutorial_interfaces/tutorial_interfaces/msg/rosidl_generator_c__visibility_control.h
[5.463s] -- Installing: /home/paulo/ros2_create_ws_ws/install/tutorial_interfaces/include/tutorial_interfaces/tutorial_interfaces/msg/sphere.h
[5.463s] -- Installing: /home/paulo/ros2_create_ws_ws/install/tutorial_interfaces/include/tutorial_interfaces/tutorial_interfaces/srv
[5.464s] -- Installing: /home/paulo/ros2_create_ws_ws/install/tutorial_interfaces/include/tutorial_interfaces/tutorial_interfaces/srv/detail
[5.464s] -- Installing: /home/paulo/ros2_create_ws_ws/install/tutorial_interfaces/include/tutorial_interfaces/tutorial_interfaces/srv/detail/add_three_ints__functions.c
[5.464s] -- Installing: /home/paulo/ros2_create_ws_ws/install/tutorial_interfaces/include/tutorial_interfaces/tutorial_interfaces/srv/detail/add_three_ints__type_support.h
[5.464s] -- Installing: /home/paulo/ros2_create_ws_ws/install/tutorial_interfaces/include/tutorial_interfaces/tutorial_interfaces/srv/detail/add_three_ints__struct.h
[5.464s] -- Installing: /home/paulo/ros2_create_ws_ws/install/tutorial_interfaces/include/tutorial_interfaces/tutorial_interfaces/srv/detail/add_three_ints__functions.h
[5.464s] -- Installing: /home/paulo/ros2_create_ws_ws/install/tutorial_interfaces/include/tutorial_interfaces/tutorial_interfaces/srv/add_three_ints.h
[5.464s] -- Installing: /home/paulo/ros2_create_ws_ws/install/tutorial_interfaces/share/tutorial_interfaces/environment/library_path.sh
[5.465s] -- Installing: /home/paulo/ros2_create_ws_ws/install/tutorial_interfaces/share/tutorial_interfaces/environment/library_path.dsv
[5.465s] -- Installing: /home/paulo/ros2_create_ws_ws/install/tutorial_interfaces/lib/libtutorial_interfaces__rosidl_generator_c.so
[5.465s] -- Set runtime path of "/home/paulo/ros2_create_ws_ws/install/tutorial_interfaces/lib/libtutorial_interfaces__rosidl_generator_c.so" to ""
[5.465s] -- Up-to-date: /home/paulo/ros2_create_ws_ws/install/tutorial_interfaces/include/tutorial_interfaces/tutorial_interfaces
[5.466s] -- Up-to-date: /home/paulo/ros2_create_ws_ws/install/tutorial_interfaces/include/tutorial_interfaces/tutorial_interfaces/msg
[5.466s] -- Up-to-date: /home/paulo/ros2_create_ws_ws/install/tutorial_interfaces/include/tutorial_interfaces/tutorial_interfaces/msg/detail
[5.466s] -- Installing: /home/paulo/ros2_create_ws_ws/install/tutorial_interfaces/include/tutorial_interfaces/tutorial_interfaces/msg/detail/sphere__rosidl_typesupport_fastrtps_c.h
[5.466s] -- Installing: /home/paulo/ros2_create_ws_ws/install/tutorial_interfaces/include/tutorial_interfaces/tutorial_interfaces/msg/detail/num__rosidl_typesupport_fastrtps_c.h
[5.466s] -- Installing: /home/paulo/ros2_create_ws_ws/install/tutorial_interfaces/include/tutorial_interfaces/tutorial_interfaces/msg/rosidl_typesupport_fastrtps_c__visibility_control.h
[5.466s] -- Up-to-date: /home/paulo/ros2_create_ws_ws/install/tutorial_interfaces/include/tutorial_interfaces/tutorial_interfaces/srv
[5.466s] -- Up-to-date: /home/paulo/ros2_create_ws_ws/install/tutorial_interfaces/include/tutorial_interfaces/tutorial_interfaces/srv/detail
[5.466s] -- Installing: /home/paulo/ros2_create_ws_ws/install/tutorial_interfaces/include/tutorial_interfaces/tutorial_interfaces/srv/detail/add_three_ints__rosidl_typesupport_fastrtps_c.h
[5.466s] -- Installing: /home/paulo/ros2_create_ws_ws/install/tutorial_interfaces/lib/libtutorial_interfaces__rosidl_typesupport_fastrtps_c.so
[5.467s] -- Set runtime path of "/home/paulo/ros2_create_ws_ws/install/tutorial_interfaces/lib/libtutorial_interfaces__rosidl_typesupport_fastrtps_c.so" to ""
[5.468s] -- Up-to-date: /home/paulo/ros2_create_ws_ws/install/tutorial_interfaces/include/tutorial_interfaces/tutorial_interfaces
[5.468s] -- Up-to-date: /home/paulo/ros2_create_ws_ws/install/tutorial_interfaces/include/tutorial_interfaces/tutorial_interfaces/msg
[5.469s] -- Installing: /home/paulo/ros2_create_ws_ws/install/tutorial_interfaces/include/tutorial_interfaces/tutorial_interfaces/msg/num.hpp
[5.469s] -- Up-to-date: /home/paulo/ros2_create_ws_ws/install/tutorial_interfaces/include/tutorial_interfaces/tutorial_interfaces/msg/detail
[5.469s] -- Installing: /home/paulo/ros2_create_ws_ws/install/tutorial_interfaces/include/tutorial_interfaces/tutorial_interfaces/msg/detail/sphere__traits.hpp
[5.469s] -- Installing: /home/paulo/ros2_create_ws_ws/install/tutorial_interfaces/include/tutorial_interfaces/tutorial_interfaces/msg/detail/sphere__struct.hpp
[5.469s] -- Installing: /home/paulo/ros2_create_ws_ws/install/tutorial_interfaces/include/tutorial_interfaces/tutorial_interfaces/msg/detail/num__traits.hpp
[5.469s] -- Installing: /home/paulo/ros2_create_ws_ws/install/tutorial_interfaces/include/tutorial_interfaces/tutorial_interfaces/msg/detail/num__builder.hpp
[5.469s] -- Installing: /home/paulo/ros2_create_ws_ws/install/tutorial_interfaces/include/tutorial_interfaces/tutorial_interfaces/msg/detail/num__struct.hpp
[5.469s] -- Installing: /home/paulo/ros2_create_ws_ws/install/tutorial_interfaces/include/tutorial_interfaces/tutorial_interfaces/msg/detail/sphere__builder.hpp
[5.470s] -- Installing: /home/paulo/ros2_create_ws_ws/install/tutorial_interfaces/include/tutorial_interfaces/tutorial_interfaces/msg/sphere.hpp
[5.470s] -- Up-to-date: /home/paulo/ros2_create_ws_ws/install/tutorial_interfaces/include/tutorial_interfaces/tutorial_interfaces/srv
[5.470s] -- Installing: /home/paulo/ros2_create_ws_ws/install/tutorial_interfaces/include/tutorial_interfaces/tutorial_interfaces/srv/add_three_ints.hpp
[5.470s] -- Up-to-date: /home/paulo/ros2_create_ws_ws/install/tutorial_interfaces/include/tutorial_interfaces/tutorial_interfaces/srv/detail
[5.470s] -- Installing: /home/paulo/ros2_create_ws_ws/install/tutorial_interfaces/include/tutorial_interfaces/tutorial_interfaces/srv/detail/add_three_ints__struct.hpp
[5.470s] -- Installing: /home/paulo/ros2_create_ws_ws/install/tutorial_interfaces/include/tutorial_interfaces/tutorial_interfaces/srv/detail/add_three_ints__builder.hpp
[5.470s] -- Installing: /home/paulo/ros2_create_ws_ws/install/tutorial_interfaces/include/tutorial_interfaces/tutorial_interfaces/srv/detail/add_three_ints__traits.hpp
[5.470s] -- Up-to-date: /home/paulo/ros2_create_ws_ws/install/tutorial_interfaces/include/tutorial_interfaces/tutorial_interfaces
[5.471s] -- Up-to-date: /home/paulo/ros2_create_ws_ws/install/tutorial_interfaces/include/tutorial_interfaces/tutorial_interfaces/msg
[5.471s] -- Up-to-date: /home/paulo/ros2_create_ws_ws/install/tutorial_interfaces/include/tutorial_interfaces/tutorial_interfaces/msg/detail
[5.471s] -- Installing: /home/paulo/ros2_create_ws_ws/install/tutorial_interfaces/include/tutorial_interfaces/tutorial_interfaces/msg/detail/sphere__rosidl_typesupport_fastrtps_cpp.hpp
[5.471s] -- Installing: /home/paulo/ros2_create_ws_ws/install/tutorial_interfaces/include/tutorial_interfaces/tutorial_interfaces/msg/detail/num__rosidl_typesupport_fastrtps_cpp.hpp
[5.471s] -- Installing: /home/paulo/ros2_create_ws_ws/install/tutorial_interfaces/include/tutorial_interfaces/tutorial_interfaces/msg/detail/dds_fastrtps
[5.471s] -- Installing: /home/paulo/ros2_create_ws_ws/install/tutorial_interfaces/include/tutorial_interfaces/tutorial_interfaces/msg/rosidl_typesupport_fastrtps_cpp__visibility_control.h
[5.471s] -- Up-to-date: /home/paulo/ros2_create_ws_ws/install/tutorial_interfaces/include/tutorial_interfaces/tutorial_interfaces/srv
[5.471s] -- Up-to-date: /home/paulo/ros2_create_ws_ws/install/tutorial_interfaces/include/tutorial_interfaces/tutorial_interfaces/srv/detail
[5.471s] -- Installing: /home/paulo/ros2_create_ws_ws/install/tutorial_interfaces/include/tutorial_interfaces/tutorial_interfaces/srv/detail/add_three_ints__rosidl_typesupport_fastrtps_cpp.hpp
[5.471s] -- Installing: /home/paulo/ros2_create_ws_ws/install/tutorial_interfaces/include/tutorial_interfaces/tutorial_interfaces/srv/detail/dds_fastrtps
[5.471s] -- Installing: /home/paulo/ros2_create_ws_ws/install/tutorial_interfaces/lib/libtutorial_interfaces__rosidl_typesupport_fastrtps_cpp.so
[5.471s] -- Set runtime path of "/home/paulo/ros2_create_ws_ws/install/tutorial_interfaces/lib/libtutorial_interfaces__rosidl_typesupport_fastrtps_cpp.so" to ""
[5.471s] -- Up-to-date: /home/paulo/ros2_create_ws_ws/install/tutorial_interfaces/include/tutorial_interfaces/tutorial_interfaces
[5.472s] -- Up-to-date: /home/paulo/ros2_create_ws_ws/install/tutorial_interfaces/include/tutorial_interfaces/tutorial_interfaces/msg
[5.472s] -- Up-to-date: /home/paulo/ros2_create_ws_ws/install/tutorial_interfaces/include/tutorial_interfaces/tutorial_interfaces/msg/detail
[5.472s] -- Installing: /home/paulo/ros2_create_ws_ws/install/tutorial_interfaces/include/tutorial_interfaces/tutorial_interfaces/msg/detail/sphere__type_support.c
[5.472s] -- Installing: /home/paulo/ros2_create_ws_ws/install/tutorial_interfaces/include/tutorial_interfaces/tutorial_interfaces/msg/detail/sphere__rosidl_typesupport_introspection_c.h
[5.472s] -- Installing: /home/paulo/ros2_create_ws_ws/install/tutorial_interfaces/include/tutorial_interfaces/tutorial_interfaces/msg/detail/num__rosidl_typesupport_introspection_c.h
[5.472s] -- Installing: /home/paulo/ros2_create_ws_ws/install/tutorial_interfaces/include/tutorial_interfaces/tutorial_interfaces/msg/detail/num__type_support.c
[5.472s] -- Installing: /home/paulo/ros2_create_ws_ws/install/tutorial_interfaces/include/tutorial_interfaces/tutorial_interfaces/msg/rosidl_typesupport_introspection_c__visibility_control.h
[5.472s] -- Up-to-date: /home/paulo/ros2_create_ws_ws/install/tutorial_interfaces/include/tutorial_interfaces/tutorial_interfaces/srv
[5.472s] -- Up-to-date: /home/paulo/ros2_create_ws_ws/install/tutorial_interfaces/include/tutorial_interfaces/tutorial_interfaces/srv/detail
[5.472s] -- Installing: /home/paulo/ros2_create_ws_ws/install/tutorial_interfaces/include/tutorial_interfaces/tutorial_interfaces/srv/detail/add_three_ints__rosidl_typesupport_introspection_c.h
[5.472s] -- Installing: /home/paulo/ros2_create_ws_ws/install/tutorial_interfaces/include/tutorial_interfaces/tutorial_interfaces/srv/detail/add_three_ints__type_support.c
[5.472s] -- Installing: /home/paulo/ros2_create_ws_ws/install/tutorial_interfaces/lib/libtutorial_interfaces__rosidl_typesupport_introspection_c.so
[5.472s] -- Set runtime path of "/home/paulo/ros2_create_ws_ws/install/tutorial_interfaces/lib/libtutorial_interfaces__rosidl_typesupport_introspection_c.so" to ""
[5.472s] -- Installing: /home/paulo/ros2_create_ws_ws/install/tutorial_interfaces/lib/libtutorial_interfaces__rosidl_typesupport_c.so
[5.473s] -- Set runtime path of "/home/paulo/ros2_create_ws_ws/install/tutorial_interfaces/lib/libtutorial_interfaces__rosidl_typesupport_c.so" to ""
[5.473s] -- Up-to-date: /home/paulo/ros2_create_ws_ws/install/tutorial_interfaces/include/tutorial_interfaces/tutorial_interfaces
[5.473s] -- Up-to-date: /home/paulo/ros2_create_ws_ws/install/tutorial_interfaces/include/tutorial_interfaces/tutorial_interfaces/msg
[5.473s] -- Up-to-date: /home/paulo/ros2_create_ws_ws/install/tutorial_interfaces/include/tutorial_interfaces/tutorial_interfaces/msg/detail
[5.473s] -- Installing: /home/paulo/ros2_create_ws_ws/install/tutorial_interfaces/include/tutorial_interfaces/tutorial_interfaces/msg/detail/num__type_support.cpp
[5.473s] -- Installing: /home/paulo/ros2_create_ws_ws/install/tutorial_interfaces/include/tutorial_interfaces/tutorial_interfaces/msg/detail/sphere__rosidl_typesupport_introspection_cpp.hpp
[5.473s] -- Installing: /home/paulo/ros2_create_ws_ws/install/tutorial_interfaces/include/tutorial_interfaces/tutorial_interfaces/msg/detail/num__rosidl_typesupport_introspection_cpp.hpp
[5.474s] -- Installing: /home/paulo/ros2_create_ws_ws/install/tutorial_interfaces/include/tutorial_interfaces/tutorial_interfaces/msg/detail/sphere__type_support.cpp
[5.474s] -- Up-to-date: /home/paulo/ros2_create_ws_ws/install/tutorial_interfaces/include/tutorial_interfaces/tutorial_interfaces/srv
[5.474s] -- Up-to-date: /home/paulo/ros2_create_ws_ws/install/tutorial_interfaces/include/tutorial_interfaces/tutorial_interfaces/srv/detail
[5.474s] -- Installing: /home/paulo/ros2_create_ws_ws/install/tutorial_interfaces/include/tutorial_interfaces/tutorial_interfaces/srv/detail/add_three_ints__type_support.cpp
[5.474s] -- Installing: /home/paulo/ros2_create_ws_ws/install/tutorial_interfaces/include/tutorial_interfaces/tutorial_interfaces/srv/detail/add_three_ints__rosidl_typesupport_introspection_cpp.hpp
[5.475s] -- Installing: /home/paulo/ros2_create_ws_ws/install/tutorial_interfaces/lib/libtutorial_interfaces__rosidl_typesupport_introspection_cpp.so
[5.475s] -- Set runtime path of "/home/paulo/ros2_create_ws_ws/install/tutorial_interfaces/lib/libtutorial_interfaces__rosidl_typesupport_introspection_cpp.so" to ""
[5.476s] -- Installing: /home/paulo/ros2_create_ws_ws/install/tutorial_interfaces/lib/libtutorial_interfaces__rosidl_typesupport_cpp.so
[5.476s] -- Set runtime path of "/home/paulo/ros2_create_ws_ws/install/tutorial_interfaces/lib/libtutorial_interfaces__rosidl_typesupport_cpp.so" to ""
[5.476s] -- Installing: /home/paulo/ros2_create_ws_ws/install/tutorial_interfaces/share/tutorial_interfaces/environment/pythonpath.sh
[5.476s] -- Installing: /home/paulo/ros2_create_ws_ws/install/tutorial_interfaces/share/tutorial_interfaces/environment/pythonpath.dsv
[5.476s] -- Installing: /home/paulo/ros2_create_ws_ws/install/tutorial_interfaces/local/lib/python3.10/dist-packages/tutorial_interfaces-0.0.0-py3.10.egg-info
[5.477s] -- Installing: /home/paulo/ros2_create_ws_ws/install/tutorial_interfaces/local/lib/python3.10/dist-packages/tutorial_interfaces-0.0.0-py3.10.egg-info/PKG-INFO
[5.477s] -- Installing: /home/paulo/ros2_create_ws_ws/install/tutorial_interfaces/local/lib/python3.10/dist-packages/tutorial_interfaces-0.0.0-py3.10.egg-info/top_level.txt
[5.477s] -- Installing: /home/paulo/ros2_create_ws_ws/install/tutorial_interfaces/local/lib/python3.10/dist-packages/tutorial_interfaces-0.0.0-py3.10.egg-info/dependency_links.txt
[5.477s] -- Installing: /home/paulo/ros2_create_ws_ws/install/tutorial_interfaces/local/lib/python3.10/dist-packages/tutorial_interfaces-0.0.0-py3.10.egg-info/SOURCES.txt
[5.477s] -- Installing: /home/paulo/ros2_create_ws_ws/install/tutorial_interfaces/local/lib/python3.10/dist-packages/tutorial_interfaces
[5.478s] -- Installing: /home/paulo/ros2_create_ws_ws/install/tutorial_interfaces/local/lib/python3.10/dist-packages/tutorial_interfaces/tutorial_interfaces_s__rosidl_typesupport_c.cpython-310-x86_64-linux-gnu.so
[5.478s] -- Installing: /home/paulo/ros2_create_ws_ws/install/tutorial_interfaces/local/lib/python3.10/dist-packages/tutorial_interfaces/msg
[5.478s] -- Installing: /home/paulo/ros2_create_ws_ws/install/tutorial_interfaces/local/lib/python3.10/dist-packages/tutorial_interfaces/msg/__init__.py
[5.478s] -- Installing: /home/paulo/ros2_create_ws_ws/install/tutorial_interfaces/local/lib/python3.10/dist-packages/tutorial_interfaces/msg/_sphere.py
[5.478s] -- Installing: /home/paulo/ros2_create_ws_ws/install/tutorial_interfaces/local/lib/python3.10/dist-packages/tutorial_interfaces/msg/_sphere_s.c
[5.478s] -- Installing: /home/paulo/ros2_create_ws_ws/install/tutorial_interfaces/local/lib/python3.10/dist-packages/tutorial_interfaces/msg/_num.py
[5.479s] -- Installing: /home/paulo/ros2_create_ws_ws/install/tutorial_interfaces/local/lib/python3.10/dist-packages/tutorial_interfaces/msg/_num_s.c
[5.479s] -- Installing: /home/paulo/ros2_create_ws_ws/install/tutorial_interfaces/local/lib/python3.10/dist-packages/tutorial_interfaces/__init__.py
[5.479s] -- Installing: /home/paulo/ros2_create_ws_ws/install/tutorial_interfaces/local/lib/python3.10/dist-packages/tutorial_interfaces/tutorial_interfaces_s__rosidl_typesupport_introspection_c.cpython-310-x86_64-linux-gnu.so
[5.479s] -- Installing: /home/paulo/ros2_create_ws_ws/install/tutorial_interfaces/local/lib/python3.10/dist-packages/tutorial_interfaces/libtutorial_interfaces__rosidl_generator_py.so
[5.479s] -- Installing: /home/paulo/ros2_create_ws_ws/install/tutorial_interfaces/local/lib/python3.10/dist-packages/tutorial_interfaces/srv
[5.479s] -- Installing: /home/paulo/ros2_create_ws_ws/install/tutorial_interfaces/local/lib/python3.10/dist-packages/tutorial_interfaces/srv/__init__.py
[5.479s] -- Installing: /home/paulo/ros2_create_ws_ws/install/tutorial_interfaces/local/lib/python3.10/dist-packages/tutorial_interfaces/srv/_add_three_ints_s.c
[5.479s] -- Installing: /home/paulo/ros2_create_ws_ws/install/tutorial_interfaces/local/lib/python3.10/dist-packages/tutorial_interfaces/srv/_add_three_ints.py
[5.480s] -- Installing: /home/paulo/ros2_create_ws_ws/install/tutorial_interfaces/local/lib/python3.10/dist-packages/tutorial_interfaces/_tutorial_interfaces_s.ep.rosidl_typesupport_introspection_c.c
[5.480s] -- Installing: /home/paulo/ros2_create_ws_ws/install/tutorial_interfaces/local/lib/python3.10/dist-packages/tutorial_interfaces/_tutorial_interfaces_s.ep.rosidl_typesupport_c.c
[5.480s] -- Installing: /home/paulo/ros2_create_ws_ws/install/tutorial_interfaces/local/lib/python3.10/dist-packages/tutorial_interfaces/_tutorial_interfaces_s.ep.rosidl_typesupport_fastrtps_c.c
[5.480s] -- Installing: /home/paulo/ros2_create_ws_ws/install/tutorial_interfaces/local/lib/python3.10/dist-packages/tutorial_interfaces/tutorial_interfaces_s__rosidl_typesupport_fastrtps_c.cpython-310-x86_64-linux-gnu.so
[5.517s] Listing '/home/paulo/ros2_create_ws_ws/install/tutorial_interfaces/local/lib/python3.10/dist-packages/tutorial_interfaces'...
[5.517s] Compiling '/home/paulo/ros2_create_ws_ws/install/tutorial_interfaces/local/lib/python3.10/dist-packages/tutorial_interfaces/__init__.py'...
[5.517s] Listing '/home/paulo/ros2_create_ws_ws/install/tutorial_interfaces/local/lib/python3.10/dist-packages/tutorial_interfaces/msg'...
[5.517s] Compiling '/home/paulo/ros2_create_ws_ws/install/tutorial_interfaces/local/lib/python3.10/dist-packages/tutorial_interfaces/msg/__init__.py'...
[5.517s] Compiling '/home/paulo/ros2_create_ws_ws/install/tutorial_interfaces/local/lib/python3.10/dist-packages/tutorial_interfaces/msg/_num.py'...
[5.517s] Compiling '/home/paulo/ros2_create_ws_ws/install/tutorial_interfaces/local/lib/python3.10/dist-packages/tutorial_interfaces/msg/_sphere.py'...
[5.517s] Listing '/home/paulo/ros2_create_ws_ws/install/tutorial_interfaces/local/lib/python3.10/dist-packages/tutorial_interfaces/srv'...
[5.517s] Compiling '/home/paulo/ros2_create_ws_ws/install/tutorial_interfaces/local/lib/python3.10/dist-packages/tutorial_interfaces/srv/__init__.py'...
[5.518s] Compiling '/home/paulo/ros2_create_ws_ws/install/tutorial_interfaces/local/lib/python3.10/dist-packages/tutorial_interfaces/srv/_add_three_ints.py'...
[5.522s] -- Installing: /home/paulo/ros2_create_ws_ws/install/tutorial_interfaces/local/lib/python3.10/dist-packages/tutorial_interfaces/tutorial_interfaces_s__rosidl_typesupport_fastrtps_c.cpython-310-x86_64-linux-gnu.so
[5.522s] -- Set runtime path of "/home/paulo/ros2_create_ws_ws/install/tutorial_interfaces/local/lib/python3.10/dist-packages/tutorial_interfaces/tutorial_interfaces_s__rosidl_typesupport_fastrtps_c.cpython-310-x86_64-linux-gnu.so" to ""
[5.522s] -- Installing: /home/paulo/ros2_create_ws_ws/install/tutorial_interfaces/local/lib/python3.10/dist-packages/tutorial_interfaces/tutorial_interfaces_s__rosidl_typesupport_introspection_c.cpython-310-x86_64-linux-gnu.so
[5.523s] -- Set runtime path of "/home/paulo/ros2_create_ws_ws/install/tutorial_interfaces/local/lib/python3.10/dist-packages/tutorial_interfaces/tutorial_interfaces_s__rosidl_typesupport_introspection_c.cpython-310-x86_64-linux-gnu.so" to ""
[5.523s] -- Installing: /home/paulo/ros2_create_ws_ws/install/tutorial_interfaces/local/lib/python3.10/dist-packages/tutorial_interfaces/tutorial_interfaces_s__rosidl_typesupport_c.cpython-310-x86_64-linux-gnu.so
[5.523s] -- Set runtime path of "/home/paulo/ros2_create_ws_ws/install/tutorial_interfaces/local/lib/python3.10/dist-packages/tutorial_interfaces/tutorial_interfaces_s__rosidl_typesupport_c.cpython-310-x86_64-linux-gnu.so" to ""
[5.524s] -- Installing: /home/paulo/ros2_create_ws_ws/install/tutorial_interfaces/lib/libtutorial_interfaces__rosidl_generator_py.so
[5.524s] -- Set runtime path of "/home/paulo/ros2_create_ws_ws/install/tutorial_interfaces/lib/libtutorial_interfaces__rosidl_generator_py.so" to ""
[5.524s] -- Installing: /home/paulo/ros2_create_ws_ws/install/tutorial_interfaces/share/tutorial_interfaces/msg/Num.idl
[5.524s] -- Installing: /home/paulo/ros2_create_ws_ws/install/tutorial_interfaces/share/tutorial_interfaces/msg/Sphere.idl
[5.525s] -- Installing: /home/paulo/ros2_create_ws_ws/install/tutorial_interfaces/share/tutorial_interfaces/srv/AddThreeInts.idl
[5.525s] -- Installing: /home/paulo/ros2_create_ws_ws/install/tutorial_interfaces/share/tutorial_interfaces/msg/Num.msg
[5.525s] -- Installing: /home/paulo/ros2_create_ws_ws/install/tutorial_interfaces/share/tutorial_interfaces/msg/Sphere.msg
[5.525s] -- Installing: /home/paulo/ros2_create_ws_ws/install/tutorial_interfaces/share/tutorial_interfaces/srv/AddThreeInts.srv
[5.525s] -- Installing: /home/paulo/ros2_create_ws_ws/install/tutorial_interfaces/share/tutorial_interfaces/srv/AddThreeInts_Request.msg
[5.525s] -- Installing: /home/paulo/ros2_create_ws_ws/install/tutorial_interfaces/share/tutorial_interfaces/srv/AddThreeInts_Response.msg
[5.526s] -- Installing: /home/paulo/ros2_create_ws_ws/install/tutorial_interfaces/share/ament_index/resource_index/package_run_dependencies/tutorial_interfaces
[5.526s] -- Installing: /home/paulo/ros2_create_ws_ws/install/tutorial_interfaces/share/ament_index/resource_index/parent_prefix_path/tutorial_interfaces
[5.526s] -- Installing: /home/paulo/ros2_create_ws_ws/install/tutorial_interfaces/share/tutorial_interfaces/environment/ament_prefix_path.sh
[5.526s] -- Installing: /home/paulo/ros2_create_ws_ws/install/tutorial_interfaces/share/tutorial_interfaces/environment/ament_prefix_path.dsv
[5.526s] -- Installing: /home/paulo/ros2_create_ws_ws/install/tutorial_interfaces/share/tutorial_interfaces/environment/path.sh
[5.526s] -- Installing: /home/paulo/ros2_create_ws_ws/install/tutorial_interfaces/share/tutorial_interfaces/environment/path.dsv
[5.527s] -- Installing: /home/paulo/ros2_create_ws_ws/install/tutorial_interfaces/share/tutorial_interfaces/local_setup.bash
[5.527s] -- Installing: /home/paulo/ros2_create_ws_ws/install/tutorial_interfaces/share/tutorial_interfaces/local_setup.sh
[5.527s] -- Installing: /home/paulo/ros2_create_ws_ws/install/tutorial_interfaces/share/tutorial_interfaces/local_setup.zsh
[5.527s] -- Installing: /home/paulo/ros2_create_ws_ws/install/tutorial_interfaces/share/tutorial_interfaces/local_setup.dsv
[5.527s] -- Installing: /home/paulo/ros2_create_ws_ws/install/tutorial_interfaces/share/tutorial_interfaces/package.dsv
[5.528s] -- Installing: /home/paulo/ros2_create_ws_ws/install/tutorial_interfaces/share/ament_index/resource_index/packages/tutorial_interfaces
[5.528s] -- Installing: /home/paulo/ros2_create_ws_ws/install/tutorial_interfaces/share/tutorial_interfaces/cmake/export_tutorial_interfaces__rosidl_generator_cExport.cmake
[5.528s] -- Installing: /home/paulo/ros2_create_ws_ws/install/tutorial_interfaces/share/tutorial_interfaces/cmake/export_tutorial_interfaces__rosidl_generator_cExport-noconfig.cmake
[5.528s] -- Installing: /home/paulo/ros2_create_ws_ws/install/tutorial_interfaces/share/tutorial_interfaces/cmake/export_tutorial_interfaces__rosidl_typesupport_fastrtps_cExport.cmake
[5.528s] -- Installing: /home/paulo/ros2_create_ws_ws/install/tutorial_interfaces/share/tutorial_interfaces/cmake/export_tutorial_interfaces__rosidl_typesupport_fastrtps_cExport-noconfig.cmake
[5.528s] -- Installing: /home/paulo/ros2_create_ws_ws/install/tutorial_interfaces/share/tutorial_interfaces/cmake/export_tutorial_interfaces__rosidl_generator_cppExport.cmake
[5.529s] -- Installing: /home/paulo/ros2_create_ws_ws/install/tutorial_interfaces/share/tutorial_interfaces/cmake/export_tutorial_interfaces__rosidl_typesupport_fastrtps_cppExport.cmake
[5.529s] -- Installing: /home/paulo/ros2_create_ws_ws/install/tutorial_interfaces/share/tutorial_interfaces/cmake/export_tutorial_interfaces__rosidl_typesupport_fastrtps_cppExport-noconfig.cmake
[5.529s] -- Installing: /home/paulo/ros2_create_ws_ws/install/tutorial_interfaces/share/tutorial_interfaces/cmake/tutorial_interfaces__rosidl_typesupport_introspection_cExport.cmake
[5.529s] -- Installing: /home/paulo/ros2_create_ws_ws/install/tutorial_interfaces/share/tutorial_interfaces/cmake/tutorial_interfaces__rosidl_typesupport_introspection_cExport-noconfig.cmake
[5.531s] -- Installing: /home/paulo/ros2_create_ws_ws/install/tutorial_interfaces/share/tutorial_interfaces/cmake/tutorial_interfaces__rosidl_typesupport_cExport.cmake
[5.531s] -- Installing: /home/paulo/ros2_create_ws_ws/install/tutorial_interfaces/share/tutorial_interfaces/cmake/tutorial_interfaces__rosidl_typesupport_cExport-noconfig.cmake
[5.531s] -- Installing: /home/paulo/ros2_create_ws_ws/install/tutorial_interfaces/share/tutorial_interfaces/cmake/tutorial_interfaces__rosidl_typesupport_introspection_cppExport.cmake
[5.531s] -- Installing: /home/paulo/ros2_create_ws_ws/install/tutorial_interfaces/share/tutorial_interfaces/cmake/tutorial_interfaces__rosidl_typesupport_introspection_cppExport-noconfig.cmake
[5.531s] -- Installing: /home/paulo/ros2_create_ws_ws/install/tutorial_interfaces/share/tutorial_interfaces/cmake/tutorial_interfaces__rosidl_typesupport_cppExport.cmake
[5.531s] -- Installing: /home/paulo/ros2_create_ws_ws/install/tutorial_interfaces/share/tutorial_interfaces/cmake/tutorial_interfaces__rosidl_typesupport_cppExport-noconfig.cmake
[5.532s] -- Installing: /home/paulo/ros2_create_ws_ws/install/tutorial_interfaces/share/tutorial_interfaces/cmake/export_tutorial_interfaces__rosidl_generator_pyExport.cmake
[5.532s] -- Installing: /home/paulo/ros2_create_ws_ws/install/tutorial_interfaces/share/tutorial_interfaces/cmake/export_tutorial_interfaces__rosidl_generator_pyExport-noconfig.cmake
[5.532s] -- Installing: /home/paulo/ros2_create_ws_ws/install/tutorial_interfaces/share/tutorial_interfaces/cmake/rosidl_cmake-extras.cmake
[5.532s] -- Installing: /home/paulo/ros2_create_ws_ws/install/tutorial_interfaces/share/tutorial_interfaces/cmake/ament_cmake_export_dependencies-extras.cmake
[5.532s] -- Installing: /home/paulo/ros2_create_ws_ws/install/tutorial_interfaces/share/tutorial_interfaces/cmake/ament_cmake_export_include_directories-extras.cmake
[5.532s] -- Installing: /home/paulo/ros2_create_ws_ws/install/tutorial_interfaces/share/tutorial_interfaces/cmake/ament_cmake_export_libraries-extras.cmake
[5.532s] -- Installing: /home/paulo/ros2_create_ws_ws/install/tutorial_interfaces/share/tutorial_interfaces/cmake/ament_cmake_export_targets-extras.cmake
[5.532s] -- Installing: /home/paulo/ros2_create_ws_ws/install/tutorial_interfaces/share/tutorial_interfaces/cmake/rosidl_cmake_export_typesupport_targets-extras.cmake
[5.532s] -- Installing: /home/paulo/ros2_create_ws_ws/install/tutorial_interfaces/share/tutorial_interfaces/cmake/rosidl_cmake_export_typesupport_libraries-extras.cmake
[5.533s] -- Installing: /home/paulo/ros2_create_ws_ws/install/tutorial_interfaces/share/tutorial_interfaces/cmake/tutorial_interfacesConfig.cmake
[5.533s] -- Installing: /home/paulo/ros2_create_ws_ws/install/tutorial_interfaces/share/tutorial_interfaces/cmake/tutorial_interfacesConfig-version.cmake
[5.533s] -- Installing: /home/paulo/ros2_create_ws_ws/install/tutorial_interfaces/share/tutorial_interfaces/package.xml
[5.536s] Invoked command in '/home/paulo/ros2_create_ws_ws/build/tutorial_interfaces' returned '0': CMAKE_PREFIX_PATH=/opt/ros/humble /usr/bin/cmake --install /home/paulo/ros2_create_ws_ws/build/tutorial_interfaces
