[0.023s] Invoking command in '/home/paulo/ros2_ws/build/examples_rclcpp_cbg_executor': CMAKE_PREFIX_PATH=/opt/ros/humble /usr/bin/cmake /home/paulo/ros2_ws/src/examples/rclcpp/executors/cbg_executor -DAMENT_CMAKE_SYMLINK_INSTALL=1 -DCMAKE_INSTALL_PREFIX=/home/paulo/ros2_ws/install/examples_rclcpp_cbg_executor
[0.159s] -- The C compiler identification is GNU 11.4.0
[0.266s] -- The CXX compiler identification is GNU 11.4.0
[0.277s] -- Detecting C compiler ABI info
[0.355s] -- Detecting C compiler ABI info - done
[0.365s] -- Check for working C compiler: /usr/bin/cc - skipped
[0.375s] -- Detecting C compile features
[0.375s] -- Detecting C compile features - done
[0.383s] -- Detecting CXX compiler ABI info
[0.471s] -- Detecting CXX compiler ABI info - done
[0.486s] -- Check for working CXX compiler: /usr/bin/c++ - skipped
[0.486s] -- Detecting CXX compile features
[0.486s] -- Detecting CXX compile features - done
[0.495s] -- Found ament_cmake: 1.3.10 (/opt/ros/humble/share/ament_cmake/cmake)
[0.660s] -- Found Python3: /usr/bin/python3 (found version "3.10.12") found components: Interpreter 
[0.732s] -- Override CMake install command with custom implementation using symlinks instead of copying resources
[0.768s] -- Found rclcpp: 16.0.10 (/opt/ros/humble/share/rclcpp/cmake)
[0.818s] -- Found rosidl_generator_c: 3.1.5 (/opt/ros/humble/share/rosidl_generator_c/cmake)
[0.822s] -- Found rosidl_adapter: 3.1.5 (/opt/ros/humble/share/rosidl_adapter/cmake)
[0.834s] -- Found rosidl_generator_cpp: 3.1.5 (/opt/ros/humble/share/rosidl_generator_cpp/cmake)
[0.853s] -- Using all available rosidl_typesupport_c: rosidl_typesupport_fastrtps_c;rosidl_typesupport_introspection_c
[0.875s] -- Using all available rosidl_typesupport_cpp: rosidl_typesupport_fastrtps_cpp;rosidl_typesupport_introspection_cpp
[0.938s] -- Found rmw_implementation_cmake: 6.1.2 (/opt/ros/humble/share/rmw_implementation_cmake/cmake)
[0.941s] -- Found rmw_fastrtps_cpp: 6.2.7 (/opt/ros/humble/share/rmw_fastrtps_cpp/cmake)
[1.049s] -- Found OpenSSL: /usr/lib/x86_64-linux-gnu/libcrypto.so (found version "3.0.2")  
[1.081s] -- Found FastRTPS: /opt/ros/humble/include  
[1.127s] -- Using RMW implementation 'rmw_fastrtps_cpp' as default
[1.141s] -- Looking for pthread.h
[1.237s] -- Looking for pthread.h - found
[1.238s] -- Performing Test CMAKE_HAVE_LIBC_PTHREAD
[1.318s] -- Performing Test CMAKE_HAVE_LIBC_PTHREAD - Success
[1.319s] -- Found Threads: TRUE  
[1.408s] -- Found ament_lint_auto: 0.12.11 (/opt/ros/humble/share/ament_lint_auto/cmake)
[1.509s] -- Added test 'copyright' to check source files copyright and LICENSE
[1.513s] -- Added test 'cppcheck' to perform static code analysis on C / C++ code
[1.513s] -- Configured cppcheck include dirs: /home/paulo/ros2_ws/src/examples/rclcpp/executors/cbg_executor/include
[1.513s] -- Configured cppcheck exclude dirs and/or files: 
[1.515s] -- Added test 'cpplint' to check C / C++ code against the Google style
[1.516s] -- Configured cpplint exclude dirs and/or files: 
[1.517s] -- Added test 'lint_cmake' to check CMake code style
[1.519s] -- Added test 'uncrustify' to check C / C++ code style
[1.519s] -- Configured uncrustify additional arguments: 
[1.520s] -- Added test 'xmllint' to check XML markup files
[1.527s] -- Configuring done
[1.545s] -- Generating done
[1.548s] -- Build files have been written to: /home/paulo/ros2_ws/build/examples_rclcpp_cbg_executor
[1.567s] Invoked command in '/home/paulo/ros2_ws/build/examples_rclcpp_cbg_executor' returned '0': CMAKE_PREFIX_PATH=/opt/ros/humble /usr/bin/cmake /home/paulo/ros2_ws/src/examples/rclcpp/executors/cbg_executor -DAMENT_CMAKE_SYMLINK_INSTALL=1 -DCMAKE_INSTALL_PREFIX=/home/paulo/ros2_ws/install/examples_rclcpp_cbg_executor
[1.567s] Invoking command in '/home/paulo/ros2_ws/build/examples_rclcpp_cbg_executor': CMAKE_PREFIX_PATH=/opt/ros/humble /usr/bin/cmake --build /home/paulo/ros2_ws/build/examples_rclcpp_cbg_executor -- -j6 -l6
[1.620s] [ 10%] [32mBuilding CXX object CMakeFiles/ping.dir/src/ping.cpp.o[0m
[1.625s] [ 20%] [32mBuilding CXX object CMakeFiles/ping.dir/src/examples_rclcpp_cbg_executor/ping_node.cpp.o[0m
[1.631s] [ 30%] [32mBuilding CXX object CMakeFiles/ping_pong.dir/src/examples_rclcpp_cbg_executor/pong_node.cpp.o[0m
[1.632s] [ 40%] [32mBuilding CXX object CMakeFiles/ping_pong.dir/src/ping_pong.cpp.o[0m
[1.634s] [ 50%] [32mBuilding CXX object CMakeFiles/ping_pong.dir/src/examples_rclcpp_cbg_executor/ping_node.cpp.o[0m
[1.643s] [ 60%] [32mBuilding CXX object CMakeFiles/pong.dir/src/pong.cpp.o[0m
[13.446s] [ 70%] [32mBuilding CXX object CMakeFiles/pong.dir/src/examples_rclcpp_cbg_executor/pong_node.cpp.o[0m
[29.412s] [ 80%] [32m[1mLinking CXX executable ping[0m
[31.223s] [ 90%] [32m[1mLinking CXX executable ping_pong[0m
[31.850s] [ 90%] Built target ping
[34.696s] [ 90%] Built target ping_pong
[41.682s] [100%] [32m[1mLinking CXX executable pong[0m
[43.449s] [100%] Built target pong
[43.769s] Invoked command in '/home/paulo/ros2_ws/build/examples_rclcpp_cbg_executor' returned '0': CMAKE_PREFIX_PATH=/opt/ros/humble /usr/bin/cmake --build /home/paulo/ros2_ws/build/examples_rclcpp_cbg_executor -- -j6 -l6
[43.932s] Invoking command in '/home/paulo/ros2_ws/build/examples_rclcpp_cbg_executor': CMAKE_PREFIX_PATH=/opt/ros/humble /usr/bin/cmake --install /home/paulo/ros2_ws/build/examples_rclcpp_cbg_executor
[43.956s] -- Install configuration: ""
[43.956s] -- Execute custom install script
[43.957s] -- Symlinking: /home/paulo/ros2_ws/install/examples_rclcpp_cbg_executor/lib/examples_rclcpp_cbg_executor/ping
[43.982s] -- Symlinking: /home/paulo/ros2_ws/install/examples_rclcpp_cbg_executor/lib/examples_rclcpp_cbg_executor/pong
[44.007s] -- Symlinking: /home/paulo/ros2_ws/install/examples_rclcpp_cbg_executor/lib/examples_rclcpp_cbg_executor/ping_pong
[44.030s] -- Symlinking: /home/paulo/ros2_ws/install/examples_rclcpp_cbg_executor/include/examples_rclcpp_cbg_executor/ping_node.hpp
[44.059s] -- Symlinking: /home/paulo/ros2_ws/install/examples_rclcpp_cbg_executor/include/examples_rclcpp_cbg_executor/pong_node.hpp
[44.085s] -- Symlinking: /home/paulo/ros2_ws/install/examples_rclcpp_cbg_executor/share/ament_index/resource_index/package_run_dependencies/examples_rclcpp_cbg_executor
[44.108s] -- Symlinking: /home/paulo/ros2_ws/install/examples_rclcpp_cbg_executor/share/ament_index/resource_index/parent_prefix_path/examples_rclcpp_cbg_executor
[44.139s] -- Symlinking: /home/paulo/ros2_ws/install/examples_rclcpp_cbg_executor/share/examples_rclcpp_cbg_executor/environment/ament_prefix_path.sh
[44.164s] -- Symlinking: /home/paulo/ros2_ws/install/examples_rclcpp_cbg_executor/share/examples_rclcpp_cbg_executor/environment/ament_prefix_path.dsv
[44.192s] -- Symlinking: /home/paulo/ros2_ws/install/examples_rclcpp_cbg_executor/share/examples_rclcpp_cbg_executor/environment/path.sh
[44.216s] -- Symlinking: /home/paulo/ros2_ws/install/examples_rclcpp_cbg_executor/share/examples_rclcpp_cbg_executor/environment/path.dsv
[44.246s] -- Symlinking: /home/paulo/ros2_ws/install/examples_rclcpp_cbg_executor/share/examples_rclcpp_cbg_executor/local_setup.bash
[44.269s] -- Symlinking: /home/paulo/ros2_ws/install/examples_rclcpp_cbg_executor/share/examples_rclcpp_cbg_executor/local_setup.sh
[44.301s] -- Symlinking: /home/paulo/ros2_ws/install/examples_rclcpp_cbg_executor/share/examples_rclcpp_cbg_executor/local_setup.zsh
[44.332s] -- Symlinking: /home/paulo/ros2_ws/install/examples_rclcpp_cbg_executor/share/examples_rclcpp_cbg_executor/local_setup.dsv
[44.363s] -- Symlinking: /home/paulo/ros2_ws/install/examples_rclcpp_cbg_executor/share/examples_rclcpp_cbg_executor/package.dsv
[44.398s] -- Symlinking: /home/paulo/ros2_ws/install/examples_rclcpp_cbg_executor/share/ament_index/resource_index/packages/examples_rclcpp_cbg_executor
[44.431s] -- Symlinking: /home/paulo/ros2_ws/install/examples_rclcpp_cbg_executor/share/examples_rclcpp_cbg_executor/cmake/ament_cmake_export_dependencies-extras.cmake
[44.468s] -- Symlinking: /home/paulo/ros2_ws/install/examples_rclcpp_cbg_executor/share/examples_rclcpp_cbg_executor/cmake/examples_rclcpp_cbg_executorConfig.cmake
[44.506s] -- Symlinking: /home/paulo/ros2_ws/install/examples_rclcpp_cbg_executor/share/examples_rclcpp_cbg_executor/cmake/examples_rclcpp_cbg_executorConfig-version.cmake
[44.541s] -- Symlinking: /home/paulo/ros2_ws/install/examples_rclcpp_cbg_executor/share/examples_rclcpp_cbg_executor/package.xml
[44.569s] Invoked command in '/home/paulo/ros2_ws/build/examples_rclcpp_cbg_executor' returned '0': CMAKE_PREFIX_PATH=/opt/ros/humble /usr/bin/cmake --install /home/paulo/ros2_ws/build/examples_rclcpp_cbg_executor
