[0.592s] Invoking command in '/home/paulo/ros2_create_ws_ws/src/my_package': PYTHONPATH=/home/paulo/ros2_create_ws_ws/build/my_package/prefix_override:/usr/lib/python3/dist-packages/colcon_core/task/python/colcon_distutils_commands:/home/paulo/ros2_create_ws_ws/install/my_package/lib/python3.10/site-packages:${PYTHONPATH} /usr/bin/python3 -W ignore:setup.py install is deprecated setup.py egg_info --egg-base ../../build/my_package build --build-base /home/paulo/ros2_create_ws_ws/build/my_package/build install --record /home/paulo/ros2_create_ws_ws/build/my_package/install.log --single-version-externally-managed install_data
[0.835s] running egg_info
[0.835s] writing ../../build/my_package/my_package.egg-info/PKG-INFO
[0.835s] writing dependency_links to ../../build/my_package/my_package.egg-info/dependency_links.txt
[0.835s] writing entry points to ../../build/my_package/my_package.egg-info/entry_points.txt
[0.836s] writing requirements to ../../build/my_package/my_package.egg-info/requires.txt
[0.836s] writing top-level names to ../../build/my_package/my_package.egg-info/top_level.txt
[0.837s] reading manifest file '../../build/my_package/my_package.egg-info/SOURCES.txt'
[0.838s] adding license file 'LICENSE'
[0.838s] writing manifest file '../../build/my_package/my_package.egg-info/SOURCES.txt'
[0.838s] running build
[0.838s] running build_py
[0.839s] running install
[0.839s] running install_lib
[0.840s] running install_data
[0.840s] running install_egg_info
[0.842s] removing '/home/paulo/ros2_create_ws_ws/install/my_package/lib/python3.10/site-packages/my_package-0.0.0-py3.10.egg-info' (and everything under it)
[0.842s] Copying ../../build/my_package/my_package.egg-info to /home/paulo/ros2_create_ws_ws/install/my_package/lib/python3.10/site-packages/my_package-0.0.0-py3.10.egg-info
[0.843s] running install_scripts
[0.864s] Installing my_node script to /home/paulo/ros2_create_ws_ws/install/my_package/lib/my_package
[0.864s] writing list of installed files to '/home/paulo/ros2_create_ws_ws/build/my_package/install.log'
[0.884s] Invoked command in '/home/paulo/ros2_create_ws_ws/src/my_package' returned '0': PYTHONPATH=/home/paulo/ros2_create_ws_ws/build/my_package/prefix_override:/usr/lib/python3/dist-packages/colcon_core/task/python/colcon_distutils_commands:/home/paulo/ros2_create_ws_ws/install/my_package/lib/python3.10/site-packages:${PYTHONPATH} /usr/bin/python3 -W ignore:setup.py install is deprecated setup.py egg_info --egg-base ../../build/my_package build --build-base /home/paulo/ros2_create_ws_ws/build/my_package/build install --record /home/paulo/ros2_create_ws_ws/build/my_package/install.log --single-version-externally-managed install_data
