[1.172s] Invoking command in '/home/paulo/ros2_ws/build/examples_rclpy_pointcloud_publisher': PYTHONPATH=/home/paulo/ros2_ws/build/examples_rclpy_pointcloud_publisher/prefix_override:/usr/lib/python3/dist-packages/colcon_core/task/python/colcon_distutils_commands:/home/paulo/ros2_ws/install/examples_rclpy_pointcloud_publisher/lib/python3.10/site-packages:${PYTHONPATH} /usr/bin/python3 -W ignore:setup.py install is deprecated setup.py develop --editable --build-directory /home/paulo/ros2_ws/build/examples_rclpy_pointcloud_publisher/build --no-deps symlink_data
[1.808s] running develop
[1.809s] /usr/lib/python3/dist-packages/setuptools/command/easy_install.py:158: EasyInstallDeprecationWarning: easy_install command is deprecated. Use build and pip and other standards-based tools.
[1.809s]   warnings.warn(
[2.121s] running egg_info
[2.122s] creating examples_rclpy_pointcloud_publisher.egg-info
[2.122s] writing examples_rclpy_pointcloud_publisher.egg-info/PKG-INFO
[2.122s] writing dependency_links to examples_rclpy_pointcloud_publisher.egg-info/dependency_links.txt
[2.123s] writing entry points to examples_rclpy_pointcloud_publisher.egg-info/entry_points.txt
[2.123s] writing requirements to examples_rclpy_pointcloud_publisher.egg-info/requires.txt
[2.124s] writing top-level names to examples_rclpy_pointcloud_publisher.egg-info/top_level.txt
[2.124s] writing manifest file 'examples_rclpy_pointcloud_publisher.egg-info/SOURCES.txt'
[2.126s] reading manifest file 'examples_rclpy_pointcloud_publisher.egg-info/SOURCES.txt'
[2.127s] writing manifest file 'examples_rclpy_pointcloud_publisher.egg-info/SOURCES.txt'
[2.129s] running build_ext
[2.130s] Creating /home/paulo/ros2_ws/install/examples_rclpy_pointcloud_publisher/lib/python3.10/site-packages/examples-rclpy-pointcloud-publisher.egg-link (link to .)
[2.131s] Installing pointcloud_publisher script to /home/paulo/ros2_ws/install/examples_rclpy_pointcloud_publisher/lib/examples_rclpy_pointcloud_publisher
[2.131s] 
[2.131s] Installed /home/paulo/ros2_ws/build/examples_rclpy_pointcloud_publisher
[2.132s] running symlink_data
[2.132s] creating /home/paulo/ros2_ws/install/examples_rclpy_pointcloud_publisher/share/ament_index
[2.132s] creating /home/paulo/ros2_ws/install/examples_rclpy_pointcloud_publisher/share/ament_index/resource_index
[2.133s] creating /home/paulo/ros2_ws/install/examples_rclpy_pointcloud_publisher/share/ament_index/resource_index/packages
[2.133s] symbolically linking /home/paulo/ros2_ws/build/examples_rclpy_pointcloud_publisher/resource/examples_rclpy_pointcloud_publisher -> /home/paulo/ros2_ws/install/examples_rclpy_pointcloud_publisher/share/ament_index/resource_index/packages
[2.136s] symbolically linking /home/paulo/ros2_ws/build/examples_rclpy_pointcloud_publisher/package.xml -> /home/paulo/ros2_ws/install/examples_rclpy_pointcloud_publisher/share/examples_rclpy_pointcloud_publisher
[2.178s] Invoked command in '/home/paulo/ros2_ws/build/examples_rclpy_pointcloud_publisher' returned '0': PYTHONPATH=/home/paulo/ros2_ws/build/examples_rclpy_pointcloud_publisher/prefix_override:/usr/lib/python3/dist-packages/colcon_core/task/python/colcon_distutils_commands:/home/paulo/ros2_ws/install/examples_rclpy_pointcloud_publisher/lib/python3.10/site-packages:${PYTHONPATH} /usr/bin/python3 -W ignore:setup.py install is deprecated setup.py develop --editable --build-directory /home/paulo/ros2_ws/build/examples_rclpy_pointcloud_publisher/build --no-deps symlink_data
