[2.415s] Invoking command in '/home/paulo/ros2_ws/build/examples_rclpy_guard_conditions': PYTHONPATH=/home/paulo/ros2_ws/build/examples_rclpy_guard_conditions/prefix_override:/usr/lib/python3/dist-packages/colcon_core/task/python/colcon_distutils_commands:/home/paulo/ros2_ws/install/examples_rclpy_guard_conditions/lib/python3.10/site-packages:${PYTHONPATH} /usr/bin/python3 -W ignore:setup.py install is deprecated setup.py develop --editable --build-directory /home/paulo/ros2_ws/build/examples_rclpy_guard_conditions/build --no-deps symlink_data
[3.911s] running develop
[3.911s] /usr/lib/python3/dist-packages/setuptools/command/easy_install.py:158: EasyInstallDeprecationWarning: easy_install command is deprecated. Use build and pip and other standards-based tools.
[3.912s]   warnings.warn(
[4.114s] running egg_info
[4.115s] creating examples_rclpy_guard_conditions.egg-info
[4.115s] writing examples_rclpy_guard_conditions.egg-info/PKG-INFO
[4.123s] writing dependency_links to examples_rclpy_guard_conditions.egg-info/dependency_links.txt
[4.123s] writing entry points to examples_rclpy_guard_conditions.egg-info/entry_points.txt
[4.123s] writing requirements to examples_rclpy_guard_conditions.egg-info/requires.txt
[4.123s] writing top-level names to examples_rclpy_guard_conditions.egg-info/top_level.txt
[4.123s] writing manifest file 'examples_rclpy_guard_conditions.egg-info/SOURCES.txt'
[4.126s] reading manifest file 'examples_rclpy_guard_conditions.egg-info/SOURCES.txt'
[4.129s] writing manifest file 'examples_rclpy_guard_conditions.egg-info/SOURCES.txt'
[4.136s] running build_ext
[4.137s] Creating /home/paulo/ros2_ws/install/examples_rclpy_guard_conditions/lib/python3.10/site-packages/examples-rclpy-guard-conditions.egg-link (link to .)
[4.138s] Installing trigger_guard_condition script to /home/paulo/ros2_ws/install/examples_rclpy_guard_conditions/lib/examples_rclpy_guard_conditions
[4.150s] 
[4.150s] Installed /home/paulo/ros2_ws/build/examples_rclpy_guard_conditions
[4.150s] running symlink_data
[4.151s] creating /home/paulo/ros2_ws/install/examples_rclpy_guard_conditions/share/ament_index
[4.151s] creating /home/paulo/ros2_ws/install/examples_rclpy_guard_conditions/share/ament_index/resource_index
[4.151s] creating /home/paulo/ros2_ws/install/examples_rclpy_guard_conditions/share/ament_index/resource_index/packages
[4.151s] symbolically linking /home/paulo/ros2_ws/build/examples_rclpy_guard_conditions/resource/examples_rclpy_guard_conditions -> /home/paulo/ros2_ws/install/examples_rclpy_guard_conditions/share/ament_index/resource_index/packages
[4.152s] symbolically linking /home/paulo/ros2_ws/build/examples_rclpy_guard_conditions/package.xml -> /home/paulo/ros2_ws/install/examples_rclpy_guard_conditions/share/examples_rclpy_guard_conditions
[5.351s] Invoked command in '/home/paulo/ros2_ws/build/examples_rclpy_guard_conditions' returned '0': PYTHONPATH=/home/paulo/ros2_ws/build/examples_rclpy_guard_conditions/prefix_override:/usr/lib/python3/dist-packages/colcon_core/task/python/colcon_distutils_commands:/home/paulo/ros2_ws/install/examples_rclpy_guard_conditions/lib/python3.10/site-packages:${PYTHONPATH} /usr/bin/python3 -W ignore:setup.py install is deprecated setup.py develop --editable --build-directory /home/paulo/ros2_ws/build/examples_rclpy_guard_conditions/build --no-deps symlink_data
