[0.573s] Invoking command in '/home/paulo/ros2_create_ws_ws/src/py_pubsub': PYTHONPATH=/home/paulo/ros2_create_ws_ws/build/py_pubsub/prefix_override:/usr/lib/python3/dist-packages/colcon_core/task/python/colcon_distutils_commands:/home/paulo/ros2_create_ws_ws/install/py_pubsub/lib/python3.10/site-packages:${PYTHONPATH} /usr/bin/python3 -W ignore:setup.py install is deprecated setup.py egg_info --egg-base ../../build/py_pubsub build --build-base /home/paulo/ros2_create_ws_ws/build/py_pubsub/build install --record /home/paulo/ros2_create_ws_ws/build/py_pubsub/install.log --single-version-externally-managed install_data
[0.806s] running egg_info
[0.806s] creating ../../build/py_pubsub/py_pubsub.egg-info
[0.806s] writing ../../build/py_pubsub/py_pubsub.egg-info/PKG-INFO
[0.806s] writing dependency_links to ../../build/py_pubsub/py_pubsub.egg-info/dependency_links.txt
[0.806s] writing entry points to ../../build/py_pubsub/py_pubsub.egg-info/entry_points.txt
[0.806s] writing requirements to ../../build/py_pubsub/py_pubsub.egg-info/requires.txt
[0.807s] writing top-level names to ../../build/py_pubsub/py_pubsub.egg-info/top_level.txt
[0.807s] writing manifest file '../../build/py_pubsub/py_pubsub.egg-info/SOURCES.txt'
[0.808s] reading manifest file '../../build/py_pubsub/py_pubsub.egg-info/SOURCES.txt'
[0.808s] adding license file 'LICENSE'
[0.809s] writing manifest file '../../build/py_pubsub/py_pubsub.egg-info/SOURCES.txt'
[0.809s] running build
[0.809s] running build_py
[0.809s] creating /home/paulo/ros2_create_ws_ws/build/py_pubsub/build
[0.809s] creating /home/paulo/ros2_create_ws_ws/build/py_pubsub/build/lib
[0.809s] creating /home/paulo/ros2_create_ws_ws/build/py_pubsub/build/lib/py_pubsub
[0.810s] copying py_pubsub/__init__.py -> /home/paulo/ros2_create_ws_ws/build/py_pubsub/build/lib/py_pubsub
[0.810s] copying py_pubsub/subscriber_member_function.py -> /home/paulo/ros2_create_ws_ws/build/py_pubsub/build/lib/py_pubsub
[0.810s] copying py_pubsub/publisher_member_function.py -> /home/paulo/ros2_create_ws_ws/build/py_pubsub/build/lib/py_pubsub
[0.810s] running install
[0.810s] running install_lib
[0.811s] creating /home/paulo/ros2_create_ws_ws/install/py_pubsub/lib/python3.10/site-packages/py_pubsub
[0.811s] copying /home/paulo/ros2_create_ws_ws/build/py_pubsub/build/lib/py_pubsub/__init__.py -> /home/paulo/ros2_create_ws_ws/install/py_pubsub/lib/python3.10/site-packages/py_pubsub
[0.811s] copying /home/paulo/ros2_create_ws_ws/build/py_pubsub/build/lib/py_pubsub/subscriber_member_function.py -> /home/paulo/ros2_create_ws_ws/install/py_pubsub/lib/python3.10/site-packages/py_pubsub
[0.811s] copying /home/paulo/ros2_create_ws_ws/build/py_pubsub/build/lib/py_pubsub/publisher_member_function.py -> /home/paulo/ros2_create_ws_ws/install/py_pubsub/lib/python3.10/site-packages/py_pubsub
[0.812s] byte-compiling /home/paulo/ros2_create_ws_ws/install/py_pubsub/lib/python3.10/site-packages/py_pubsub/__init__.py to __init__.cpython-310.pyc
[0.812s] byte-compiling /home/paulo/ros2_create_ws_ws/install/py_pubsub/lib/python3.10/site-packages/py_pubsub/subscriber_member_function.py to subscriber_member_function.cpython-310.pyc
[0.812s] byte-compiling /home/paulo/ros2_create_ws_ws/install/py_pubsub/lib/python3.10/site-packages/py_pubsub/publisher_member_function.py to publisher_member_function.cpython-310.pyc
[0.813s] running install_data
[0.813s] creating /home/paulo/ros2_create_ws_ws/install/py_pubsub/share/ament_index
[0.813s] creating /home/paulo/ros2_create_ws_ws/install/py_pubsub/share/ament_index/resource_index
[0.813s] creating /home/paulo/ros2_create_ws_ws/install/py_pubsub/share/ament_index/resource_index/packages
[0.813s] copying resource/py_pubsub -> /home/paulo/ros2_create_ws_ws/install/py_pubsub/share/ament_index/resource_index/packages
[0.813s] copying package.xml -> /home/paulo/ros2_create_ws_ws/install/py_pubsub/share/py_pubsub
[0.813s] running install_egg_info
[0.814s] Copying ../../build/py_pubsub/py_pubsub.egg-info to /home/paulo/ros2_create_ws_ws/install/py_pubsub/lib/python3.10/site-packages/py_pubsub-0.0.0-py3.10.egg-info
[0.815s] running install_scripts
[0.835s] Installing listener script to /home/paulo/ros2_create_ws_ws/install/py_pubsub/lib/py_pubsub
[0.835s] Installing talker script to /home/paulo/ros2_create_ws_ws/install/py_pubsub/lib/py_pubsub
[0.835s] writing list of installed files to '/home/paulo/ros2_create_ws_ws/build/py_pubsub/install.log'
[0.856s] Invoked command in '/home/paulo/ros2_create_ws_ws/src/py_pubsub' returned '0': PYTHONPATH=/home/paulo/ros2_create_ws_ws/build/py_pubsub/prefix_override:/usr/lib/python3/dist-packages/colcon_core/task/python/colcon_distutils_commands:/home/paulo/ros2_create_ws_ws/install/py_pubsub/lib/python3.10/site-packages:${PYTHONPATH} /usr/bin/python3 -W ignore:setup.py install is deprecated setup.py egg_info --egg-base ../../build/py_pubsub build --build-base /home/paulo/ros2_create_ws_ws/build/py_pubsub/build install --record /home/paulo/ros2_create_ws_ws/build/py_pubsub/install.log --single-version-externally-managed install_data
