[0.621s] Invoking command in '/home/paulo/ros2_create_ws_ws/src/py_srvcli': AMENT_PREFIX_PATH=/home/paulo/ros2_create_ws_ws/install/tutorial_interfaces:${AMENT_PREFIX_PATH} CMAKE_PREFIX_PATH=/home/paulo/ros2_create_ws_ws/install/tutorial_interfaces LD_LIBRARY_PATH=/home/paulo/ros2_create_ws_ws/install/tutorial_interfaces/lib:${LD_LIBRARY_PATH} PYTHONPATH=/home/paulo/ros2_create_ws_ws/build/py_srvcli/prefix_override:/usr/lib/python3/dist-packages/colcon_core/task/python/colcon_distutils_commands:/home/paulo/ros2_create_ws_ws/install/py_srvcli/lib/python3.10/site-packages:/home/paulo/ros2_create_ws_ws/install/tutorial_interfaces/local/lib/python3.10/dist-packages:${PYTHONPATH} /usr/bin/python3 -W ignore:setup.py install is deprecated setup.py egg_info --egg-base ../../build/py_srvcli build --build-base /home/paulo/ros2_create_ws_ws/build/py_srvcli/build install --record /home/paulo/ros2_create_ws_ws/build/py_srvcli/install.log --single-version-externally-managed install_data
[0.866s] running egg_info
[0.866s] writing ../../build/py_srvcli/py_srvcli.egg-info/PKG-INFO
[0.867s] writing dependency_links to ../../build/py_srvcli/py_srvcli.egg-info/dependency_links.txt
[0.867s] writing entry points to ../../build/py_srvcli/py_srvcli.egg-info/entry_points.txt
[0.867s] writing requirements to ../../build/py_srvcli/py_srvcli.egg-info/requires.txt
[0.867s] writing top-level names to ../../build/py_srvcli/py_srvcli.egg-info/top_level.txt
[0.869s] reading manifest file '../../build/py_srvcli/py_srvcli.egg-info/SOURCES.txt'
[0.880s] adding license file 'LICENSE'
[0.881s] writing manifest file '../../build/py_srvcli/py_srvcli.egg-info/SOURCES.txt'
[0.881s] running build
[0.881s] running build_py
[0.881s] copying py_srvcli/service_member_function.py -> /home/paulo/ros2_create_ws_ws/build/py_srvcli/build/lib/py_srvcli
[0.881s] copying py_srvcli/client_member_function.py -> /home/paulo/ros2_create_ws_ws/build/py_srvcli/build/lib/py_srvcli
[0.882s] running install
[0.882s] running install_lib
[0.883s] copying /home/paulo/ros2_create_ws_ws/build/py_srvcli/build/lib/py_srvcli/service_member_function.py -> /home/paulo/ros2_create_ws_ws/install/py_srvcli/lib/python3.10/site-packages/py_srvcli
[0.883s] copying /home/paulo/ros2_create_ws_ws/build/py_srvcli/build/lib/py_srvcli/client_member_function.py -> /home/paulo/ros2_create_ws_ws/install/py_srvcli/lib/python3.10/site-packages/py_srvcli
[0.884s] byte-compiling /home/paulo/ros2_create_ws_ws/install/py_srvcli/lib/python3.10/site-packages/py_srvcli/service_member_function.py to service_member_function.cpython-310.pyc
[0.884s] byte-compiling /home/paulo/ros2_create_ws_ws/install/py_srvcli/lib/python3.10/site-packages/py_srvcli/client_member_function.py to client_member_function.cpython-310.pyc
[0.885s] running install_data
[0.885s] copying package.xml -> /home/paulo/ros2_create_ws_ws/install/py_srvcli/share/py_srvcli
[0.885s] running install_egg_info
[0.886s] removing '/home/paulo/ros2_create_ws_ws/install/py_srvcli/lib/python3.10/site-packages/py_srvcli-0.0.0-py3.10.egg-info' (and everything under it)
[0.887s] Copying ../../build/py_srvcli/py_srvcli.egg-info to /home/paulo/ros2_create_ws_ws/install/py_srvcli/lib/python3.10/site-packages/py_srvcli-0.0.0-py3.10.egg-info
[0.888s] running install_scripts
[0.909s] Installing client script to /home/paulo/ros2_create_ws_ws/install/py_srvcli/lib/py_srvcli
[0.909s] Installing service script to /home/paulo/ros2_create_ws_ws/install/py_srvcli/lib/py_srvcli
[0.910s] writing list of installed files to '/home/paulo/ros2_create_ws_ws/build/py_srvcli/install.log'
[0.929s] Invoked command in '/home/paulo/ros2_create_ws_ws/src/py_srvcli' returned '0': AMENT_PREFIX_PATH=/home/paulo/ros2_create_ws_ws/install/tutorial_interfaces:${AMENT_PREFIX_PATH} CMAKE_PREFIX_PATH=/home/paulo/ros2_create_ws_ws/install/tutorial_interfaces LD_LIBRARY_PATH=/home/paulo/ros2_create_ws_ws/install/tutorial_interfaces/lib:${LD_LIBRARY_PATH} PYTHONPATH=/home/paulo/ros2_create_ws_ws/build/py_srvcli/prefix_override:/usr/lib/python3/dist-packages/colcon_core/task/python/colcon_distutils_commands:/home/paulo/ros2_create_ws_ws/install/py_srvcli/lib/python3.10/site-packages:/home/paulo/ros2_create_ws_ws/install/tutorial_interfaces/local/lib/python3.10/dist-packages:${PYTHONPATH} /usr/bin/python3 -W ignore:setup.py install is deprecated setup.py egg_info --egg-base ../../build/py_srvcli build --build-base /home/paulo/ros2_create_ws_ws/build/py_srvcli/build install --record /home/paulo/ros2_create_ws_ws/build/py_srvcli/install.log --single-version-externally-managed install_data
