[0.015s] Invoking command in '/home/paulo/ros2_ws/build/examples_rclcpp_minimal_timer': CMAKE_PREFIX_PATH=/opt/ros/humble /usr/bin/cmake /home/paulo/ros2_ws/src/examples/rclcpp/timers/minimal_timer -DAMENT_CMAKE_SYMLINK_INSTALL=1 -DCMAKE_INSTALL_PREFIX=/home/paulo/ros2_ws/install/examples_rclcpp_minimal_timer
[0.648s] -- The C compiler identification is GNU 11.4.0
[0.648s] -- The CXX compiler identification is GNU 11.4.0
[0.648s] -- Detecting C compiler ABI info
[0.648s] -- Detecting C compiler ABI info - done
[0.648s] -- Check for working C compiler: /usr/bin/cc - skipped
[0.648s] -- Detecting C compile features
[0.648s] -- Detecting C compile features - done
[0.648s] -- Detecting CXX compiler ABI info
[0.738s] -- Detecting CXX compiler ABI info - done
[0.757s] -- Check for working CXX compiler: /usr/bin/c++ - skipped
[0.757s] -- Detecting CXX compile features
[0.758s] -- Detecting CXX compile features - done
[0.769s] -- Found ament_cmake: 1.3.10 (/opt/ros/humble/share/ament_cmake/cmake)
[1.204s] -- Found Python3: /usr/bin/python3 (found version "3.10.12") found components: Interpreter 
[1.362s] -- Override CMake install command with custom implementation using symlinks instead of copying resources
[1.442s] -- Found rclcpp: 16.0.10 (/opt/ros/humble/share/rclcpp/cmake)
[1.610s] -- Found rosidl_generator_c: 3.1.5 (/opt/ros/humble/share/rosidl_generator_c/cmake)
[1.626s] -- Found rosidl_adapter: 3.1.5 (/opt/ros/humble/share/rosidl_adapter/cmake)
[1.665s] -- Found rosidl_generator_cpp: 3.1.5 (/opt/ros/humble/share/rosidl_generator_cpp/cmake)
[1.720s] -- Using all available rosidl_typesupport_c: rosidl_typesupport_fastrtps_c;rosidl_typesupport_introspection_c
[1.784s] -- Using all available rosidl_typesupport_cpp: rosidl_typesupport_fastrtps_cpp;rosidl_typesupport_introspection_cpp
[1.992s] -- Found rmw_implementation_cmake: 6.1.2 (/opt/ros/humble/share/rmw_implementation_cmake/cmake)
[1.999s] -- Found rmw_fastrtps_cpp: 6.2.7 (/opt/ros/humble/share/rmw_fastrtps_cpp/cmake)
[2.328s] -- Found OpenSSL: /usr/lib/x86_64-linux-gnu/libcrypto.so (found version "3.0.2")  
[2.407s] -- Found FastRTPS: /opt/ros/humble/include  
[2.507s] -- Using RMW implementation 'rmw_fastrtps_cpp' as default
[2.534s] -- Looking for pthread.h
[2.742s] -- Looking for pthread.h - found
[2.742s] -- Performing Test CMAKE_HAVE_LIBC_PTHREAD
[3.024s] -- Performing Test CMAKE_HAVE_LIBC_PTHREAD - Success
[3.031s] -- Found Threads: TRUE  
[3.367s] -- Found ament_lint_auto: 0.12.11 (/opt/ros/humble/share/ament_lint_auto/cmake)
[3.542s] -- Added test 'copyright' to check source files copyright and LICENSE
[3.550s] -- Added test 'cppcheck' to perform static code analysis on C / C++ code
[3.552s] -- Configured cppcheck include dirs: 
[3.552s] -- Configured cppcheck exclude dirs and/or files: 
[3.559s] -- Added test 'cpplint' to check C / C++ code against the Google style
[3.559s] -- Configured cpplint exclude dirs and/or files: 
[3.562s] -- Added test 'lint_cmake' to check CMake code style
[3.564s] -- Added test 'uncrustify' to check C / C++ code style
[3.564s] -- Configured uncrustify additional arguments: 
[3.570s] -- Added test 'xmllint' to check XML markup files
[3.580s] -- Configuring done
[3.643s] -- Generating done
[3.655s] -- Build files have been written to: /home/paulo/ros2_ws/build/examples_rclcpp_minimal_timer
[3.734s] Invoked command in '/home/paulo/ros2_ws/build/examples_rclcpp_minimal_timer' returned '0': CMAKE_PREFIX_PATH=/opt/ros/humble /usr/bin/cmake /home/paulo/ros2_ws/src/examples/rclcpp/timers/minimal_timer -DAMENT_CMAKE_SYMLINK_INSTALL=1 -DCMAKE_INSTALL_PREFIX=/home/paulo/ros2_ws/install/examples_rclcpp_minimal_timer
[3.734s] Invoking command in '/home/paulo/ros2_ws/build/examples_rclcpp_minimal_timer': CMAKE_PREFIX_PATH=/opt/ros/humble /usr/bin/cmake --build /home/paulo/ros2_ws/build/examples_rclcpp_minimal_timer -- -j6 -l6
[18.648s] [ 25%] [32mBuilding CXX object CMakeFiles/timer_lambda.dir/lambda.cpp.o[0m
[18.648s] [ 50%] [32mBuilding CXX object CMakeFiles/timer_member_function.dir/member_function.cpp.o[0m
[18.648s] [ 75%] [32m[1mLinking CXX executable timer_member_function[0m
[18.648s] [ 75%] Built target timer_member_function
[19.199s] [100%] [32m[1mLinking CXX executable timer_lambda[0m
[19.772s] [100%] Built target timer_lambda
[19.826s] Invoked command in '/home/paulo/ros2_ws/build/examples_rclcpp_minimal_timer' returned '0': CMAKE_PREFIX_PATH=/opt/ros/humble /usr/bin/cmake --build /home/paulo/ros2_ws/build/examples_rclcpp_minimal_timer -- -j6 -l6
[19.914s] Invoking command in '/home/paulo/ros2_ws/build/examples_rclcpp_minimal_timer': CMAKE_PREFIX_PATH=/opt/ros/humble /usr/bin/cmake --install /home/paulo/ros2_ws/build/examples_rclcpp_minimal_timer
[19.942s] -- Install configuration: ""
[19.948s] -- Execute custom install script
[19.948s] -- Symlinking: /home/paulo/ros2_ws/install/examples_rclcpp_minimal_timer/lib/examples_rclcpp_minimal_timer/timer_lambda
[19.970s] -- Symlinking: /home/paulo/ros2_ws/install/examples_rclcpp_minimal_timer/lib/examples_rclcpp_minimal_timer/timer_member_function
[19.989s] -- Symlinking: /home/paulo/ros2_ws/install/examples_rclcpp_minimal_timer/share/ament_index/resource_index/package_run_dependencies/examples_rclcpp_minimal_timer
[20.016s] -- Symlinking: /home/paulo/ros2_ws/install/examples_rclcpp_minimal_timer/share/ament_index/resource_index/parent_prefix_path/examples_rclcpp_minimal_timer
[20.040s] -- Symlinking: /home/paulo/ros2_ws/install/examples_rclcpp_minimal_timer/share/examples_rclcpp_minimal_timer/environment/ament_prefix_path.sh
[20.068s] -- Symlinking: /home/paulo/ros2_ws/install/examples_rclcpp_minimal_timer/share/examples_rclcpp_minimal_timer/environment/ament_prefix_path.dsv
[20.084s] -- Symlinking: /home/paulo/ros2_ws/install/examples_rclcpp_minimal_timer/share/examples_rclcpp_minimal_timer/environment/path.sh
[20.112s] -- Symlinking: /home/paulo/ros2_ws/install/examples_rclcpp_minimal_timer/share/examples_rclcpp_minimal_timer/environment/path.dsv
[20.133s] -- Symlinking: /home/paulo/ros2_ws/install/examples_rclcpp_minimal_timer/share/examples_rclcpp_minimal_timer/local_setup.bash
[20.157s] -- Symlinking: /home/paulo/ros2_ws/install/examples_rclcpp_minimal_timer/share/examples_rclcpp_minimal_timer/local_setup.sh
[20.178s] -- Symlinking: /home/paulo/ros2_ws/install/examples_rclcpp_minimal_timer/share/examples_rclcpp_minimal_timer/local_setup.zsh
[20.202s] -- Symlinking: /home/paulo/ros2_ws/install/examples_rclcpp_minimal_timer/share/examples_rclcpp_minimal_timer/local_setup.dsv
[20.231s] -- Symlinking: /home/paulo/ros2_ws/install/examples_rclcpp_minimal_timer/share/examples_rclcpp_minimal_timer/package.dsv
[20.257s] -- Symlinking: /home/paulo/ros2_ws/install/examples_rclcpp_minimal_timer/share/ament_index/resource_index/packages/examples_rclcpp_minimal_timer
[20.283s] -- Symlinking: /home/paulo/ros2_ws/install/examples_rclcpp_minimal_timer/share/examples_rclcpp_minimal_timer/cmake/examples_rclcpp_minimal_timerConfig.cmake
[20.306s] -- Symlinking: /home/paulo/ros2_ws/install/examples_rclcpp_minimal_timer/share/examples_rclcpp_minimal_timer/cmake/examples_rclcpp_minimal_timerConfig-version.cmake
[20.324s] -- Symlinking: /home/paulo/ros2_ws/install/examples_rclcpp_minimal_timer/share/examples_rclcpp_minimal_timer/package.xml
[20.348s] Invoked command in '/home/paulo/ros2_ws/build/examples_rclcpp_minimal_timer' returned '0': CMAKE_PREFIX_PATH=/opt/ros/humble /usr/bin/cmake --install /home/paulo/ros2_ws/build/examples_rclcpp_minimal_timer
