[0.680s] Invoking command in '/home/paulo/ros2_create_ws_ws/src/py_pubsub': AMENT_PREFIX_PATH=/home/paulo/ros2_create_ws_ws/install/tutorial_interfaces:${AMENT_PREFIX_PATH} CMAKE_PREFIX_PATH=/home/paulo/ros2_create_ws_ws/install/tutorial_interfaces LD_LIBRARY_PATH=/home/paulo/ros2_create_ws_ws/install/tutorial_interfaces/lib:${LD_LIBRARY_PATH} PYTHONPATH=/home/paulo/ros2_create_ws_ws/build/py_pubsub/prefix_override:/usr/lib/python3/dist-packages/colcon_core/task/python/colcon_distutils_commands:/home/paulo/ros2_create_ws_ws/install/py_pubsub/lib/python3.10/site-packages:/home/paulo/ros2_create_ws_ws/install/tutorial_interfaces/local/lib/python3.10/dist-packages:${PYTHONPATH} /usr/bin/python3 -W ignore:setup.py install is deprecated setup.py egg_info --egg-base ../../build/py_pubsub build --build-base /home/paulo/ros2_create_ws_ws/build/py_pubsub/build install --record /home/paulo/ros2_create_ws_ws/build/py_pubsub/install.log --single-version-externally-managed install_data
[0.927s] running egg_info
[0.928s] writing ../../build/py_pubsub/py_pubsub.egg-info/PKG-INFO
[0.928s] writing dependency_links to ../../build/py_pubsub/py_pubsub.egg-info/dependency_links.txt
[0.929s] writing entry points to ../../build/py_pubsub/py_pubsub.egg-info/entry_points.txt
[0.929s] writing requirements to ../../build/py_pubsub/py_pubsub.egg-info/requires.txt
[0.929s] writing top-level names to ../../build/py_pubsub/py_pubsub.egg-info/top_level.txt
[0.931s] reading manifest file '../../build/py_pubsub/py_pubsub.egg-info/SOURCES.txt'
[0.932s] adding license file 'LICENSE'
[0.933s] writing manifest file '../../build/py_pubsub/py_pubsub.egg-info/SOURCES.txt'
[0.933s] running build
[0.933s] running build_py
[0.933s] copying py_pubsub/subscriber_member_function.py -> /home/paulo/ros2_create_ws_ws/build/py_pubsub/build/lib/py_pubsub
[0.933s] copying py_pubsub/publisher_member_function.py -> /home/paulo/ros2_create_ws_ws/build/py_pubsub/build/lib/py_pubsub
[0.934s] running install
[0.934s] running install_lib
[0.935s] copying /home/paulo/ros2_create_ws_ws/build/py_pubsub/build/lib/py_pubsub/subscriber_member_function.py -> /home/paulo/ros2_create_ws_ws/install/py_pubsub/lib/python3.10/site-packages/py_pubsub
[0.936s] copying /home/paulo/ros2_create_ws_ws/build/py_pubsub/build/lib/py_pubsub/publisher_member_function.py -> /home/paulo/ros2_create_ws_ws/install/py_pubsub/lib/python3.10/site-packages/py_pubsub
[0.936s] byte-compiling /home/paulo/ros2_create_ws_ws/install/py_pubsub/lib/python3.10/site-packages/py_pubsub/subscriber_member_function.py to subscriber_member_function.cpython-310.pyc
[0.937s] byte-compiling /home/paulo/ros2_create_ws_ws/install/py_pubsub/lib/python3.10/site-packages/py_pubsub/publisher_member_function.py to publisher_member_function.cpython-310.pyc
[0.937s] running install_data
[0.937s] copying package.xml -> /home/paulo/ros2_create_ws_ws/install/py_pubsub/share/py_pubsub
[0.937s] running install_egg_info
[0.939s] removing '/home/paulo/ros2_create_ws_ws/install/py_pubsub/lib/python3.10/site-packages/py_pubsub-0.0.0-py3.10.egg-info' (and everything under it)
[0.939s] Copying ../../build/py_pubsub/py_pubsub.egg-info to /home/paulo/ros2_create_ws_ws/install/py_pubsub/lib/python3.10/site-packages/py_pubsub-0.0.0-py3.10.egg-info
[0.940s] running install_scripts
[0.962s] Installing listener script to /home/paulo/ros2_create_ws_ws/install/py_pubsub/lib/py_pubsub
[0.962s] Installing talker script to /home/paulo/ros2_create_ws_ws/install/py_pubsub/lib/py_pubsub
[0.962s] writing list of installed files to '/home/paulo/ros2_create_ws_ws/build/py_pubsub/install.log'
[0.984s] Invoked command in '/home/paulo/ros2_create_ws_ws/src/py_pubsub' returned '0': AMENT_PREFIX_PATH=/home/paulo/ros2_create_ws_ws/install/tutorial_interfaces:${AMENT_PREFIX_PATH} CMAKE_PREFIX_PATH=/home/paulo/ros2_create_ws_ws/install/tutorial_interfaces LD_LIBRARY_PATH=/home/paulo/ros2_create_ws_ws/install/tutorial_interfaces/lib:${LD_LIBRARY_PATH} PYTHONPATH=/home/paulo/ros2_create_ws_ws/build/py_pubsub/prefix_override:/usr/lib/python3/dist-packages/colcon_core/task/python/colcon_distutils_commands:/home/paulo/ros2_create_ws_ws/install/py_pubsub/lib/python3.10/site-packages:/home/paulo/ros2_create_ws_ws/install/tutorial_interfaces/local/lib/python3.10/dist-packages:${PYTHONPATH} /usr/bin/python3 -W ignore:setup.py install is deprecated setup.py egg_info --egg-base ../../build/py_pubsub build --build-base /home/paulo/ros2_create_ws_ws/build/py_pubsub/build install --record /home/paulo/ros2_create_ws_ws/build/py_pubsub/install.log --single-version-externally-managed install_data
