[0.026s] Invoking command in '/home/paulo/ros2_ws/build/examples_rclcpp_async_client': CMAKE_PREFIX_PATH=/opt/ros/humble /usr/bin/cmake /home/paulo/ros2_ws/src/examples/rclcpp/services/async_client -DAMENT_CMAKE_SYMLINK_INSTALL=1 -DCMAKE_INSTALL_PREFIX=/home/paulo/ros2_ws/install/examples_rclcpp_async_client
[0.168s] -- The C compiler identification is GNU 11.4.0
[0.271s] -- The CXX compiler identification is GNU 11.4.0
[0.285s] -- Detecting C compiler ABI info
[0.366s] -- Detecting C compiler ABI info - done
[0.375s] -- Check for working C compiler: /usr/bin/cc - skipped
[0.383s] -- Detecting C compile features
[0.383s] -- Detecting C compile features - done
[0.388s] -- Detecting CXX compiler ABI info
[0.480s] -- Detecting CXX compiler ABI info - done
[0.495s] -- Check for working CXX compiler: /usr/bin/c++ - skipped
[0.495s] -- Detecting CXX compile features
[0.496s] -- Detecting CXX compile features - done
[0.503s] -- Found ament_cmake: 1.3.10 (/opt/ros/humble/share/ament_cmake/cmake)
[0.665s] -- Found Python3: /usr/bin/python3 (found version "3.10.12") found components: Interpreter 
[0.739s] -- Override CMake install command with custom implementation using symlinks instead of copying resources
[0.775s] -- Found example_interfaces: 0.9.3 (/opt/ros/humble/share/example_interfaces/cmake)
[0.823s] -- Found rosidl_generator_c: 3.1.5 (/opt/ros/humble/share/rosidl_generator_c/cmake)
[0.831s] -- Found rosidl_adapter: 3.1.5 (/opt/ros/humble/share/rosidl_adapter/cmake)
[0.842s] -- Found rosidl_generator_cpp: 3.1.5 (/opt/ros/humble/share/rosidl_generator_cpp/cmake)
[0.860s] -- Using all available rosidl_typesupport_c: rosidl_typesupport_fastrtps_c;rosidl_typesupport_introspection_c
[0.883s] -- Using all available rosidl_typesupport_cpp: rosidl_typesupport_fastrtps_cpp;rosidl_typesupport_introspection_cpp
[0.966s] -- Found rclcpp: 16.0.10 (/opt/ros/humble/share/rclcpp/cmake)
[1.017s] -- Found rmw_implementation_cmake: 6.1.2 (/opt/ros/humble/share/rmw_implementation_cmake/cmake)
[1.020s] -- Found rmw_fastrtps_cpp: 6.2.7 (/opt/ros/humble/share/rmw_fastrtps_cpp/cmake)
[1.114s] -- Found OpenSSL: /usr/lib/x86_64-linux-gnu/libcrypto.so (found version "3.0.2")  
[1.152s] -- Found FastRTPS: /opt/ros/humble/include  
[1.198s] -- Using RMW implementation 'rmw_fastrtps_cpp' as default
[1.206s] -- Looking for pthread.h
[1.288s] -- Looking for pthread.h - found
[1.289s] -- Performing Test CMAKE_HAVE_LIBC_PTHREAD
[1.372s] -- Performing Test CMAKE_HAVE_LIBC_PTHREAD - Success
[1.372s] -- Found Threads: TRUE  
[1.451s] -- Found ament_lint_auto: 0.12.11 (/opt/ros/humble/share/ament_lint_auto/cmake)
[1.542s] -- Added test 'copyright' to check source files copyright and LICENSE
[1.543s] -- Added test 'cppcheck' to perform static code analysis on C / C++ code
[1.543s] -- Configured cppcheck include dirs: 
[1.543s] -- Configured cppcheck exclude dirs and/or files: 
[1.545s] -- Added test 'cpplint' to check C / C++ code against the Google style
[1.545s] -- Configured cpplint exclude dirs and/or files: 
[1.545s] -- Added test 'lint_cmake' to check CMake code style
[1.546s] -- Added test 'uncrustify' to check C / C++ code style
[1.546s] -- Configured uncrustify additional arguments: 
[1.546s] -- Added test 'xmllint' to check XML markup files
[1.548s] -- Configuring done
[1.562s] -- Generating done
[1.566s] -- Build files have been written to: /home/paulo/ros2_ws/build/examples_rclcpp_async_client
[1.583s] Invoked command in '/home/paulo/ros2_ws/build/examples_rclcpp_async_client' returned '0': CMAKE_PREFIX_PATH=/opt/ros/humble /usr/bin/cmake /home/paulo/ros2_ws/src/examples/rclcpp/services/async_client -DAMENT_CMAKE_SYMLINK_INSTALL=1 -DCMAKE_INSTALL_PREFIX=/home/paulo/ros2_ws/install/examples_rclcpp_async_client
[1.584s] Invoking command in '/home/paulo/ros2_ws/build/examples_rclcpp_async_client': CMAKE_PREFIX_PATH=/opt/ros/humble /usr/bin/cmake --build /home/paulo/ros2_ws/build/examples_rclcpp_async_client -- -j6 -l6
[1.628s] [ 50%] [32mBuilding CXX object CMakeFiles/client_main.dir/main.cpp.o[0m
[15.572s] [100%] [32m[1mLinking CXX executable client_main[0m
[15.864s] [100%] Built target client_main
[15.910s] Invoked command in '/home/paulo/ros2_ws/build/examples_rclcpp_async_client' returned '0': CMAKE_PREFIX_PATH=/opt/ros/humble /usr/bin/cmake --build /home/paulo/ros2_ws/build/examples_rclcpp_async_client -- -j6 -l6
[15.987s] Invoking command in '/home/paulo/ros2_ws/build/examples_rclcpp_async_client': CMAKE_PREFIX_PATH=/opt/ros/humble /usr/bin/cmake --install /home/paulo/ros2_ws/build/examples_rclcpp_async_client
[16.007s] -- Install configuration: ""
[16.008s] -- Execute custom install script
[16.010s] -- Symlinking: /home/paulo/ros2_ws/install/examples_rclcpp_async_client/lib/examples_rclcpp_async_client/client_main
[16.037s] -- Symlinking: /home/paulo/ros2_ws/install/examples_rclcpp_async_client/share/ament_index/resource_index/package_run_dependencies/examples_rclcpp_async_client
[16.052s] -- Symlinking: /home/paulo/ros2_ws/install/examples_rclcpp_async_client/share/ament_index/resource_index/parent_prefix_path/examples_rclcpp_async_client
[16.076s] -- Symlinking: /home/paulo/ros2_ws/install/examples_rclcpp_async_client/share/examples_rclcpp_async_client/environment/ament_prefix_path.sh
[16.101s] -- Symlinking: /home/paulo/ros2_ws/install/examples_rclcpp_async_client/share/examples_rclcpp_async_client/environment/ament_prefix_path.dsv
[16.129s] -- Symlinking: /home/paulo/ros2_ws/install/examples_rclcpp_async_client/share/examples_rclcpp_async_client/environment/path.sh
[16.152s] -- Symlinking: /home/paulo/ros2_ws/install/examples_rclcpp_async_client/share/examples_rclcpp_async_client/environment/path.dsv
[16.174s] -- Symlinking: /home/paulo/ros2_ws/install/examples_rclcpp_async_client/share/examples_rclcpp_async_client/local_setup.bash
[16.198s] -- Symlinking: /home/paulo/ros2_ws/install/examples_rclcpp_async_client/share/examples_rclcpp_async_client/local_setup.sh
[16.219s] -- Symlinking: /home/paulo/ros2_ws/install/examples_rclcpp_async_client/share/examples_rclcpp_async_client/local_setup.zsh
[16.244s] -- Symlinking: /home/paulo/ros2_ws/install/examples_rclcpp_async_client/share/examples_rclcpp_async_client/local_setup.dsv
[16.263s] -- Symlinking: /home/paulo/ros2_ws/install/examples_rclcpp_async_client/share/examples_rclcpp_async_client/package.dsv
[16.287s] -- Symlinking: /home/paulo/ros2_ws/install/examples_rclcpp_async_client/share/ament_index/resource_index/packages/examples_rclcpp_async_client
[16.309s] -- Symlinking: /home/paulo/ros2_ws/install/examples_rclcpp_async_client/share/examples_rclcpp_async_client/cmake/examples_rclcpp_async_clientConfig.cmake
[16.320s] -- Symlinking: /home/paulo/ros2_ws/install/examples_rclcpp_async_client/share/examples_rclcpp_async_client/cmake/examples_rclcpp_async_clientConfig-version.cmake
[16.329s] -- Symlinking: /home/paulo/ros2_ws/install/examples_rclcpp_async_client/share/examples_rclcpp_async_client/package.xml
[16.346s] Invoked command in '/home/paulo/ros2_ws/build/examples_rclcpp_async_client' returned '0': CMAKE_PREFIX_PATH=/opt/ros/humble /usr/bin/cmake --install /home/paulo/ros2_ws/build/examples_rclcpp_async_client
