[0.009s] Invoking command in '/home/paulo/ros2_create_ws_ws/build/turtlesim': CMAKE_PREFIX_PATH=/opt/ros/humble /usr/bin/cmake /home/paulo/ros2_create_ws_ws/src/ros_tutorials/turtlesim -DCMAKE_INSTALL_PREFIX=/home/paulo/ros2_create_ws_ws/install/turtlesim
[0.112s] -- The C compiler identification is GNU 11.4.0
[0.212s] -- The CXX compiler identification is GNU 11.4.0
[0.223s] -- Detecting C compiler ABI info
[0.292s] -- Detecting C compiler ABI info - done
[0.303s] -- Check for working C compiler: /usr/bin/cc - skipped
[0.304s] -- Detecting C compile features
[0.304s] -- Detecting C compile features - done
[0.308s] -- Detecting CXX compiler ABI info
[0.388s] -- Detecting CXX compiler ABI info - done
[0.398s] -- Check for working CXX compiler: /usr/bin/c++ - skipped
[0.398s] -- Detecting CXX compile features
[0.399s] -- Detecting CXX compile features - done
[0.415s] -- Found ament_cmake: 1.3.10 (/opt/ros/humble/share/ament_cmake/cmake)
[0.558s] -- Found Python3: /usr/bin/python3 (found version "3.10.12") found components: Interpreter 
[0.653s] -- Found ament_index_cpp: 1.4.0 (/opt/ros/humble/share/ament_index_cpp/cmake)
[0.655s] -- Found geometry_msgs: 4.2.4 (/opt/ros/humble/share/geometry_msgs/cmake)
[0.704s] -- Found rosidl_generator_c: 3.1.5 (/opt/ros/humble/share/rosidl_generator_c/cmake)
[0.710s] -- Found rosidl_adapter: 3.1.5 (/opt/ros/humble/share/rosidl_adapter/cmake)
[0.720s] -- Found rosidl_generator_cpp: 3.1.5 (/opt/ros/humble/share/rosidl_generator_cpp/cmake)
[0.738s] -- Using all available rosidl_typesupport_c: rosidl_typesupport_fastrtps_c;rosidl_typesupport_introspection_c
[0.759s] -- Using all available rosidl_typesupport_cpp: rosidl_typesupport_fastrtps_cpp;rosidl_typesupport_introspection_cpp
[0.844s] -- Found rclcpp: 16.0.10 (/opt/ros/humble/share/rclcpp/cmake)
[0.895s] -- Found rmw_implementation_cmake: 6.1.2 (/opt/ros/humble/share/rmw_implementation_cmake/cmake)
[0.898s] -- Found rmw_fastrtps_cpp: 6.2.7 (/opt/ros/humble/share/rmw_fastrtps_cpp/cmake)
[0.992s] -- Found OpenSSL: /usr/lib/x86_64-linux-gnu/libcrypto.so (found version "3.0.2")  
[1.019s] -- Found FastRTPS: /opt/ros/humble/include  
[1.058s] -- Using RMW implementation 'rmw_fastrtps_cpp' as default
[1.070s] -- Looking for pthread.h
[1.144s] -- Looking for pthread.h - found
[1.145s] -- Performing Test CMAKE_HAVE_LIBC_PTHREAD
[1.224s] -- Performing Test CMAKE_HAVE_LIBC_PTHREAD - Success
[1.225s] -- Found Threads: TRUE  
[1.288s] -- Found rclcpp_action: 16.0.10 (/opt/ros/humble/share/rclcpp_action/cmake)
[1.340s] -- Found rosidl_default_generators: 1.2.0 (/opt/ros/humble/share/rosidl_default_generators/cmake)
[1.353s] -- Found std_srvs: 4.2.4 (/opt/ros/humble/share/std_srvs/cmake)
[1.730s] -- Found ament_cmake_ros: 0.10.0 (/opt/ros/humble/share/ament_cmake_ros/cmake)
[2.079s] -- Using all available rosidl_typesupport_c: rosidl_typesupport_fastrtps_c;rosidl_typesupport_introspection_c
[2.217s] -- Using all available rosidl_typesupport_cpp: rosidl_typesupport_fastrtps_cpp;rosidl_typesupport_introspection_cpp
[2.249s] -- Found PythonInterp: /usr/bin/python3 (found suitable version "3.10.12", minimum required is "3.6") 
[2.252s] -- Found python_cmake_module: 0.10.0 (/opt/ros/humble/share/python_cmake_module/cmake)
[2.279s] -- Found PythonLibs: /usr/lib/x86_64-linux-gnu/libpython3.10.so (found suitable version "3.10.12", minimum required is "3.5") 
[2.279s] -- Using PYTHON_EXECUTABLE: /usr/bin/python3
[2.279s] -- Using PYTHON_INCLUDE_DIRS: /usr/include/python3.10
[2.279s] -- Using PYTHON_LIBRARIES: /usr/lib/x86_64-linux-gnu/libpython3.10.so
[2.299s] -- Found PythonExtra: .so  
[2.360s] -- Configuring done
[2.430s] -- Generating done
[2.434s] -- Build files have been written to: /home/paulo/ros2_create_ws_ws/build/turtlesim
[2.447s] Invoked command in '/home/paulo/ros2_create_ws_ws/build/turtlesim' returned '0': CMAKE_PREFIX_PATH=/opt/ros/humble /usr/bin/cmake /home/paulo/ros2_create_ws_ws/src/ros_tutorials/turtlesim -DCMAKE_INSTALL_PREFIX=/home/paulo/ros2_create_ws_ws/install/turtlesim
[2.449s] Invoking command in '/home/paulo/ros2_create_ws_ws/build/turtlesim': CMAKE_PREFIX_PATH=/opt/ros/humble /usr/bin/cmake --build /home/paulo/ros2_create_ws_ws/build/turtlesim -- -j6 -l6
[2.488s] [  1%] [34m[1mGenerating C code for ROS interfaces[0m
[2.498s] [  2%] [34m[1mGenerating C++ code for ROS interfaces[0m
[2.500s] [  2%] Built target ament_cmake_python_copy_turtlesim
[2.757s] running egg_info
[2.758s] creating turtlesim.egg-info
[2.758s] writing turtlesim.egg-info/PKG-INFO
[2.758s] writing dependency_links to turtlesim.egg-info/dependency_links.txt
[2.758s] writing top-level names to turtlesim.egg-info/top_level.txt
[2.759s] writing manifest file 'turtlesim.egg-info/SOURCES.txt'
[2.761s] reading manifest file 'turtlesim.egg-info/SOURCES.txt'
[2.762s] writing manifest file 'turtlesim.egg-info/SOURCES.txt'
[2.787s] [  2%] Built target ament_cmake_python_build_turtlesim_egg
[3.773s] [  2%] Built target turtlesim__cpp
[3.790s] [  3%] [34m[1mGenerating C++ type support dispatch for ROS interfaces[0m
[3.793s] [  5%] [34m[1mGenerating C++ type support for eProsima Fast-RTPS[0m
[3.793s] [  5%] [34m[1mGenerating C++ introspection for ROS interfaces[0m
[3.837s] [  7%] [32mBuilding C object CMakeFiles/turtlesim__rosidl_generator_c.dir/rosidl_generator_c/turtlesim/msg/detail/pose__functions.c.o[0m
[3.837s] [  7%] [32mBuilding C object CMakeFiles/turtlesim__rosidl_generator_c.dir/rosidl_generator_c/turtlesim/action/detail/rotate_absolute__functions.c.o[0m
[3.841s] [  8%] [32mBuilding C object CMakeFiles/turtlesim__rosidl_generator_c.dir/rosidl_generator_c/turtlesim/msg/detail/color__functions.c.o[0m
[3.906s] [  9%] [32mBuilding C object CMakeFiles/turtlesim__rosidl_generator_c.dir/rosidl_generator_c/turtlesim/srv/detail/kill__functions.c.o[0m
[3.915s] [ 10%] [32mBuilding C object CMakeFiles/turtlesim__rosidl_generator_c.dir/rosidl_generator_c/turtlesim/srv/detail/set_pen__functions.c.o[0m
[3.983s] [ 11%] [32mBuilding C object CMakeFiles/turtlesim__rosidl_generator_c.dir/rosidl_generator_c/turtlesim/srv/detail/spawn__functions.c.o[0m
[3.986s] [ 12%] [32mBuilding C object CMakeFiles/turtlesim__rosidl_generator_c.dir/rosidl_generator_c/turtlesim/srv/detail/teleport_absolute__functions.c.o[0m
[4.006s] [ 13%] [32mBuilding C object CMakeFiles/turtlesim__rosidl_generator_c.dir/rosidl_generator_c/turtlesim/srv/detail/teleport_relative__functions.c.o[0m
[4.063s] [ 14%] [32m[1mLinking C shared library libturtlesim__rosidl_generator_c.so[0m
[4.119s] [ 14%] Built target turtlesim__rosidl_generator_c
[4.130s] [ 15%] [34m[1mGenerating C type support for eProsima Fast-RTPS[0m
[4.130s] [ 16%] [34m[1mGenerating C introspection for ROS interfaces[0m
[4.135s] [ 17%] [34m[1mGenerating C type support dispatch for ROS interfaces[0m
[4.587s] [ 18%] [32mBuilding CXX object CMakeFiles/turtlesim__rosidl_typesupport_cpp.dir/rosidl_typesupport_cpp/turtlesim/action/rotate_absolute__type_support.cpp.o[0m
[4.953s] [ 19%] [32mBuilding CXX object CMakeFiles/turtlesim__rosidl_typesupport_introspection_cpp.dir/rosidl_typesupport_introspection_cpp/turtlesim/action/detail/rotate_absolute__type_support.cpp.o[0m
[4.955s] [ 20%] [32mBuilding CXX object CMakeFiles/turtlesim__rosidl_typesupport_c.dir/rosidl_typesupport_c/turtlesim/action/rotate_absolute__type_support.cpp.o[0m
[5.029s] [ 21%] [32mBuilding CXX object CMakeFiles/turtlesim__rosidl_typesupport_c.dir/rosidl_typesupport_c/turtlesim/msg/color__type_support.cpp.o[0m
[5.063s] [ 22%] [32mBuilding CXX object CMakeFiles/turtlesim__rosidl_typesupport_c.dir/rosidl_typesupport_c/turtlesim/msg/pose__type_support.cpp.o[0m
[5.091s] [ 23%] [32mBuilding CXX object CMakeFiles/turtlesim__rosidl_typesupport_c.dir/rosidl_typesupport_c/turtlesim/srv/kill__type_support.cpp.o[0m
[5.123s] [ 24%] [32mBuilding CXX object CMakeFiles/turtlesim__rosidl_typesupport_c.dir/rosidl_typesupport_c/turtlesim/srv/set_pen__type_support.cpp.o[0m
[5.125s] [ 25%] [32mBuilding CXX object CMakeFiles/turtlesim__rosidl_typesupport_cpp.dir/rosidl_typesupport_cpp/turtlesim/msg/color__type_support.cpp.o[0m
[5.155s] [ 26%] [32mBuilding CXX object CMakeFiles/turtlesim__rosidl_typesupport_c.dir/rosidl_typesupport_c/turtlesim/srv/spawn__type_support.cpp.o[0m
[5.171s] [ 27%] [32mBuilding CXX object CMakeFiles/turtlesim__rosidl_typesupport_fastrtps_cpp.dir/rosidl_typesupport_fastrtps_cpp/turtlesim/action/detail/dds_fastrtps/rotate_absolute__type_support.cpp.o[0m
[5.185s] [ 28%] [32mBuilding CXX object CMakeFiles/turtlesim__rosidl_typesupport_c.dir/rosidl_typesupport_c/turtlesim/srv/teleport_absolute__type_support.cpp.o[0m
[5.217s] [ 29%] [32mBuilding CXX object CMakeFiles/turtlesim__rosidl_typesupport_c.dir/rosidl_typesupport_c/turtlesim/srv/teleport_relative__type_support.cpp.o[0m
[5.246s] [ 30%] [32m[1mLinking CXX shared library libturtlesim__rosidl_typesupport_c.so[0m
[5.300s] [ 30%] Built target turtlesim__rosidl_typesupport_c
[5.304s] [ 31%] [32mBuilding C object CMakeFiles/turtlesim__rosidl_typesupport_introspection_c.dir/rosidl_typesupport_introspection_c/turtlesim/action/detail/rotate_absolute__type_support.c.o[0m
[5.309s] [ 32%] [32mBuilding C object CMakeFiles/turtlesim__rosidl_typesupport_introspection_c.dir/rosidl_typesupport_introspection_c/turtlesim/msg/detail/color__type_support.c.o[0m
[5.339s] [ 33%] [32mBuilding CXX object CMakeFiles/turtlesim__rosidl_typesupport_fastrtps_c.dir/rosidl_typesupport_fastrtps_c/turtlesim/action/detail/rotate_absolute__type_support_c.cpp.o[0m
[5.345s] [ 34%] [32mBuilding C object CMakeFiles/turtlesim__rosidl_typesupport_introspection_c.dir/rosidl_typesupport_introspection_c/turtlesim/msg/detail/pose__type_support.c.o[0m
[5.354s] [ 35%] [32mBuilding CXX object CMakeFiles/turtlesim__rosidl_typesupport_fastrtps_c.dir/rosidl_typesupport_fastrtps_c/turtlesim/msg/detail/color__type_support_c.cpp.o[0m
[5.387s] [ 36%] [32mBuilding C object CMakeFiles/turtlesim__rosidl_typesupport_introspection_c.dir/rosidl_typesupport_introspection_c/turtlesim/srv/detail/kill__type_support.c.o[0m
[5.397s] [ 37%] [32mBuilding CXX object CMakeFiles/turtlesim__rosidl_typesupport_cpp.dir/rosidl_typesupport_cpp/turtlesim/msg/pose__type_support.cpp.o[0m
[5.431s] [ 38%] [32mBuilding C object CMakeFiles/turtlesim__rosidl_typesupport_introspection_c.dir/rosidl_typesupport_introspection_c/turtlesim/srv/detail/set_pen__type_support.c.o[0m
[5.471s] [ 39%] [32mBuilding C object CMakeFiles/turtlesim__rosidl_typesupport_introspection_c.dir/rosidl_typesupport_introspection_c/turtlesim/srv/detail/spawn__type_support.c.o[0m
[5.517s] [ 40%] [32mBuilding C object CMakeFiles/turtlesim__rosidl_typesupport_introspection_c.dir/rosidl_typesupport_introspection_c/turtlesim/srv/detail/teleport_absolute__type_support.c.o[0m
[5.562s] [ 41%] [32mBuilding C object CMakeFiles/turtlesim__rosidl_typesupport_introspection_c.dir/rosidl_typesupport_introspection_c/turtlesim/srv/detail/teleport_relative__type_support.c.o[0m
[5.577s] [ 42%] [32mBuilding CXX object CMakeFiles/turtlesim__rosidl_typesupport_introspection_cpp.dir/rosidl_typesupport_introspection_cpp/turtlesim/msg/detail/color__type_support.cpp.o[0m
[5.597s] [ 43%] [32m[1mLinking C shared library libturtlesim__rosidl_typesupport_introspection_c.so[0m
[5.647s] [ 43%] Built target turtlesim__rosidl_typesupport_introspection_c
[5.652s] [ 44%] [32mBuilding CXX object CMakeFiles/turtlesim__rosidl_typesupport_cpp.dir/rosidl_typesupport_cpp/turtlesim/srv/kill__type_support.cpp.o[0m
[5.656s] [ 45%] [32mBuilding CXX object CMakeFiles/turtlesim__rosidl_typesupport_fastrtps_cpp.dir/rosidl_typesupport_fastrtps_cpp/turtlesim/msg/detail/dds_fastrtps/color__type_support.cpp.o[0m
[5.688s] [ 46%] [32mBuilding CXX object CMakeFiles/turtlesim__rosidl_typesupport_fastrtps_cpp.dir/rosidl_typesupport_fastrtps_cpp/turtlesim/msg/detail/dds_fastrtps/pose__type_support.cpp.o[0m
[5.734s] [ 47%] [32mBuilding CXX object CMakeFiles/turtlesim__rosidl_typesupport_fastrtps_c.dir/rosidl_typesupport_fastrtps_c/turtlesim/msg/detail/pose__type_support_c.cpp.o[0m
[5.799s] [ 48%] [32mBuilding CXX object CMakeFiles/turtlesim__rosidl_typesupport_introspection_cpp.dir/rosidl_typesupport_introspection_cpp/turtlesim/msg/detail/pose__type_support.cpp.o[0m
[5.896s] [ 49%] [32mBuilding CXX object CMakeFiles/turtlesim__rosidl_typesupport_cpp.dir/rosidl_typesupport_cpp/turtlesim/srv/set_pen__type_support.cpp.o[0m
[5.920s] [ 50%] [32mBuilding CXX object CMakeFiles/turtlesim__rosidl_typesupport_fastrtps_cpp.dir/rosidl_typesupport_fastrtps_cpp/turtlesim/srv/detail/dds_fastrtps/kill__type_support.cpp.o[0m
[6.031s] [ 51%] [32mBuilding CXX object CMakeFiles/turtlesim__rosidl_typesupport_introspection_cpp.dir/rosidl_typesupport_introspection_cpp/turtlesim/srv/detail/kill__type_support.cpp.o[0m
[6.058s] [ 52%] [32mBuilding CXX object CMakeFiles/turtlesim__rosidl_typesupport_fastrtps_c.dir/rosidl_typesupport_fastrtps_c/turtlesim/srv/detail/kill__type_support_c.cpp.o[0m
[6.060s] [ 53%] [32mBuilding CXX object CMakeFiles/turtlesim__rosidl_typesupport_fastrtps_c.dir/rosidl_typesupport_fastrtps_c/turtlesim/srv/detail/set_pen__type_support_c.cpp.o[0m
[6.145s] [ 54%] [32mBuilding CXX object CMakeFiles/turtlesim__rosidl_typesupport_cpp.dir/rosidl_typesupport_cpp/turtlesim/srv/spawn__type_support.cpp.o[0m
[6.170s] [ 55%] [32mBuilding CXX object CMakeFiles/turtlesim__rosidl_typesupport_cpp.dir/rosidl_typesupport_cpp/turtlesim/srv/teleport_absolute__type_support.cpp.o[0m
[6.286s] [ 56%] [32mBuilding CXX object CMakeFiles/turtlesim__rosidl_typesupport_fastrtps_cpp.dir/rosidl_typesupport_fastrtps_cpp/turtlesim/srv/detail/dds_fastrtps/set_pen__type_support.cpp.o[0m
[6.390s] [ 57%] [32mBuilding CXX object CMakeFiles/turtlesim__rosidl_typesupport_introspection_cpp.dir/rosidl_typesupport_introspection_cpp/turtlesim/srv/detail/set_pen__type_support.cpp.o[0m
[6.395s] [ 58%] [32mBuilding CXX object CMakeFiles/turtlesim__rosidl_typesupport_introspection_cpp.dir/rosidl_typesupport_introspection_cpp/turtlesim/srv/detail/spawn__type_support.cpp.o[0m
[6.402s] [ 59%] [32mBuilding CXX object CMakeFiles/turtlesim__rosidl_typesupport_fastrtps_c.dir/rosidl_typesupport_fastrtps_c/turtlesim/srv/detail/spawn__type_support_c.cpp.o[0m
[6.407s] [ 60%] [32mBuilding CXX object CMakeFiles/turtlesim__rosidl_typesupport_fastrtps_cpp.dir/rosidl_typesupport_fastrtps_cpp/turtlesim/srv/detail/dds_fastrtps/spawn__type_support.cpp.o[0m
[6.430s] [ 61%] [32mBuilding CXX object CMakeFiles/turtlesim__rosidl_typesupport_cpp.dir/rosidl_typesupport_cpp/turtlesim/srv/teleport_relative__type_support.cpp.o[0m
[6.654s] [ 62%] [32mBuilding CXX object CMakeFiles/turtlesim__rosidl_typesupport_introspection_cpp.dir/rosidl_typesupport_introspection_cpp/turtlesim/srv/detail/teleport_absolute__type_support.cpp.o[0m
[6.672s] [ 63%] [32m[1mLinking CXX shared library libturtlesim__rosidl_typesupport_cpp.so[0m
[6.731s] [ 63%] Built target turtlesim__rosidl_typesupport_cpp
[6.740s] [ 64%] [32mBuilding CXX object CMakeFiles/turtlesim__rosidl_typesupport_fastrtps_c.dir/rosidl_typesupport_fastrtps_c/turtlesim/srv/detail/teleport_absolute__type_support_c.cpp.o[0m
[6.743s] [ 65%] [32mBuilding CXX object CMakeFiles/turtlesim__rosidl_typesupport_introspection_cpp.dir/rosidl_typesupport_introspection_cpp/turtlesim/srv/detail/teleport_relative__type_support.cpp.o[0m
[6.745s] [ 66%] [32mBuilding CXX object CMakeFiles/turtlesim__rosidl_typesupport_fastrtps_cpp.dir/rosidl_typesupport_fastrtps_cpp/turtlesim/srv/detail/dds_fastrtps/teleport_absolute__type_support.cpp.o[0m
[6.751s] [ 67%] [34m[1mGenerating include/turtlesim/moc_turtle_frame.cpp[0m
[6.803s] [ 68%] [32mBuilding CXX object CMakeFiles/turtle_teleop_key.dir/tutorials/teleop_turtle_key.cpp.o[0m
[6.869s] [ 69%] [32mBuilding CXX object CMakeFiles/turtlesim_node.dir/src/turtlesim.cpp.o[0m
[7.003s] [ 70%] [32mBuilding CXX object CMakeFiles/turtlesim_node.dir/src/turtle.cpp.o[0m
[7.067s] [ 71%] [32mBuilding CXX object CMakeFiles/turtlesim__rosidl_typesupport_fastrtps_c.dir/rosidl_typesupport_fastrtps_c/turtlesim/srv/detail/teleport_relative__type_support_c.cpp.o[0m
[7.101s] [ 72%] [32m[1mLinking CXX shared library libturtlesim__rosidl_typesupport_introspection_cpp.so[0m
[7.129s] [ 73%] [32mBuilding CXX object CMakeFiles/turtlesim__rosidl_typesupport_fastrtps_cpp.dir/rosidl_typesupport_fastrtps_cpp/turtlesim/srv/detail/dds_fastrtps/teleport_relative__type_support.cpp.o[0m
[7.187s] [ 73%] Built target turtlesim__rosidl_typesupport_introspection_cpp
[7.196s] [ 74%] [32mBuilding CXX object CMakeFiles/turtlesim_node.dir/src/turtle_frame.cpp.o[0m
[7.385s] [ 75%] [32m[1mLinking CXX shared library libturtlesim__rosidl_typesupport_fastrtps_c.so[0m
[7.488s] [ 75%] Built target turtlesim__rosidl_typesupport_fastrtps_c
[7.495s] [ 76%] [32mBuilding CXX object CMakeFiles/turtlesim_node.dir/include/turtlesim/moc_turtle_frame.cpp.o[0m
[7.511s] [ 77%] [32m[1mLinking CXX shared library libturtlesim__rosidl_typesupport_fastrtps_cpp.so[0m
[7.615s] [ 77%] Built target turtlesim__rosidl_typesupport_fastrtps_cpp
[7.638s] [ 78%] [32mBuilding CXX object CMakeFiles/draw_square.dir/tutorials/draw_square.cpp.o[0m
[12.094s] [ 79%] [32mBuilding CXX object CMakeFiles/mimic.dir/tutorials/mimic.cpp.o[0m
[13.656s] [ 80%] [32m[1mLinking CXX executable turtle_teleop_key[0m
[13.989s] [ 80%] Built target turtle_teleop_key
[14.013s] [ 80%] Built target turtlesim
[14.036s] [ 81%] [34m[1mGenerating Python code for ROS interfaces[0m
[16.591s] [ 81%] Built target turtlesim__py
[16.618s] [ 83%] [32mBuilding C object CMakeFiles/turtlesim__rosidl_generator_py.dir/rosidl_generator_py/turtlesim/msg/_color_s.c.o[0m
[16.620s] [ 83%] [32mBuilding C object CMakeFiles/turtlesim__rosidl_generator_py.dir/rosidl_generator_py/turtlesim/action/_rotate_absolute_s.c.o[0m
[16.818s] [ 84%] [32mBuilding C object CMakeFiles/turtlesim__rosidl_generator_py.dir/rosidl_generator_py/turtlesim/msg/_pose_s.c.o[0m
[16.860s] [ 85%] [32mBuilding C object CMakeFiles/turtlesim__rosidl_generator_py.dir/rosidl_generator_py/turtlesim/srv/_kill_s.c.o[0m
[16.953s] [ 86%] [32mBuilding C object CMakeFiles/turtlesim__rosidl_generator_py.dir/rosidl_generator_py/turtlesim/srv/_set_pen_s.c.o[0m
[16.974s] [ 87%] [32mBuilding C object CMakeFiles/turtlesim__rosidl_generator_py.dir/rosidl_generator_py/turtlesim/srv/_spawn_s.c.o[0m
[17.095s] [ 88%] [32mBuilding C object CMakeFiles/turtlesim__rosidl_generator_py.dir/rosidl_generator_py/turtlesim/srv/_teleport_absolute_s.c.o[0m
[17.102s] [ 89%] [32mBuilding C object CMakeFiles/turtlesim__rosidl_generator_py.dir/rosidl_generator_py/turtlesim/srv/_teleport_relative_s.c.o[0m
[17.237s] [ 90%] [32m[1mLinking C shared library rosidl_generator_py/turtlesim/libturtlesim__rosidl_generator_py.so[0m
[17.293s] [ 90%] Built target turtlesim__rosidl_generator_py
[17.318s] [ 91%] [32mBuilding C object CMakeFiles/turtlesim__rosidl_typesupport_introspection_c__pyext.dir/rosidl_generator_py/turtlesim/_turtlesim_s.ep.rosidl_typesupport_introspection_c.c.o[0m
[17.323s] [ 92%] [32mBuilding C object CMakeFiles/turtlesim__rosidl_typesupport_fastrtps_c__pyext.dir/rosidl_generator_py/turtlesim/_turtlesim_s.ep.rosidl_typesupport_fastrtps_c.c.o[0m
[17.509s] [ 93%] [32m[1mLinking C shared library rosidl_generator_py/turtlesim/turtlesim_s__rosidl_typesupport_introspection_c.cpython-310-x86_64-linux-gnu.so[0m
[17.514s] [ 94%] [32m[1mLinking C shared library rosidl_generator_py/turtlesim/turtlesim_s__rosidl_typesupport_fastrtps_c.cpython-310-x86_64-linux-gnu.so[0m
[17.574s] [ 94%] Built target turtlesim__rosidl_typesupport_introspection_c__pyext
[17.578s] [ 94%] Built target turtlesim__rosidl_typesupport_fastrtps_c__pyext
[17.587s] [ 95%] [32m[1mLinking CXX executable draw_square[0m
[17.593s] [ 96%] [32mBuilding C object CMakeFiles/turtlesim__rosidl_typesupport_c__pyext.dir/rosidl_generator_py/turtlesim/_turtlesim_s.ep.rosidl_typesupport_c.c.o[0m
[17.778s] [ 97%] [32m[1mLinking C shared library rosidl_generator_py/turtlesim/turtlesim_s__rosidl_typesupport_c.cpython-310-x86_64-linux-gnu.so[0m
[17.826s] [ 97%] Built target turtlesim__rosidl_typesupport_c__pyext
[18.087s] [ 97%] Built target draw_square
[20.241s] [ 98%] [32m[1mLinking CXX executable turtlesim_node[0m
[20.306s] [100%] [32m[1mLinking CXX executable mimic[0m
[20.708s] [100%] Built target mimic
[22.671s] [100%] Built target turtlesim_node
[22.683s] Invoked command in '/home/paulo/ros2_create_ws_ws/build/turtlesim' returned '0': CMAKE_PREFIX_PATH=/opt/ros/humble /usr/bin/cmake --build /home/paulo/ros2_create_ws_ws/build/turtlesim -- -j6 -l6
[22.876s] Invoking command in '/home/paulo/ros2_create_ws_ws/build/turtlesim': CMAKE_PREFIX_PATH=/opt/ros/humble /usr/bin/cmake --install /home/paulo/ros2_create_ws_ws/build/turtlesim
[22.882s] -- Install configuration: ""
[22.882s] -- Installing: /home/paulo/ros2_create_ws_ws/install/turtlesim/share/ament_index/resource_index/rosidl_interfaces/turtlesim
[22.883s] -- Installing: /home/paulo/ros2_create_ws_ws/install/turtlesim/include/turtlesim/turtlesim
[22.883s] -- Installing: /home/paulo/ros2_create_ws_ws/install/turtlesim/include/turtlesim/turtlesim/msg
[22.883s] -- Installing: /home/paulo/ros2_create_ws_ws/install/turtlesim/include/turtlesim/turtlesim/msg/color.h
[22.883s] -- Installing: /home/paulo/ros2_create_ws_ws/install/turtlesim/include/turtlesim/turtlesim/msg/detail
[22.883s] -- Installing: /home/paulo/ros2_create_ws_ws/install/turtlesim/include/turtlesim/turtlesim/msg/detail/color__functions.c
[22.883s] -- Installing: /home/paulo/ros2_create_ws_ws/install/turtlesim/include/turtlesim/turtlesim/msg/detail/pose__struct.h
[22.883s] -- Installing: /home/paulo/ros2_create_ws_ws/install/turtlesim/include/turtlesim/turtlesim/msg/detail/color__struct.h
[22.884s] -- Installing: /home/paulo/ros2_create_ws_ws/install/turtlesim/include/turtlesim/turtlesim/msg/detail/pose__type_support.h
[22.884s] -- Installing: /home/paulo/ros2_create_ws_ws/install/turtlesim/include/turtlesim/turtlesim/msg/detail/pose__functions.c
[22.884s] -- Installing: /home/paulo/ros2_create_ws_ws/install/turtlesim/include/turtlesim/turtlesim/msg/detail/color__type_support.h
[22.884s] -- Installing: /home/paulo/ros2_create_ws_ws/install/turtlesim/include/turtlesim/turtlesim/msg/detail/pose__functions.h
[22.884s] -- Installing: /home/paulo/ros2_create_ws_ws/install/turtlesim/include/turtlesim/turtlesim/msg/detail/color__functions.h
[22.884s] -- Installing: /home/paulo/ros2_create_ws_ws/install/turtlesim/include/turtlesim/turtlesim/msg/pose.h
[22.884s] -- Installing: /home/paulo/ros2_create_ws_ws/install/turtlesim/include/turtlesim/turtlesim/msg/rosidl_generator_c__visibility_control.h
[22.884s] -- Installing: /home/paulo/ros2_create_ws_ws/install/turtlesim/include/turtlesim/turtlesim/srv
[22.885s] -- Installing: /home/paulo/ros2_create_ws_ws/install/turtlesim/include/turtlesim/turtlesim/srv/teleport_relative.h
[22.885s] -- Installing: /home/paulo/ros2_create_ws_ws/install/turtlesim/include/turtlesim/turtlesim/srv/kill.h
[22.885s] -- Installing: /home/paulo/ros2_create_ws_ws/install/turtlesim/include/turtlesim/turtlesim/srv/teleport_absolute.h
[22.885s] -- Installing: /home/paulo/ros2_create_ws_ws/install/turtlesim/include/turtlesim/turtlesim/srv/detail
[22.885s] -- Installing: /home/paulo/ros2_create_ws_ws/install/turtlesim/include/turtlesim/turtlesim/srv/detail/teleport_relative__type_support.h
[22.885s] -- Installing: /home/paulo/ros2_create_ws_ws/install/turtlesim/include/turtlesim/turtlesim/srv/detail/kill__functions.c
[22.885s] -- Installing: /home/paulo/ros2_create_ws_ws/install/turtlesim/include/turtlesim/turtlesim/srv/detail/set_pen__struct.h
[22.885s] -- Installing: /home/paulo/ros2_create_ws_ws/install/turtlesim/include/turtlesim/turtlesim/srv/detail/teleport_relative__functions.h
[22.885s] -- Installing: /home/paulo/ros2_create_ws_ws/install/turtlesim/include/turtlesim/turtlesim/srv/detail/spawn__struct.h
[22.886s] -- Installing: /home/paulo/ros2_create_ws_ws/install/turtlesim/include/turtlesim/turtlesim/srv/detail/teleport_absolute__type_support.h
[22.886s] -- Installing: /home/paulo/ros2_create_ws_ws/install/turtlesim/include/turtlesim/turtlesim/srv/detail/teleport_relative__functions.c
[22.886s] -- Installing: /home/paulo/ros2_create_ws_ws/install/turtlesim/include/turtlesim/turtlesim/srv/detail/teleport_absolute__functions.h
[22.886s] -- Installing: /home/paulo/ros2_create_ws_ws/install/turtlesim/include/turtlesim/turtlesim/srv/detail/set_pen__functions.h
[22.886s] -- Installing: /home/paulo/ros2_create_ws_ws/install/turtlesim/include/turtlesim/turtlesim/srv/detail/teleport_absolute__struct.h
[22.886s] -- Installing: /home/paulo/ros2_create_ws_ws/install/turtlesim/include/turtlesim/turtlesim/srv/detail/teleport_relative__struct.h
[22.886s] -- Installing: /home/paulo/ros2_create_ws_ws/install/turtlesim/include/turtlesim/turtlesim/srv/detail/kill__type_support.h
[22.886s] -- Installing: /home/paulo/ros2_create_ws_ws/install/turtlesim/include/turtlesim/turtlesim/srv/detail/kill__struct.h
[22.886s] -- Installing: /home/paulo/ros2_create_ws_ws/install/turtlesim/include/turtlesim/turtlesim/srv/detail/teleport_absolute__functions.c
[22.887s] -- Installing: /home/paulo/ros2_create_ws_ws/install/turtlesim/include/turtlesim/turtlesim/srv/detail/kill__functions.h
[22.887s] -- Installing: /home/paulo/ros2_create_ws_ws/install/turtlesim/include/turtlesim/turtlesim/srv/detail/set_pen__type_support.h
[22.887s] -- Installing: /home/paulo/ros2_create_ws_ws/install/turtlesim/include/turtlesim/turtlesim/srv/detail/spawn__functions.h
[22.887s] -- Installing: /home/paulo/ros2_create_ws_ws/install/turtlesim/include/turtlesim/turtlesim/srv/detail/spawn__type_support.h
[22.887s] -- Installing: /home/paulo/ros2_create_ws_ws/install/turtlesim/include/turtlesim/turtlesim/srv/detail/set_pen__functions.c
[22.887s] -- Installing: /home/paulo/ros2_create_ws_ws/install/turtlesim/include/turtlesim/turtlesim/srv/detail/spawn__functions.c
[22.887s] -- Installing: /home/paulo/ros2_create_ws_ws/install/turtlesim/include/turtlesim/turtlesim/srv/set_pen.h
[22.888s] -- Installing: /home/paulo/ros2_create_ws_ws/install/turtlesim/include/turtlesim/turtlesim/srv/spawn.h
[22.888s] -- Installing: /home/paulo/ros2_create_ws_ws/install/turtlesim/include/turtlesim/turtlesim/action
[22.888s] -- Installing: /home/paulo/ros2_create_ws_ws/install/turtlesim/include/turtlesim/turtlesim/action/detail
[22.888s] -- Installing: /home/paulo/ros2_create_ws_ws/install/turtlesim/include/turtlesim/turtlesim/action/detail/rotate_absolute__functions.h
[22.888s] -- Installing: /home/paulo/ros2_create_ws_ws/install/turtlesim/include/turtlesim/turtlesim/action/detail/rotate_absolute__type_support.h
[22.888s] -- Installing: /home/paulo/ros2_create_ws_ws/install/turtlesim/include/turtlesim/turtlesim/action/detail/rotate_absolute__struct.h
[22.888s] -- Installing: /home/paulo/ros2_create_ws_ws/install/turtlesim/include/turtlesim/turtlesim/action/detail/rotate_absolute__functions.c
[22.889s] -- Installing: /home/paulo/ros2_create_ws_ws/install/turtlesim/include/turtlesim/turtlesim/action/rotate_absolute.h
[22.889s] -- Installing: /home/paulo/ros2_create_ws_ws/install/turtlesim/share/turtlesim/environment/library_path.sh
[22.889s] -- Installing: /home/paulo/ros2_create_ws_ws/install/turtlesim/share/turtlesim/environment/library_path.dsv
[22.889s] -- Installing: /home/paulo/ros2_create_ws_ws/install/turtlesim/lib/libturtlesim__rosidl_generator_c.so
[22.890s] -- Set runtime path of "/home/paulo/ros2_create_ws_ws/install/turtlesim/lib/libturtlesim__rosidl_generator_c.so" to ""
[22.890s] -- Up-to-date: /home/paulo/ros2_create_ws_ws/install/turtlesim/include/turtlesim/turtlesim
[22.890s] -- Up-to-date: /home/paulo/ros2_create_ws_ws/install/turtlesim/include/turtlesim/turtlesim/msg
[22.890s] -- Up-to-date: /home/paulo/ros2_create_ws_ws/install/turtlesim/include/turtlesim/turtlesim/msg/detail
[22.890s] -- Installing: /home/paulo/ros2_create_ws_ws/install/turtlesim/include/turtlesim/turtlesim/msg/detail/pose__rosidl_typesupport_fastrtps_c.h
[22.890s] -- Installing: /home/paulo/ros2_create_ws_ws/install/turtlesim/include/turtlesim/turtlesim/msg/detail/color__rosidl_typesupport_fastrtps_c.h
[22.890s] -- Installing: /home/paulo/ros2_create_ws_ws/install/turtlesim/include/turtlesim/turtlesim/msg/rosidl_typesupport_fastrtps_c__visibility_control.h
[22.890s] -- Up-to-date: /home/paulo/ros2_create_ws_ws/install/turtlesim/include/turtlesim/turtlesim/srv
[22.890s] -- Up-to-date: /home/paulo/ros2_create_ws_ws/install/turtlesim/include/turtlesim/turtlesim/srv/detail
[22.891s] -- Installing: /home/paulo/ros2_create_ws_ws/install/turtlesim/include/turtlesim/turtlesim/srv/detail/set_pen__rosidl_typesupport_fastrtps_c.h
[22.891s] -- Installing: /home/paulo/ros2_create_ws_ws/install/turtlesim/include/turtlesim/turtlesim/srv/detail/spawn__rosidl_typesupport_fastrtps_c.h
[22.891s] -- Installing: /home/paulo/ros2_create_ws_ws/install/turtlesim/include/turtlesim/turtlesim/srv/detail/teleport_absolute__rosidl_typesupport_fastrtps_c.h
[22.891s] -- Installing: /home/paulo/ros2_create_ws_ws/install/turtlesim/include/turtlesim/turtlesim/srv/detail/kill__rosidl_typesupport_fastrtps_c.h
[22.891s] -- Installing: /home/paulo/ros2_create_ws_ws/install/turtlesim/include/turtlesim/turtlesim/srv/detail/teleport_relative__rosidl_typesupport_fastrtps_c.h
[22.891s] -- Up-to-date: /home/paulo/ros2_create_ws_ws/install/turtlesim/include/turtlesim/turtlesim/action
[22.891s] -- Up-to-date: /home/paulo/ros2_create_ws_ws/install/turtlesim/include/turtlesim/turtlesim/action/detail
[22.891s] -- Installing: /home/paulo/ros2_create_ws_ws/install/turtlesim/include/turtlesim/turtlesim/action/detail/rotate_absolute__rosidl_typesupport_fastrtps_c.h
[22.891s] -- Installing: /home/paulo/ros2_create_ws_ws/install/turtlesim/lib/libturtlesim__rosidl_typesupport_fastrtps_c.so
[22.891s] -- Set runtime path of "/home/paulo/ros2_create_ws_ws/install/turtlesim/lib/libturtlesim__rosidl_typesupport_fastrtps_c.so" to ""
[22.892s] -- Up-to-date: /home/paulo/ros2_create_ws_ws/install/turtlesim/include/turtlesim/turtlesim
[22.892s] -- Up-to-date: /home/paulo/ros2_create_ws_ws/install/turtlesim/include/turtlesim/turtlesim/msg
[22.892s] -- Up-to-date: /home/paulo/ros2_create_ws_ws/install/turtlesim/include/turtlesim/turtlesim/msg/detail
[22.892s] -- Installing: /home/paulo/ros2_create_ws_ws/install/turtlesim/include/turtlesim/turtlesim/msg/detail/color__builder.hpp
[22.892s] -- Installing: /home/paulo/ros2_create_ws_ws/install/turtlesim/include/turtlesim/turtlesim/msg/detail/pose__traits.hpp
[22.892s] -- Installing: /home/paulo/ros2_create_ws_ws/install/turtlesim/include/turtlesim/turtlesim/msg/detail/color__traits.hpp
[22.892s] -- Installing: /home/paulo/ros2_create_ws_ws/install/turtlesim/include/turtlesim/turtlesim/msg/detail/color__struct.hpp
[22.892s] -- Installing: /home/paulo/ros2_create_ws_ws/install/turtlesim/include/turtlesim/turtlesim/msg/detail/pose__builder.hpp
[22.892s] -- Installing: /home/paulo/ros2_create_ws_ws/install/turtlesim/include/turtlesim/turtlesim/msg/detail/pose__struct.hpp
[22.893s] -- Installing: /home/paulo/ros2_create_ws_ws/install/turtlesim/include/turtlesim/turtlesim/msg/pose.hpp
[22.893s] -- Installing: /home/paulo/ros2_create_ws_ws/install/turtlesim/include/turtlesim/turtlesim/msg/color.hpp
[22.893s] -- Up-to-date: /home/paulo/ros2_create_ws_ws/install/turtlesim/include/turtlesim/turtlesim/srv
[22.893s] -- Installing: /home/paulo/ros2_create_ws_ws/install/turtlesim/include/turtlesim/turtlesim/srv/spawn.hpp
[22.893s] -- Installing: /home/paulo/ros2_create_ws_ws/install/turtlesim/include/turtlesim/turtlesim/srv/kill.hpp
[22.893s] -- Up-to-date: /home/paulo/ros2_create_ws_ws/install/turtlesim/include/turtlesim/turtlesim/srv/detail
[22.893s] -- Installing: /home/paulo/ros2_create_ws_ws/install/turtlesim/include/turtlesim/turtlesim/srv/detail/spawn__traits.hpp
[22.893s] -- Installing: /home/paulo/ros2_create_ws_ws/install/turtlesim/include/turtlesim/turtlesim/srv/detail/kill__struct.hpp
[22.893s] -- Installing: /home/paulo/ros2_create_ws_ws/install/turtlesim/include/turtlesim/turtlesim/srv/detail/teleport_absolute__traits.hpp
[22.893s] -- Installing: /home/paulo/ros2_create_ws_ws/install/turtlesim/include/turtlesim/turtlesim/srv/detail/set_pen__struct.hpp
[22.893s] -- Installing: /home/paulo/ros2_create_ws_ws/install/turtlesim/include/turtlesim/turtlesim/srv/detail/teleport_relative__struct.hpp
[22.894s] -- Installing: /home/paulo/ros2_create_ws_ws/install/turtlesim/include/turtlesim/turtlesim/srv/detail/teleport_relative__builder.hpp
[22.894s] -- Installing: /home/paulo/ros2_create_ws_ws/install/turtlesim/include/turtlesim/turtlesim/srv/detail/teleport_relative__traits.hpp
[22.894s] -- Installing: /home/paulo/ros2_create_ws_ws/install/turtlesim/include/turtlesim/turtlesim/srv/detail/teleport_absolute__struct.hpp
[22.894s] -- Installing: /home/paulo/ros2_create_ws_ws/install/turtlesim/include/turtlesim/turtlesim/srv/detail/set_pen__builder.hpp
[22.894s] -- Installing: /home/paulo/ros2_create_ws_ws/install/turtlesim/include/turtlesim/turtlesim/srv/detail/set_pen__traits.hpp
[22.894s] -- Installing: /home/paulo/ros2_create_ws_ws/install/turtlesim/include/turtlesim/turtlesim/srv/detail/teleport_absolute__builder.hpp
[22.894s] -- Installing: /home/paulo/ros2_create_ws_ws/install/turtlesim/include/turtlesim/turtlesim/srv/detail/spawn__struct.hpp
[22.894s] -- Installing: /home/paulo/ros2_create_ws_ws/install/turtlesim/include/turtlesim/turtlesim/srv/detail/spawn__builder.hpp
[22.894s] -- Installing: /home/paulo/ros2_create_ws_ws/install/turtlesim/include/turtlesim/turtlesim/srv/detail/kill__builder.hpp
[22.894s] -- Installing: /home/paulo/ros2_create_ws_ws/install/turtlesim/include/turtlesim/turtlesim/srv/detail/kill__traits.hpp
[22.895s] -- Installing: /home/paulo/ros2_create_ws_ws/install/turtlesim/include/turtlesim/turtlesim/srv/teleport_relative.hpp
[22.895s] -- Installing: /home/paulo/ros2_create_ws_ws/install/turtlesim/include/turtlesim/turtlesim/srv/set_pen.hpp
[22.895s] -- Installing: /home/paulo/ros2_create_ws_ws/install/turtlesim/include/turtlesim/turtlesim/srv/teleport_absolute.hpp
[22.895s] -- Up-to-date: /home/paulo/ros2_create_ws_ws/install/turtlesim/include/turtlesim/turtlesim/action
[22.895s] -- Up-to-date: /home/paulo/ros2_create_ws_ws/install/turtlesim/include/turtlesim/turtlesim/action/detail
[22.895s] -- Installing: /home/paulo/ros2_create_ws_ws/install/turtlesim/include/turtlesim/turtlesim/action/detail/rotate_absolute__traits.hpp
[22.895s] -- Installing: /home/paulo/ros2_create_ws_ws/install/turtlesim/include/turtlesim/turtlesim/action/detail/rotate_absolute__struct.hpp
[22.895s] -- Installing: /home/paulo/ros2_create_ws_ws/install/turtlesim/include/turtlesim/turtlesim/action/detail/rotate_absolute__builder.hpp
[22.895s] -- Installing: /home/paulo/ros2_create_ws_ws/install/turtlesim/include/turtlesim/turtlesim/action/rotate_absolute.hpp
[22.896s] -- Up-to-date: /home/paulo/ros2_create_ws_ws/install/turtlesim/include/turtlesim/turtlesim
[22.896s] -- Up-to-date: /home/paulo/ros2_create_ws_ws/install/turtlesim/include/turtlesim/turtlesim/msg
[22.896s] -- Up-to-date: /home/paulo/ros2_create_ws_ws/install/turtlesim/include/turtlesim/turtlesim/msg/detail
[22.896s] -- Installing: /home/paulo/ros2_create_ws_ws/install/turtlesim/include/turtlesim/turtlesim/msg/detail/color__rosidl_typesupport_fastrtps_cpp.hpp
[22.896s] -- Installing: /home/paulo/ros2_create_ws_ws/install/turtlesim/include/turtlesim/turtlesim/msg/detail/pose__rosidl_typesupport_fastrtps_cpp.hpp
[22.896s] -- Installing: /home/paulo/ros2_create_ws_ws/install/turtlesim/include/turtlesim/turtlesim/msg/detail/dds_fastrtps
[22.896s] -- Installing: /home/paulo/ros2_create_ws_ws/install/turtlesim/include/turtlesim/turtlesim/msg/rosidl_typesupport_fastrtps_cpp__visibility_control.h
[22.896s] -- Up-to-date: /home/paulo/ros2_create_ws_ws/install/turtlesim/include/turtlesim/turtlesim/srv
[22.896s] -- Up-to-date: /home/paulo/ros2_create_ws_ws/install/turtlesim/include/turtlesim/turtlesim/srv/detail
[22.896s] -- Installing: /home/paulo/ros2_create_ws_ws/install/turtlesim/include/turtlesim/turtlesim/srv/detail/kill__rosidl_typesupport_fastrtps_cpp.hpp
[22.896s] -- Installing: /home/paulo/ros2_create_ws_ws/install/turtlesim/include/turtlesim/turtlesim/srv/detail/teleport_relative__rosidl_typesupport_fastrtps_cpp.hpp
[22.896s] -- Installing: /home/paulo/ros2_create_ws_ws/install/turtlesim/include/turtlesim/turtlesim/srv/detail/spawn__rosidl_typesupport_fastrtps_cpp.hpp
[22.897s] -- Installing: /home/paulo/ros2_create_ws_ws/install/turtlesim/include/turtlesim/turtlesim/srv/detail/dds_fastrtps
[22.897s] -- Installing: /home/paulo/ros2_create_ws_ws/install/turtlesim/include/turtlesim/turtlesim/srv/detail/teleport_absolute__rosidl_typesupport_fastrtps_cpp.hpp
[22.897s] -- Installing: /home/paulo/ros2_create_ws_ws/install/turtlesim/include/turtlesim/turtlesim/srv/detail/set_pen__rosidl_typesupport_fastrtps_cpp.hpp
[22.897s] -- Up-to-date: /home/paulo/ros2_create_ws_ws/install/turtlesim/include/turtlesim/turtlesim/action
[22.897s] -- Up-to-date: /home/paulo/ros2_create_ws_ws/install/turtlesim/include/turtlesim/turtlesim/action/detail
[22.897s] -- Installing: /home/paulo/ros2_create_ws_ws/install/turtlesim/include/turtlesim/turtlesim/action/detail/rotate_absolute__rosidl_typesupport_fastrtps_cpp.hpp
[22.897s] -- Installing: /home/paulo/ros2_create_ws_ws/install/turtlesim/include/turtlesim/turtlesim/action/detail/dds_fastrtps
[22.897s] -- Installing: /home/paulo/ros2_create_ws_ws/install/turtlesim/lib/libturtlesim__rosidl_typesupport_fastrtps_cpp.so
[22.898s] -- Set runtime path of "/home/paulo/ros2_create_ws_ws/install/turtlesim/lib/libturtlesim__rosidl_typesupport_fastrtps_cpp.so" to ""
[22.898s] -- Up-to-date: /home/paulo/ros2_create_ws_ws/install/turtlesim/include/turtlesim/turtlesim
[22.898s] -- Up-to-date: /home/paulo/ros2_create_ws_ws/install/turtlesim/include/turtlesim/turtlesim/msg
[22.898s] -- Up-to-date: /home/paulo/ros2_create_ws_ws/install/turtlesim/include/turtlesim/turtlesim/msg/detail
[22.898s] -- Installing: /home/paulo/ros2_create_ws_ws/install/turtlesim/include/turtlesim/turtlesim/msg/detail/pose__type_support.c
[22.898s] -- Installing: /home/paulo/ros2_create_ws_ws/install/turtlesim/include/turtlesim/turtlesim/msg/detail/color__type_support.c
[22.898s] -- Installing: /home/paulo/ros2_create_ws_ws/install/turtlesim/include/turtlesim/turtlesim/msg/detail/pose__rosidl_typesupport_introspection_c.h
[22.898s] -- Installing: /home/paulo/ros2_create_ws_ws/install/turtlesim/include/turtlesim/turtlesim/msg/detail/color__rosidl_typesupport_introspection_c.h
[22.898s] -- Installing: /home/paulo/ros2_create_ws_ws/install/turtlesim/include/turtlesim/turtlesim/msg/rosidl_typesupport_introspection_c__visibility_control.h
[22.898s] -- Up-to-date: /home/paulo/ros2_create_ws_ws/install/turtlesim/include/turtlesim/turtlesim/srv
[22.898s] -- Up-to-date: /home/paulo/ros2_create_ws_ws/install/turtlesim/include/turtlesim/turtlesim/srv/detail
[22.898s] -- Installing: /home/paulo/ros2_create_ws_ws/install/turtlesim/include/turtlesim/turtlesim/srv/detail/spawn__rosidl_typesupport_introspection_c.h
[22.899s] -- Installing: /home/paulo/ros2_create_ws_ws/install/turtlesim/include/turtlesim/turtlesim/srv/detail/spawn__type_support.c
[22.899s] -- Installing: /home/paulo/ros2_create_ws_ws/install/turtlesim/include/turtlesim/turtlesim/srv/detail/set_pen__type_support.c
[22.899s] -- Installing: /home/paulo/ros2_create_ws_ws/install/turtlesim/include/turtlesim/turtlesim/srv/detail/kill__rosidl_typesupport_introspection_c.h
[22.899s] -- Installing: /home/paulo/ros2_create_ws_ws/install/turtlesim/include/turtlesim/turtlesim/srv/detail/teleport_absolute__type_support.c
[22.899s] -- Installing: /home/paulo/ros2_create_ws_ws/install/turtlesim/include/turtlesim/turtlesim/srv/detail/teleport_absolute__rosidl_typesupport_introspection_c.h
[22.899s] -- Installing: /home/paulo/ros2_create_ws_ws/install/turtlesim/include/turtlesim/turtlesim/srv/detail/set_pen__rosidl_typesupport_introspection_c.h
[22.899s] -- Installing: /home/paulo/ros2_create_ws_ws/install/turtlesim/include/turtlesim/turtlesim/srv/detail/teleport_relative__type_support.c
[22.899s] -- Installing: /home/paulo/ros2_create_ws_ws/install/turtlesim/include/turtlesim/turtlesim/srv/detail/kill__type_support.c
[22.899s] -- Installing: /home/paulo/ros2_create_ws_ws/install/turtlesim/include/turtlesim/turtlesim/srv/detail/teleport_relative__rosidl_typesupport_introspection_c.h
[22.900s] -- Up-to-date: /home/paulo/ros2_create_ws_ws/install/turtlesim/include/turtlesim/turtlesim/action
[22.900s] -- Up-to-date: /home/paulo/ros2_create_ws_ws/install/turtlesim/include/turtlesim/turtlesim/action/detail
[22.900s] -- Installing: /home/paulo/ros2_create_ws_ws/install/turtlesim/include/turtlesim/turtlesim/action/detail/rotate_absolute__rosidl_typesupport_introspection_c.h
[22.900s] -- Installing: /home/paulo/ros2_create_ws_ws/install/turtlesim/include/turtlesim/turtlesim/action/detail/rotate_absolute__type_support.c
[22.900s] -- Installing: /home/paulo/ros2_create_ws_ws/install/turtlesim/lib/libturtlesim__rosidl_typesupport_introspection_c.so
[22.900s] -- Set runtime path of "/home/paulo/ros2_create_ws_ws/install/turtlesim/lib/libturtlesim__rosidl_typesupport_introspection_c.so" to ""
[22.900s] -- Installing: /home/paulo/ros2_create_ws_ws/install/turtlesim/lib/libturtlesim__rosidl_typesupport_c.so
[22.901s] -- Set runtime path of "/home/paulo/ros2_create_ws_ws/install/turtlesim/lib/libturtlesim__rosidl_typesupport_c.so" to ""
[22.901s] -- Up-to-date: /home/paulo/ros2_create_ws_ws/install/turtlesim/include/turtlesim/turtlesim
[22.901s] -- Up-to-date: /home/paulo/ros2_create_ws_ws/install/turtlesim/include/turtlesim/turtlesim/msg
[22.901s] -- Up-to-date: /home/paulo/ros2_create_ws_ws/install/turtlesim/include/turtlesim/turtlesim/msg/detail
[22.901s] -- Installing: /home/paulo/ros2_create_ws_ws/install/turtlesim/include/turtlesim/turtlesim/msg/detail/color__rosidl_typesupport_introspection_cpp.hpp
[22.901s] -- Installing: /home/paulo/ros2_create_ws_ws/install/turtlesim/include/turtlesim/turtlesim/msg/detail/color__type_support.cpp
[22.901s] -- Installing: /home/paulo/ros2_create_ws_ws/install/turtlesim/include/turtlesim/turtlesim/msg/detail/pose__rosidl_typesupport_introspection_cpp.hpp
[22.901s] -- Installing: /home/paulo/ros2_create_ws_ws/install/turtlesim/include/turtlesim/turtlesim/msg/detail/pose__type_support.cpp
[22.902s] -- Up-to-date: /home/paulo/ros2_create_ws_ws/install/turtlesim/include/turtlesim/turtlesim/srv
[22.902s] -- Up-to-date: /home/paulo/ros2_create_ws_ws/install/turtlesim/include/turtlesim/turtlesim/srv/detail
[22.902s] -- Installing: /home/paulo/ros2_create_ws_ws/install/turtlesim/include/turtlesim/turtlesim/srv/detail/teleport_relative__rosidl_typesupport_introspection_cpp.hpp
[22.902s] -- Installing: /home/paulo/ros2_create_ws_ws/install/turtlesim/include/turtlesim/turtlesim/srv/detail/teleport_relative__type_support.cpp
[22.902s] -- Installing: /home/paulo/ros2_create_ws_ws/install/turtlesim/include/turtlesim/turtlesim/srv/detail/teleport_absolute__type_support.cpp
[22.902s] -- Installing: /home/paulo/ros2_create_ws_ws/install/turtlesim/include/turtlesim/turtlesim/srv/detail/kill__type_support.cpp
[22.902s] -- Installing: /home/paulo/ros2_create_ws_ws/install/turtlesim/include/turtlesim/turtlesim/srv/detail/set_pen__type_support.cpp
[22.902s] -- Installing: /home/paulo/ros2_create_ws_ws/install/turtlesim/include/turtlesim/turtlesim/srv/detail/spawn__type_support.cpp
[22.902s] -- Installing: /home/paulo/ros2_create_ws_ws/install/turtlesim/include/turtlesim/turtlesim/srv/detail/set_pen__rosidl_typesupport_introspection_cpp.hpp
[22.902s] -- Installing: /home/paulo/ros2_create_ws_ws/install/turtlesim/include/turtlesim/turtlesim/srv/detail/kill__rosidl_typesupport_introspection_cpp.hpp
[22.903s] -- Installing: /home/paulo/ros2_create_ws_ws/install/turtlesim/include/turtlesim/turtlesim/srv/detail/teleport_absolute__rosidl_typesupport_introspection_cpp.hpp
[22.903s] -- Installing: /home/paulo/ros2_create_ws_ws/install/turtlesim/include/turtlesim/turtlesim/srv/detail/spawn__rosidl_typesupport_introspection_cpp.hpp
[22.903s] -- Up-to-date: /home/paulo/ros2_create_ws_ws/install/turtlesim/include/turtlesim/turtlesim/action
[22.903s] -- Up-to-date: /home/paulo/ros2_create_ws_ws/install/turtlesim/include/turtlesim/turtlesim/action/detail
[22.903s] -- Installing: /home/paulo/ros2_create_ws_ws/install/turtlesim/include/turtlesim/turtlesim/action/detail/rotate_absolute__type_support.cpp
[22.903s] -- Installing: /home/paulo/ros2_create_ws_ws/install/turtlesim/include/turtlesim/turtlesim/action/detail/rotate_absolute__rosidl_typesupport_introspection_cpp.hpp
[22.903s] -- Installing: /home/paulo/ros2_create_ws_ws/install/turtlesim/lib/libturtlesim__rosidl_typesupport_introspection_cpp.so
[22.904s] -- Set runtime path of "/home/paulo/ros2_create_ws_ws/install/turtlesim/lib/libturtlesim__rosidl_typesupport_introspection_cpp.so" to ""
[22.904s] -- Installing: /home/paulo/ros2_create_ws_ws/install/turtlesim/lib/libturtlesim__rosidl_typesupport_cpp.so
[22.904s] -- Set runtime path of "/home/paulo/ros2_create_ws_ws/install/turtlesim/lib/libturtlesim__rosidl_typesupport_cpp.so" to ""
[22.904s] -- Installing: /home/paulo/ros2_create_ws_ws/install/turtlesim/share/turtlesim/environment/pythonpath.sh
[22.904s] -- Installing: /home/paulo/ros2_create_ws_ws/install/turtlesim/share/turtlesim/environment/pythonpath.dsv
[22.905s] -- Installing: /home/paulo/ros2_create_ws_ws/install/turtlesim/local/lib/python3.10/dist-packages/turtlesim-1.4.2-py3.10.egg-info
[22.905s] -- Installing: /home/paulo/ros2_create_ws_ws/install/turtlesim/local/lib/python3.10/dist-packages/turtlesim-1.4.2-py3.10.egg-info/PKG-INFO
[22.905s] -- Installing: /home/paulo/ros2_create_ws_ws/install/turtlesim/local/lib/python3.10/dist-packages/turtlesim-1.4.2-py3.10.egg-info/top_level.txt
[22.905s] -- Installing: /home/paulo/ros2_create_ws_ws/install/turtlesim/local/lib/python3.10/dist-packages/turtlesim-1.4.2-py3.10.egg-info/dependency_links.txt
[22.905s] -- Installing: /home/paulo/ros2_create_ws_ws/install/turtlesim/local/lib/python3.10/dist-packages/turtlesim-1.4.2-py3.10.egg-info/SOURCES.txt
[22.905s] -- Installing: /home/paulo/ros2_create_ws_ws/install/turtlesim/local/lib/python3.10/dist-packages/turtlesim
[22.905s] -- Installing: /home/paulo/ros2_create_ws_ws/install/turtlesim/local/lib/python3.10/dist-packages/turtlesim/msg
[22.906s] -- Installing: /home/paulo/ros2_create_ws_ws/install/turtlesim/local/lib/python3.10/dist-packages/turtlesim/msg/__init__.py
[22.906s] -- Installing: /home/paulo/ros2_create_ws_ws/install/turtlesim/local/lib/python3.10/dist-packages/turtlesim/msg/_pose.py
[22.906s] -- Installing: /home/paulo/ros2_create_ws_ws/install/turtlesim/local/lib/python3.10/dist-packages/turtlesim/msg/_color_s.c
[22.906s] -- Installing: /home/paulo/ros2_create_ws_ws/install/turtlesim/local/lib/python3.10/dist-packages/turtlesim/msg/_pose_s.c
[22.906s] -- Installing: /home/paulo/ros2_create_ws_ws/install/turtlesim/local/lib/python3.10/dist-packages/turtlesim/msg/_color.py
[22.906s] -- Installing: /home/paulo/ros2_create_ws_ws/install/turtlesim/local/lib/python3.10/dist-packages/turtlesim/__init__.py
[22.906s] -- Installing: /home/paulo/ros2_create_ws_ws/install/turtlesim/local/lib/python3.10/dist-packages/turtlesim/turtlesim_s__rosidl_typesupport_c.cpython-310-x86_64-linux-gnu.so
[22.906s] -- Installing: /home/paulo/ros2_create_ws_ws/install/turtlesim/local/lib/python3.10/dist-packages/turtlesim/_turtlesim_s.ep.rosidl_typesupport_introspection_c.c
[22.907s] -- Installing: /home/paulo/ros2_create_ws_ws/install/turtlesim/local/lib/python3.10/dist-packages/turtlesim/turtlesim_s__rosidl_typesupport_fastrtps_c.cpython-310-x86_64-linux-gnu.so
[22.907s] -- Installing: /home/paulo/ros2_create_ws_ws/install/turtlesim/local/lib/python3.10/dist-packages/turtlesim/_turtlesim_s.ep.rosidl_typesupport_fastrtps_c.c
[22.907s] -- Installing: /home/paulo/ros2_create_ws_ws/install/turtlesim/local/lib/python3.10/dist-packages/turtlesim/srv
[22.907s] -- Installing: /home/paulo/ros2_create_ws_ws/install/turtlesim/local/lib/python3.10/dist-packages/turtlesim/srv/_teleport_absolute_s.c
[22.907s] -- Installing: /home/paulo/ros2_create_ws_ws/install/turtlesim/local/lib/python3.10/dist-packages/turtlesim/srv/__init__.py
[22.907s] -- Installing: /home/paulo/ros2_create_ws_ws/install/turtlesim/local/lib/python3.10/dist-packages/turtlesim/srv/_teleport_relative.py
[22.907s] -- Installing: /home/paulo/ros2_create_ws_ws/install/turtlesim/local/lib/python3.10/dist-packages/turtlesim/srv/_set_pen_s.c
[22.907s] -- Installing: /home/paulo/ros2_create_ws_ws/install/turtlesim/local/lib/python3.10/dist-packages/turtlesim/srv/_teleport_relative_s.c
[22.908s] -- Installing: /home/paulo/ros2_create_ws_ws/install/turtlesim/local/lib/python3.10/dist-packages/turtlesim/srv/_kill.py
[22.908s] -- Installing: /home/paulo/ros2_create_ws_ws/install/turtlesim/local/lib/python3.10/dist-packages/turtlesim/srv/_teleport_absolute.py
[22.908s] -- Installing: /home/paulo/ros2_create_ws_ws/install/turtlesim/local/lib/python3.10/dist-packages/turtlesim/srv/_set_pen.py
[22.908s] -- Installing: /home/paulo/ros2_create_ws_ws/install/turtlesim/local/lib/python3.10/dist-packages/turtlesim/srv/_spawn_s.c
[22.909s] -- Installing: /home/paulo/ros2_create_ws_ws/install/turtlesim/local/lib/python3.10/dist-packages/turtlesim/srv/_kill_s.c
[22.909s] -- Installing: /home/paulo/ros2_create_ws_ws/install/turtlesim/local/lib/python3.10/dist-packages/turtlesim/srv/_spawn.py
[22.909s] -- Installing: /home/paulo/ros2_create_ws_ws/install/turtlesim/local/lib/python3.10/dist-packages/turtlesim/libturtlesim__rosidl_generator_py.so
[22.909s] -- Installing: /home/paulo/ros2_create_ws_ws/install/turtlesim/local/lib/python3.10/dist-packages/turtlesim/turtlesim_s__rosidl_typesupport_introspection_c.cpython-310-x86_64-linux-gnu.so
[22.909s] -- Installing: /home/paulo/ros2_create_ws_ws/install/turtlesim/local/lib/python3.10/dist-packages/turtlesim/action
[22.909s] -- Installing: /home/paulo/ros2_create_ws_ws/install/turtlesim/local/lib/python3.10/dist-packages/turtlesim/action/__init__.py
[22.909s] -- Installing: /home/paulo/ros2_create_ws_ws/install/turtlesim/local/lib/python3.10/dist-packages/turtlesim/action/_rotate_absolute.py
[22.909s] -- Installing: /home/paulo/ros2_create_ws_ws/install/turtlesim/local/lib/python3.10/dist-packages/turtlesim/action/_rotate_absolute_s.c
[22.910s] -- Installing: /home/paulo/ros2_create_ws_ws/install/turtlesim/local/lib/python3.10/dist-packages/turtlesim/_turtlesim_s.ep.rosidl_typesupport_c.c
[22.962s] Listing '/home/paulo/ros2_create_ws_ws/install/turtlesim/local/lib/python3.10/dist-packages/turtlesim'...
[22.962s] Compiling '/home/paulo/ros2_create_ws_ws/install/turtlesim/local/lib/python3.10/dist-packages/turtlesim/__init__.py'...
[22.962s] Listing '/home/paulo/ros2_create_ws_ws/install/turtlesim/local/lib/python3.10/dist-packages/turtlesim/action'...
[22.962s] Compiling '/home/paulo/ros2_create_ws_ws/install/turtlesim/local/lib/python3.10/dist-packages/turtlesim/action/__init__.py'...
[22.962s] Compiling '/home/paulo/ros2_create_ws_ws/install/turtlesim/local/lib/python3.10/dist-packages/turtlesim/action/_rotate_absolute.py'...
[22.962s] Listing '/home/paulo/ros2_create_ws_ws/install/turtlesim/local/lib/python3.10/dist-packages/turtlesim/msg'...
[22.962s] Compiling '/home/paulo/ros2_create_ws_ws/install/turtlesim/local/lib/python3.10/dist-packages/turtlesim/msg/__init__.py'...
[22.962s] Compiling '/home/paulo/ros2_create_ws_ws/install/turtlesim/local/lib/python3.10/dist-packages/turtlesim/msg/_color.py'...
[22.962s] Compiling '/home/paulo/ros2_create_ws_ws/install/turtlesim/local/lib/python3.10/dist-packages/turtlesim/msg/_pose.py'...
[22.962s] Listing '/home/paulo/ros2_create_ws_ws/install/turtlesim/local/lib/python3.10/dist-packages/turtlesim/srv'...
[22.962s] Compiling '/home/paulo/ros2_create_ws_ws/install/turtlesim/local/lib/python3.10/dist-packages/turtlesim/srv/__init__.py'...
[22.962s] Compiling '/home/paulo/ros2_create_ws_ws/install/turtlesim/local/lib/python3.10/dist-packages/turtlesim/srv/_kill.py'...
[22.963s] Compiling '/home/paulo/ros2_create_ws_ws/install/turtlesim/local/lib/python3.10/dist-packages/turtlesim/srv/_set_pen.py'...
[22.963s] Compiling '/home/paulo/ros2_create_ws_ws/install/turtlesim/local/lib/python3.10/dist-packages/turtlesim/srv/_spawn.py'...
[22.963s] Compiling '/home/paulo/ros2_create_ws_ws/install/turtlesim/local/lib/python3.10/dist-packages/turtlesim/srv/_teleport_absolute.py'...
[22.963s] Compiling '/home/paulo/ros2_create_ws_ws/install/turtlesim/local/lib/python3.10/dist-packages/turtlesim/srv/_teleport_relative.py'...
[22.966s] -- Installing: /home/paulo/ros2_create_ws_ws/install/turtlesim/local/lib/python3.10/dist-packages/turtlesim/turtlesim_s__rosidl_typesupport_fastrtps_c.cpython-310-x86_64-linux-gnu.so
[22.966s] -- Set runtime path of "/home/paulo/ros2_create_ws_ws/install/turtlesim/local/lib/python3.10/dist-packages/turtlesim/turtlesim_s__rosidl_typesupport_fastrtps_c.cpython-310-x86_64-linux-gnu.so" to ""
[22.967s] -- Installing: /home/paulo/ros2_create_ws_ws/install/turtlesim/local/lib/python3.10/dist-packages/turtlesim/turtlesim_s__rosidl_typesupport_introspection_c.cpython-310-x86_64-linux-gnu.so
[22.967s] -- Set runtime path of "/home/paulo/ros2_create_ws_ws/install/turtlesim/local/lib/python3.10/dist-packages/turtlesim/turtlesim_s__rosidl_typesupport_introspection_c.cpython-310-x86_64-linux-gnu.so" to ""
[22.967s] -- Installing: /home/paulo/ros2_create_ws_ws/install/turtlesim/local/lib/python3.10/dist-packages/turtlesim/turtlesim_s__rosidl_typesupport_c.cpython-310-x86_64-linux-gnu.so
[22.968s] -- Set runtime path of "/home/paulo/ros2_create_ws_ws/install/turtlesim/local/lib/python3.10/dist-packages/turtlesim/turtlesim_s__rosidl_typesupport_c.cpython-310-x86_64-linux-gnu.so" to ""
[22.968s] -- Installing: /home/paulo/ros2_create_ws_ws/install/turtlesim/lib/libturtlesim__rosidl_generator_py.so
[22.968s] -- Set runtime path of "/home/paulo/ros2_create_ws_ws/install/turtlesim/lib/libturtlesim__rosidl_generator_py.so" to ""
[22.969s] -- Installing: /home/paulo/ros2_create_ws_ws/install/turtlesim/share/turtlesim/action/RotateAbsolute.idl
[22.969s] -- Installing: /home/paulo/ros2_create_ws_ws/install/turtlesim/share/turtlesim/msg/Color.idl
[22.969s] -- Installing: /home/paulo/ros2_create_ws_ws/install/turtlesim/share/turtlesim/msg/Pose.idl
[22.969s] -- Installing: /home/paulo/ros2_create_ws_ws/install/turtlesim/share/turtlesim/srv/Kill.idl
[22.969s] -- Installing: /home/paulo/ros2_create_ws_ws/install/turtlesim/share/turtlesim/srv/SetPen.idl
[22.969s] -- Installing: /home/paulo/ros2_create_ws_ws/install/turtlesim/share/turtlesim/srv/Spawn.idl
[22.970s] -- Installing: /home/paulo/ros2_create_ws_ws/install/turtlesim/share/turtlesim/srv/TeleportAbsolute.idl
[22.970s] -- Installing: /home/paulo/ros2_create_ws_ws/install/turtlesim/share/turtlesim/srv/TeleportRelative.idl
[22.970s] -- Installing: /home/paulo/ros2_create_ws_ws/install/turtlesim/share/turtlesim/action/RotateAbsolute.action
[22.970s] -- Installing: /home/paulo/ros2_create_ws_ws/install/turtlesim/share/turtlesim/msg/Color.msg
[22.970s] -- Installing: /home/paulo/ros2_create_ws_ws/install/turtlesim/share/turtlesim/msg/Pose.msg
[22.970s] -- Installing: /home/paulo/ros2_create_ws_ws/install/turtlesim/share/turtlesim/srv/Kill.srv
[22.971s] -- Installing: /home/paulo/ros2_create_ws_ws/install/turtlesim/share/turtlesim/srv/Kill_Request.msg
[22.971s] -- Installing: /home/paulo/ros2_create_ws_ws/install/turtlesim/share/turtlesim/srv/Kill_Response.msg
[22.971s] -- Installing: /home/paulo/ros2_create_ws_ws/install/turtlesim/share/turtlesim/srv/SetPen.srv
[22.971s] -- Installing: /home/paulo/ros2_create_ws_ws/install/turtlesim/share/turtlesim/srv/SetPen_Request.msg
[22.971s] -- Installing: /home/paulo/ros2_create_ws_ws/install/turtlesim/share/turtlesim/srv/SetPen_Response.msg
[22.971s] -- Installing: /home/paulo/ros2_create_ws_ws/install/turtlesim/share/turtlesim/srv/Spawn.srv
[22.972s] -- Installing: /home/paulo/ros2_create_ws_ws/install/turtlesim/share/turtlesim/srv/Spawn_Request.msg
[22.972s] -- Installing: /home/paulo/ros2_create_ws_ws/install/turtlesim/share/turtlesim/srv/Spawn_Response.msg
[22.972s] -- Installing: /home/paulo/ros2_create_ws_ws/install/turtlesim/share/turtlesim/srv/TeleportAbsolute.srv
[22.972s] -- Installing: /home/paulo/ros2_create_ws_ws/install/turtlesim/share/turtlesim/srv/TeleportAbsolute_Request.msg
[22.972s] -- Installing: /home/paulo/ros2_create_ws_ws/install/turtlesim/share/turtlesim/srv/TeleportAbsolute_Response.msg
[22.972s] -- Installing: /home/paulo/ros2_create_ws_ws/install/turtlesim/share/turtlesim/srv/TeleportRelative.srv
[22.972s] -- Installing: /home/paulo/ros2_create_ws_ws/install/turtlesim/share/turtlesim/srv/TeleportRelative_Request.msg
[22.973s] -- Installing: /home/paulo/ros2_create_ws_ws/install/turtlesim/share/turtlesim/srv/TeleportRelative_Response.msg
[22.973s] -- Installing: /home/paulo/ros2_create_ws_ws/install/turtlesim/lib/turtlesim/turtlesim_node
[22.981s] -- Set runtime path of "/home/paulo/ros2_create_ws_ws/install/turtlesim/lib/turtlesim/turtlesim_node" to ""
[22.981s] -- Installing: /home/paulo/ros2_create_ws_ws/install/turtlesim/lib/turtlesim/turtle_teleop_key
[22.983s] -- Set runtime path of "/home/paulo/ros2_create_ws_ws/install/turtlesim/lib/turtlesim/turtle_teleop_key" to ""
[22.983s] -- Installing: /home/paulo/ros2_create_ws_ws/install/turtlesim/lib/turtlesim/draw_square
[22.987s] -- Set runtime path of "/home/paulo/ros2_create_ws_ws/install/turtlesim/lib/turtlesim/draw_square" to ""
[22.987s] -- Installing: /home/paulo/ros2_create_ws_ws/install/turtlesim/lib/turtlesim/mimic
[22.991s] -- Set runtime path of "/home/paulo/ros2_create_ws_ws/install/turtlesim/lib/turtlesim/mimic" to ""
[22.991s] -- Installing: /home/paulo/ros2_create_ws_ws/install/turtlesim/share/turtlesim/images
[22.991s] -- Installing: /home/paulo/ros2_create_ws_ws/install/turtlesim/share/turtlesim/images/dashing.png
[22.991s] -- Installing: /home/paulo/ros2_create_ws_ws/install/turtlesim/share/turtlesim/images/humble.png
[22.992s] -- Installing: /home/paulo/ros2_create_ws_ws/install/turtlesim/share/turtlesim/images/rolling.png
[22.992s] -- Installing: /home/paulo/ros2_create_ws_ws/install/turtlesim/share/turtlesim/images/bouncy.png
[22.992s] -- Installing: /home/paulo/ros2_create_ws_ws/install/turtlesim/share/turtlesim/images/eloquent.png
[22.992s] -- Installing: /home/paulo/ros2_create_ws_ws/install/turtlesim/share/turtlesim/images/ardent.png
[22.992s] -- Installing: /home/paulo/ros2_create_ws_ws/install/turtlesim/share/turtlesim/images/crystal.png
[22.992s] -- Installing: /home/paulo/ros2_create_ws_ws/install/turtlesim/share/turtlesim/images/galactic.png
[22.992s] -- Installing: /home/paulo/ros2_create_ws_ws/install/turtlesim/share/turtlesim/images/foxy.png
[22.992s] -- Installing: /home/paulo/ros2_create_ws_ws/install/turtlesim/share/turtlesim/launch
[22.992s] -- Installing: /home/paulo/ros2_create_ws_ws/install/turtlesim/share/turtlesim/launch/multisim.launch.py
[22.993s] -- Installing: /home/paulo/ros2_create_ws_ws/install/turtlesim/share/ament_index/resource_index/package_run_dependencies/turtlesim
[22.993s] -- Installing: /home/paulo/ros2_create_ws_ws/install/turtlesim/share/ament_index/resource_index/parent_prefix_path/turtlesim
[22.993s] -- Installing: /home/paulo/ros2_create_ws_ws/install/turtlesim/share/turtlesim/environment/ament_prefix_path.sh
[22.993s] -- Installing: /home/paulo/ros2_create_ws_ws/install/turtlesim/share/turtlesim/environment/ament_prefix_path.dsv
[22.993s] -- Installing: /home/paulo/ros2_create_ws_ws/install/turtlesim/share/turtlesim/environment/path.sh
[22.993s] -- Installing: /home/paulo/ros2_create_ws_ws/install/turtlesim/share/turtlesim/environment/path.dsv
[22.994s] -- Installing: /home/paulo/ros2_create_ws_ws/install/turtlesim/share/turtlesim/local_setup.bash
[22.994s] -- Installing: /home/paulo/ros2_create_ws_ws/install/turtlesim/share/turtlesim/local_setup.sh
[22.994s] -- Installing: /home/paulo/ros2_create_ws_ws/install/turtlesim/share/turtlesim/local_setup.zsh
[22.994s] -- Installing: /home/paulo/ros2_create_ws_ws/install/turtlesim/share/turtlesim/local_setup.dsv
[22.994s] -- Installing: /home/paulo/ros2_create_ws_ws/install/turtlesim/share/turtlesim/package.dsv
[22.994s] -- Installing: /home/paulo/ros2_create_ws_ws/install/turtlesim/share/ament_index/resource_index/packages/turtlesim
[22.995s] -- Installing: /home/paulo/ros2_create_ws_ws/install/turtlesim/share/turtlesim/cmake/export_turtlesim__rosidl_generator_cExport.cmake
[22.995s] -- Installing: /home/paulo/ros2_create_ws_ws/install/turtlesim/share/turtlesim/cmake/export_turtlesim__rosidl_generator_cExport-noconfig.cmake
[22.995s] -- Installing: /home/paulo/ros2_create_ws_ws/install/turtlesim/share/turtlesim/cmake/export_turtlesim__rosidl_typesupport_fastrtps_cExport.cmake
[22.995s] -- Installing: /home/paulo/ros2_create_ws_ws/install/turtlesim/share/turtlesim/cmake/export_turtlesim__rosidl_typesupport_fastrtps_cExport-noconfig.cmake
[22.995s] -- Installing: /home/paulo/ros2_create_ws_ws/install/turtlesim/share/turtlesim/cmake/export_turtlesim__rosidl_generator_cppExport.cmake
[22.995s] -- Installing: /home/paulo/ros2_create_ws_ws/install/turtlesim/share/turtlesim/cmake/export_turtlesim__rosidl_typesupport_fastrtps_cppExport.cmake
[22.995s] -- Installing: /home/paulo/ros2_create_ws_ws/install/turtlesim/share/turtlesim/cmake/export_turtlesim__rosidl_typesupport_fastrtps_cppExport-noconfig.cmake
[22.996s] -- Installing: /home/paulo/ros2_create_ws_ws/install/turtlesim/share/turtlesim/cmake/turtlesim__rosidl_typesupport_introspection_cExport.cmake
[22.996s] -- Installing: /home/paulo/ros2_create_ws_ws/install/turtlesim/share/turtlesim/cmake/turtlesim__rosidl_typesupport_introspection_cExport-noconfig.cmake
[22.996s] -- Installing: /home/paulo/ros2_create_ws_ws/install/turtlesim/share/turtlesim/cmake/turtlesim__rosidl_typesupport_cExport.cmake
[22.996s] -- Installing: /home/paulo/ros2_create_ws_ws/install/turtlesim/share/turtlesim/cmake/turtlesim__rosidl_typesupport_cExport-noconfig.cmake
[22.996s] -- Installing: /home/paulo/ros2_create_ws_ws/install/turtlesim/share/turtlesim/cmake/turtlesim__rosidl_typesupport_introspection_cppExport.cmake
[22.996s] -- Installing: /home/paulo/ros2_create_ws_ws/install/turtlesim/share/turtlesim/cmake/turtlesim__rosidl_typesupport_introspection_cppExport-noconfig.cmake
[22.997s] -- Installing: /home/paulo/ros2_create_ws_ws/install/turtlesim/share/turtlesim/cmake/turtlesim__rosidl_typesupport_cppExport.cmake
[22.997s] -- Installing: /home/paulo/ros2_create_ws_ws/install/turtlesim/share/turtlesim/cmake/turtlesim__rosidl_typesupport_cppExport-noconfig.cmake
[22.997s] -- Installing: /home/paulo/ros2_create_ws_ws/install/turtlesim/share/turtlesim/cmake/export_turtlesim__rosidl_generator_pyExport.cmake
[22.997s] -- Installing: /home/paulo/ros2_create_ws_ws/install/turtlesim/share/turtlesim/cmake/export_turtlesim__rosidl_generator_pyExport-noconfig.cmake
[22.997s] -- Installing: /home/paulo/ros2_create_ws_ws/install/turtlesim/share/turtlesim/cmake/rosidl_cmake-extras.cmake
[22.997s] -- Installing: /home/paulo/ros2_create_ws_ws/install/turtlesim/share/turtlesim/cmake/ament_cmake_export_dependencies-extras.cmake
[22.997s] -- Installing: /home/paulo/ros2_create_ws_ws/install/turtlesim/share/turtlesim/cmake/ament_cmake_export_include_directories-extras.cmake
[22.998s] -- Installing: /home/paulo/ros2_create_ws_ws/install/turtlesim/share/turtlesim/cmake/ament_cmake_export_libraries-extras.cmake
[22.998s] -- Installing: /home/paulo/ros2_create_ws_ws/install/turtlesim/share/turtlesim/cmake/ament_cmake_export_targets-extras.cmake
[22.998s] -- Installing: /home/paulo/ros2_create_ws_ws/install/turtlesim/share/turtlesim/cmake/rosidl_cmake_export_typesupport_targets-extras.cmake
[22.998s] -- Installing: /home/paulo/ros2_create_ws_ws/install/turtlesim/share/turtlesim/cmake/rosidl_cmake_export_typesupport_libraries-extras.cmake
[22.998s] -- Installing: /home/paulo/ros2_create_ws_ws/install/turtlesim/share/turtlesim/cmake/turtlesimConfig.cmake
[22.998s] -- Installing: /home/paulo/ros2_create_ws_ws/install/turtlesim/share/turtlesim/cmake/turtlesimConfig-version.cmake
[22.998s] -- Installing: /home/paulo/ros2_create_ws_ws/install/turtlesim/share/turtlesim/package.xml
[23.001s] Invoked command in '/home/paulo/ros2_create_ws_ws/build/turtlesim' returned '0': CMAKE_PREFIX_PATH=/opt/ros/humble /usr/bin/cmake --install /home/paulo/ros2_create_ws_ws/build/turtlesim
