[3.643s] Invoking command in '/home/paulo/ros2_ws/build/examples_rclpy_executors': PYTHONPATH=/home/paulo/ros2_ws/build/examples_rclpy_executors/prefix_override:/usr/lib/python3/dist-packages/colcon_core/task/python/colcon_distutils_commands:/home/paulo/ros2_ws/install/examples_rclpy_executors/lib/python3.10/site-packages:${PYTHONPATH} /usr/bin/python3 -W ignore:setup.py install is deprecated setup.py develop --editable --build-directory /home/paulo/ros2_ws/build/examples_rclpy_executors/build --no-deps symlink_data
[5.290s] running develop
[5.298s] /usr/lib/python3/dist-packages/setuptools/command/easy_install.py:158: EasyInstallDeprecationWarning: easy_install command is deprecated. Use build and pip and other standards-based tools.
[5.298s]   warnings.warn(
[6.212s] running egg_info
[6.212s] creating examples_rclpy_executors.egg-info
[6.212s] writing examples_rclpy_executors.egg-info/PKG-INFO
[6.212s] writing dependency_links to examples_rclpy_executors.egg-info/dependency_links.txt
[6.212s] writing entry points to examples_rclpy_executors.egg-info/entry_points.txt
[6.212s] writing requirements to examples_rclpy_executors.egg-info/requires.txt
[6.212s] writing top-level names to examples_rclpy_executors.egg-info/top_level.txt
[6.212s] writing manifest file 'examples_rclpy_executors.egg-info/SOURCES.txt'
[6.215s] reading manifest file 'examples_rclpy_executors.egg-info/SOURCES.txt'
[6.216s] writing manifest file 'examples_rclpy_executors.egg-info/SOURCES.txt'
[6.222s] running build_ext
[6.222s] Creating /home/paulo/ros2_ws/install/examples_rclpy_executors/lib/python3.10/site-packages/examples-rclpy-executors.egg-link (link to .)
[6.229s] Installing callback_group script to /home/paulo/ros2_ws/install/examples_rclpy_executors/lib/examples_rclpy_executors
[6.229s] Installing composed script to /home/paulo/ros2_ws/install/examples_rclpy_executors/lib/examples_rclpy_executors
[6.230s] Installing custom_callback_group script to /home/paulo/ros2_ws/install/examples_rclpy_executors/lib/examples_rclpy_executors
[6.230s] Installing custom_executor script to /home/paulo/ros2_ws/install/examples_rclpy_executors/lib/examples_rclpy_executors
[6.230s] Installing listener script to /home/paulo/ros2_ws/install/examples_rclpy_executors/lib/examples_rclpy_executors
[6.230s] Installing talker script to /home/paulo/ros2_ws/install/examples_rclpy_executors/lib/examples_rclpy_executors
[6.230s] 
[6.230s] Installed /home/paulo/ros2_ws/build/examples_rclpy_executors
[6.230s] running symlink_data
[6.230s] creating /home/paulo/ros2_ws/install/examples_rclpy_executors/share/ament_index
[6.231s] creating /home/paulo/ros2_ws/install/examples_rclpy_executors/share/ament_index/resource_index
[6.233s] creating /home/paulo/ros2_ws/install/examples_rclpy_executors/share/ament_index/resource_index/packages
[6.234s] symbolically linking /home/paulo/ros2_ws/build/examples_rclpy_executors/resource/examples_rclpy_executors -> /home/paulo/ros2_ws/install/examples_rclpy_executors/share/ament_index/resource_index/packages
[6.234s] symbolically linking /home/paulo/ros2_ws/build/examples_rclpy_executors/package.xml -> /home/paulo/ros2_ws/install/examples_rclpy_executors/share/examples_rclpy_executors
[6.303s] Invoked command in '/home/paulo/ros2_ws/build/examples_rclpy_executors' returned '0': PYTHONPATH=/home/paulo/ros2_ws/build/examples_rclpy_executors/prefix_override:/usr/lib/python3/dist-packages/colcon_core/task/python/colcon_distutils_commands:/home/paulo/ros2_ws/install/examples_rclpy_executors/lib/python3.10/site-packages:${PYTHONPATH} /usr/bin/python3 -W ignore:setup.py install is deprecated setup.py develop --editable --build-directory /home/paulo/ros2_ws/build/examples_rclpy_executors/build --no-deps symlink_data
