[0.657s] Invoking command in '/home/paulo/ros2_create_ws_ws/src/my_package': PYTHONPATH=/home/paulo/ros2_create_ws_ws/build/my_package/prefix_override:/usr/lib/python3/dist-packages/colcon_core/task/python/colcon_distutils_commands:/home/paulo/ros2_create_ws_ws/install/my_package/lib/python3.10/site-packages:${PYTHONPATH} /usr/bin/python3 -W ignore:setup.py install is deprecated setup.py egg_info --egg-base ../../build/my_package build --build-base /home/paulo/ros2_create_ws_ws/build/my_package/build install --record /home/paulo/ros2_create_ws_ws/build/my_package/install.log --single-version-externally-managed install_data
[0.903s] running egg_info
[0.904s] creating ../../build/my_package/my_package.egg-info
[0.904s] writing ../../build/my_package/my_package.egg-info/PKG-INFO
[0.904s] writing dependency_links to ../../build/my_package/my_package.egg-info/dependency_links.txt
[0.904s] writing entry points to ../../build/my_package/my_package.egg-info/entry_points.txt
[0.904s] writing requirements to ../../build/my_package/my_package.egg-info/requires.txt
[0.905s] writing top-level names to ../../build/my_package/my_package.egg-info/top_level.txt
[0.905s] writing manifest file '../../build/my_package/my_package.egg-info/SOURCES.txt'
[0.906s] reading manifest file '../../build/my_package/my_package.egg-info/SOURCES.txt'
[0.906s] adding license file 'LICENSE'
[0.907s] writing manifest file '../../build/my_package/my_package.egg-info/SOURCES.txt'
[0.907s] running build
[0.907s] running build_py
[0.908s] creating /home/paulo/ros2_create_ws_ws/build/my_package/build
[0.908s] creating /home/paulo/ros2_create_ws_ws/build/my_package/build/lib
[0.908s] creating /home/paulo/ros2_create_ws_ws/build/my_package/build/lib/my_package
[0.908s] copying my_package/__init__.py -> /home/paulo/ros2_create_ws_ws/build/my_package/build/lib/my_package
[0.908s] copying my_package/my_node.py -> /home/paulo/ros2_create_ws_ws/build/my_package/build/lib/my_package
[0.908s] running install
[0.908s] running install_lib
[0.909s] creating /home/paulo/ros2_create_ws_ws/install/my_package/lib/python3.10/site-packages/my_package
[0.909s] copying /home/paulo/ros2_create_ws_ws/build/my_package/build/lib/my_package/__init__.py -> /home/paulo/ros2_create_ws_ws/install/my_package/lib/python3.10/site-packages/my_package
[0.909s] copying /home/paulo/ros2_create_ws_ws/build/my_package/build/lib/my_package/my_node.py -> /home/paulo/ros2_create_ws_ws/install/my_package/lib/python3.10/site-packages/my_package
[0.910s] byte-compiling /home/paulo/ros2_create_ws_ws/install/my_package/lib/python3.10/site-packages/my_package/__init__.py to __init__.cpython-310.pyc
[0.910s] byte-compiling /home/paulo/ros2_create_ws_ws/install/my_package/lib/python3.10/site-packages/my_package/my_node.py to my_node.cpython-310.pyc
[0.910s] running install_data
[0.910s] creating /home/paulo/ros2_create_ws_ws/install/my_package/share/ament_index
[0.910s] creating /home/paulo/ros2_create_ws_ws/install/my_package/share/ament_index/resource_index
[0.911s] creating /home/paulo/ros2_create_ws_ws/install/my_package/share/ament_index/resource_index/packages
[0.911s] copying resource/my_package -> /home/paulo/ros2_create_ws_ws/install/my_package/share/ament_index/resource_index/packages
[0.911s] copying package.xml -> /home/paulo/ros2_create_ws_ws/install/my_package/share/my_package
[0.911s] running install_egg_info
[0.912s] Copying ../../build/my_package/my_package.egg-info to /home/paulo/ros2_create_ws_ws/install/my_package/lib/python3.10/site-packages/my_package-0.0.0-py3.10.egg-info
[0.913s] running install_scripts
[0.941s] Installing my_node script to /home/paulo/ros2_create_ws_ws/install/my_package/lib/my_package
[0.941s] writing list of installed files to '/home/paulo/ros2_create_ws_ws/build/my_package/install.log'
[0.964s] Invoked command in '/home/paulo/ros2_create_ws_ws/src/my_package' returned '0': PYTHONPATH=/home/paulo/ros2_create_ws_ws/build/my_package/prefix_override:/usr/lib/python3/dist-packages/colcon_core/task/python/colcon_distutils_commands:/home/paulo/ros2_create_ws_ws/install/my_package/lib/python3.10/site-packages:${PYTHONPATH} /usr/bin/python3 -W ignore:setup.py install is deprecated setup.py egg_info --egg-base ../../build/my_package build --build-base /home/paulo/ros2_create_ws_ws/build/my_package/build install --record /home/paulo/ros2_create_ws_ws/build/my_package/install.log --single-version-externally-managed install_data
