[0.670s] Invoking command in '/home/paulo/ros2_create_ws_ws/src/py_srvcli': PYTHONPATH=/home/paulo/ros2_create_ws_ws/build/py_srvcli/prefix_override:/usr/lib/python3/dist-packages/colcon_core/task/python/colcon_distutils_commands:/home/paulo/ros2_create_ws_ws/install/py_srvcli/lib/python3.10/site-packages:${PYTHONPATH} /usr/bin/python3 -W ignore:setup.py install is deprecated setup.py egg_info --egg-base ../../build/py_srvcli build --build-base /home/paulo/ros2_create_ws_ws/build/py_srvcli/build install --record /home/paulo/ros2_create_ws_ws/build/py_srvcli/install.log --single-version-externally-managed install_data
[0.939s] running egg_info
[0.939s] creating ../../build/py_srvcli/py_srvcli.egg-info
[0.940s] writing ../../build/py_srvcli/py_srvcli.egg-info/PKG-INFO
[0.940s] writing dependency_links to ../../build/py_srvcli/py_srvcli.egg-info/dependency_links.txt
[0.940s] writing entry points to ../../build/py_srvcli/py_srvcli.egg-info/entry_points.txt
[0.940s] writing requirements to ../../build/py_srvcli/py_srvcli.egg-info/requires.txt
[0.941s] writing top-level names to ../../build/py_srvcli/py_srvcli.egg-info/top_level.txt
[0.941s] writing manifest file '../../build/py_srvcli/py_srvcli.egg-info/SOURCES.txt'
[0.942s] reading manifest file '../../build/py_srvcli/py_srvcli.egg-info/SOURCES.txt'
[0.943s] adding license file 'LICENSE'
[0.944s] writing manifest file '../../build/py_srvcli/py_srvcli.egg-info/SOURCES.txt'
[0.944s] running build
[0.944s] running build_py
[0.944s] creating /home/paulo/ros2_create_ws_ws/build/py_srvcli/build
[0.944s] creating /home/paulo/ros2_create_ws_ws/build/py_srvcli/build/lib
[0.944s] creating /home/paulo/ros2_create_ws_ws/build/py_srvcli/build/lib/py_srvcli
[0.944s] copying py_srvcli/__init__.py -> /home/paulo/ros2_create_ws_ws/build/py_srvcli/build/lib/py_srvcli
[0.944s] copying py_srvcli/service_member_function.py -> /home/paulo/ros2_create_ws_ws/build/py_srvcli/build/lib/py_srvcli
[0.945s] copying py_srvcli/client_member_function.py -> /home/paulo/ros2_create_ws_ws/build/py_srvcli/build/lib/py_srvcli
[0.945s] running install
[0.945s] running install_lib
[0.946s] creating /home/paulo/ros2_create_ws_ws/install/py_srvcli/lib/python3.10/site-packages/py_srvcli
[0.946s] copying /home/paulo/ros2_create_ws_ws/build/py_srvcli/build/lib/py_srvcli/__init__.py -> /home/paulo/ros2_create_ws_ws/install/py_srvcli/lib/python3.10/site-packages/py_srvcli
[0.946s] copying /home/paulo/ros2_create_ws_ws/build/py_srvcli/build/lib/py_srvcli/service_member_function.py -> /home/paulo/ros2_create_ws_ws/install/py_srvcli/lib/python3.10/site-packages/py_srvcli
[0.946s] copying /home/paulo/ros2_create_ws_ws/build/py_srvcli/build/lib/py_srvcli/client_member_function.py -> /home/paulo/ros2_create_ws_ws/install/py_srvcli/lib/python3.10/site-packages/py_srvcli
[0.947s] byte-compiling /home/paulo/ros2_create_ws_ws/install/py_srvcli/lib/python3.10/site-packages/py_srvcli/__init__.py to __init__.cpython-310.pyc
[0.947s] byte-compiling /home/paulo/ros2_create_ws_ws/install/py_srvcli/lib/python3.10/site-packages/py_srvcli/service_member_function.py to service_member_function.cpython-310.pyc
[0.948s] byte-compiling /home/paulo/ros2_create_ws_ws/install/py_srvcli/lib/python3.10/site-packages/py_srvcli/client_member_function.py to client_member_function.cpython-310.pyc
[0.948s] running install_data
[0.948s] creating /home/paulo/ros2_create_ws_ws/install/py_srvcli/share/ament_index
[0.948s] creating /home/paulo/ros2_create_ws_ws/install/py_srvcli/share/ament_index/resource_index
[0.948s] creating /home/paulo/ros2_create_ws_ws/install/py_srvcli/share/ament_index/resource_index/packages
[0.948s] copying resource/py_srvcli -> /home/paulo/ros2_create_ws_ws/install/py_srvcli/share/ament_index/resource_index/packages
[0.948s] copying package.xml -> /home/paulo/ros2_create_ws_ws/install/py_srvcli/share/py_srvcli
[0.949s] running install_egg_info
[0.950s] Copying ../../build/py_srvcli/py_srvcli.egg-info to /home/paulo/ros2_create_ws_ws/install/py_srvcli/lib/python3.10/site-packages/py_srvcli-0.0.0-py3.10.egg-info
[0.951s] running install_scripts
[0.976s] Installing client script to /home/paulo/ros2_create_ws_ws/install/py_srvcli/lib/py_srvcli
[0.976s] Installing service script to /home/paulo/ros2_create_ws_ws/install/py_srvcli/lib/py_srvcli
[0.977s] writing list of installed files to '/home/paulo/ros2_create_ws_ws/build/py_srvcli/install.log'
[1.006s] Invoked command in '/home/paulo/ros2_create_ws_ws/src/py_srvcli' returned '0': PYTHONPATH=/home/paulo/ros2_create_ws_ws/build/py_srvcli/prefix_override:/usr/lib/python3/dist-packages/colcon_core/task/python/colcon_distutils_commands:/home/paulo/ros2_create_ws_ws/install/py_srvcli/lib/python3.10/site-packages:${PYTHONPATH} /usr/bin/python3 -W ignore:setup.py install is deprecated setup.py egg_info --egg-base ../../build/py_srvcli build --build-base /home/paulo/ros2_create_ws_ws/build/py_srvcli/build install --record /home/paulo/ros2_create_ws_ws/build/py_srvcli/install.log --single-version-externally-managed install_data
