[1.493s] Invoking command in '/home/paulo/ros2_ws/build/examples_rclpy_minimal_service': PYTHONPATH=/home/paulo/ros2_ws/build/examples_rclpy_minimal_service/prefix_override:/usr/lib/python3/dist-packages/colcon_core/task/python/colcon_distutils_commands:/home/paulo/ros2_ws/install/examples_rclpy_minimal_service/lib/python3.10/site-packages:${PYTHONPATH} /usr/bin/python3 -W ignore:setup.py install is deprecated setup.py develop --editable --build-directory /home/paulo/ros2_ws/build/examples_rclpy_minimal_service/build --no-deps symlink_data
[1.922s] running develop
[1.922s] /usr/lib/python3/dist-packages/setuptools/command/easy_install.py:158: EasyInstallDeprecationWarning: easy_install command is deprecated. Use build and pip and other standards-based tools.
[1.923s]   warnings.warn(
[2.263s] running egg_info
[2.264s] creating examples_rclpy_minimal_service.egg-info
[2.264s] writing examples_rclpy_minimal_service.egg-info/PKG-INFO
[2.268s] writing dependency_links to examples_rclpy_minimal_service.egg-info/dependency_links.txt
[2.269s] writing entry points to examples_rclpy_minimal_service.egg-info/entry_points.txt
[2.269s] writing requirements to examples_rclpy_minimal_service.egg-info/requires.txt
[2.269s] writing top-level names to examples_rclpy_minimal_service.egg-info/top_level.txt
[2.271s] writing manifest file 'examples_rclpy_minimal_service.egg-info/SOURCES.txt'
[2.271s] reading manifest file 'examples_rclpy_minimal_service.egg-info/SOURCES.txt'
[2.273s] writing manifest file 'examples_rclpy_minimal_service.egg-info/SOURCES.txt'
[2.276s] running build_ext
[2.276s] Creating /home/paulo/ros2_ws/install/examples_rclpy_minimal_service/lib/python3.10/site-packages/examples-rclpy-minimal-service.egg-link (link to .)
[2.278s] Installing service script to /home/paulo/ros2_ws/install/examples_rclpy_minimal_service/lib/examples_rclpy_minimal_service
[2.279s] Installing service_member_function script to /home/paulo/ros2_ws/install/examples_rclpy_minimal_service/lib/examples_rclpy_minimal_service
[2.280s] 
[2.280s] Installed /home/paulo/ros2_ws/build/examples_rclpy_minimal_service
[2.280s] running symlink_data
[2.280s] creating /home/paulo/ros2_ws/install/examples_rclpy_minimal_service/share/ament_index
[2.281s] creating /home/paulo/ros2_ws/install/examples_rclpy_minimal_service/share/ament_index/resource_index
[2.281s] creating /home/paulo/ros2_ws/install/examples_rclpy_minimal_service/share/ament_index/resource_index/packages
[2.281s] symbolically linking /home/paulo/ros2_ws/build/examples_rclpy_minimal_service/resource/examples_rclpy_minimal_service -> /home/paulo/ros2_ws/install/examples_rclpy_minimal_service/share/ament_index/resource_index/packages
[2.281s] symbolically linking /home/paulo/ros2_ws/build/examples_rclpy_minimal_service/package.xml -> /home/paulo/ros2_ws/install/examples_rclpy_minimal_service/share/examples_rclpy_minimal_service
[2.359s] Invoked command in '/home/paulo/ros2_ws/build/examples_rclpy_minimal_service' returned '0': PYTHONPATH=/home/paulo/ros2_ws/build/examples_rclpy_minimal_service/prefix_override:/usr/lib/python3/dist-packages/colcon_core/task/python/colcon_distutils_commands:/home/paulo/ros2_ws/install/examples_rclpy_minimal_service/lib/python3.10/site-packages:${PYTHONPATH} /usr/bin/python3 -W ignore:setup.py install is deprecated setup.py develop --editable --build-directory /home/paulo/ros2_ws/build/examples_rclpy_minimal_service/build --no-deps symlink_data
