[0.027s] Invoking command in '/home/paulo/ros2_ws/build/examples_rclcpp_wait_set': CMAKE_PREFIX_PATH=/opt/ros/humble /usr/bin/cmake /home/paulo/ros2_ws/src/examples/rclcpp/wait_set -DAMENT_CMAKE_SYMLINK_INSTALL=1 -DCMAKE_INSTALL_PREFIX=/home/paulo/ros2_ws/install/examples_rclcpp_wait_set
[1.752s] -- The C compiler identification is GNU 11.4.0
[1.752s] -- The CXX compiler identification is GNU 11.4.0
[1.752s] -- Detecting C compiler ABI info
[1.752s] -- Detecting C compiler ABI info - done
[1.752s] -- Check for working C compiler: /usr/bin/cc - skipped
[1.752s] -- Detecting C compile features
[1.752s] -- Detecting C compile features - done
[1.752s] -- Detecting CXX compiler ABI info
[1.753s] -- Detecting CXX compiler ABI info - done
[1.753s] -- Check for working CXX compiler: /usr/bin/c++ - skipped
[1.753s] -- Detecting CXX compile features
[1.753s] -- Detecting CXX compile features - done
[1.753s] -- Found ament_cmake: 1.3.10 (/opt/ros/humble/share/ament_cmake/cmake)
[1.753s] -- Found Python3: /usr/bin/python3 (found version "3.10.12") found components: Interpreter 
[1.982s] -- Override CMake install command with custom implementation using symlinks instead of copying resources
[2.074s] -- Found example_interfaces: 0.9.3 (/opt/ros/humble/share/example_interfaces/cmake)
[2.205s] -- Found rosidl_generator_c: 3.1.5 (/opt/ros/humble/share/rosidl_generator_c/cmake)
[2.231s] -- Found rosidl_adapter: 3.1.5 (/opt/ros/humble/share/rosidl_adapter/cmake)
[2.267s] -- Found rosidl_generator_cpp: 3.1.5 (/opt/ros/humble/share/rosidl_generator_cpp/cmake)
[2.319s] -- Using all available rosidl_typesupport_c: rosidl_typesupport_fastrtps_c;rosidl_typesupport_introspection_c
[2.405s] -- Using all available rosidl_typesupport_cpp: rosidl_typesupport_fastrtps_cpp;rosidl_typesupport_introspection_cpp
[2.701s] -- Found rclcpp: 16.0.10 (/opt/ros/humble/share/rclcpp/cmake)
[2.871s] -- Found rmw_implementation_cmake: 6.1.2 (/opt/ros/humble/share/rmw_implementation_cmake/cmake)
[2.879s] -- Found rmw_fastrtps_cpp: 6.2.7 (/opt/ros/humble/share/rmw_fastrtps_cpp/cmake)
[3.170s] -- Found OpenSSL: /usr/lib/x86_64-linux-gnu/libcrypto.so (found version "3.0.2")  
[3.297s] -- Found FastRTPS: /opt/ros/humble/include  
[3.462s] -- Using RMW implementation 'rmw_fastrtps_cpp' as default
[3.494s] -- Looking for pthread.h
[3.799s] -- Looking for pthread.h - found
[3.799s] -- Performing Test CMAKE_HAVE_LIBC_PTHREAD
[4.026s] -- Performing Test CMAKE_HAVE_LIBC_PTHREAD - Success
[4.039s] -- Found Threads: TRUE  
[4.368s] -- Found rclcpp_components: 16.0.10 (/opt/ros/humble/share/rclcpp_components/cmake)
[4.570s] -- Found ament_lint_auto: 0.12.11 (/opt/ros/humble/share/ament_lint_auto/cmake)
[4.904s] -- Added test 'copyright' to check source files copyright and LICENSE
[4.914s] -- Added test 'cppcheck' to perform static code analysis on C / C++ code
[4.922s] -- Configured cppcheck include dirs: /home/paulo/ros2_ws/src/examples/rclcpp/wait_set/include
[4.922s] -- Configured cppcheck exclude dirs and/or files: 
[4.929s] -- Added test 'cpplint' to check C / C++ code against the Google style
[4.929s] -- Configured cpplint exclude dirs and/or files: 
[4.938s] -- Added test 'lint_cmake' to check CMake code style
[4.954s] -- Added test 'uncrustify' to check C / C++ code style
[4.954s] -- Configured uncrustify additional arguments: 
[4.954s] -- Added test 'xmllint' to check XML markup files
[4.958s] -- Configuring done
[5.226s] -- Generating done
[5.244s] -- Build files have been written to: /home/paulo/ros2_ws/build/examples_rclcpp_wait_set
[5.311s] Invoked command in '/home/paulo/ros2_ws/build/examples_rclcpp_wait_set' returned '0': CMAKE_PREFIX_PATH=/opt/ros/humble /usr/bin/cmake /home/paulo/ros2_ws/src/examples/rclcpp/wait_set -DAMENT_CMAKE_SYMLINK_INSTALL=1 -DCMAKE_INSTALL_PREFIX=/home/paulo/ros2_ws/install/examples_rclcpp_wait_set
[5.311s] Invoking command in '/home/paulo/ros2_ws/build/examples_rclcpp_wait_set': CMAKE_PREFIX_PATH=/opt/ros/humble /usr/bin/cmake --build /home/paulo/ros2_ws/build/examples_rclcpp_wait_set -- -j6 -l6
[5.542s] [  4%] [32mBuilding CXX object CMakeFiles/talker.dir/src/talker.cpp.o[0m
[19.533s] [  8%] [32m[1mLinking CXX shared library libtalker.so[0m
[20.156s] [  8%] Built target talker
[20.238s] [ 12%] [32mBuilding CXX object CMakeFiles/static_wait_set.dir/src/static_wait_set.cpp.o[0m
[30.398s] [ 16%] [32m[1mLinking CXX executable static_wait_set[0m
[30.789s] [ 16%] Built target static_wait_set
[30.807s] [ 20%] [32mBuilding CXX object CMakeFiles/thread_safe_wait_set.dir/src/thread_safe_wait_set.cpp.o[0m
[39.020s] [ 25%] [32m[1mLinking CXX executable thread_safe_wait_set[0m
[39.462s] [ 25%] Built target thread_safe_wait_set
[39.483s] [ 29%] [32mBuilding CXX object CMakeFiles/wait_set_topics_and_timer.dir/src/wait_set_topics_and_timer.cpp.o[0m
[47.491s] [ 33%] [32m[1mLinking CXX executable wait_set_topics_and_timer[0m
[47.904s] [ 33%] Built target wait_set_topics_and_timer
[47.925s] [ 37%] [32mBuilding CXX object CMakeFiles/wait_set_random_order.dir/src/wait_set_random_order.cpp.o[0m
[55.822s] [ 41%] [32m[1mLinking CXX executable wait_set_random_order[0m
[56.226s] [ 41%] Built target wait_set_random_order
[56.245s] [ 45%] [32mBuilding CXX object CMakeFiles/executor_random_order.dir/src/executor_random_order.cpp.o[0m
[63.772s] [ 50%] [32m[1mLinking CXX executable executor_random_order[0m
[64.146s] [ 50%] Built target executor_random_order
[64.166s] [ 54%] [32mBuilding CXX object CMakeFiles/wait_set_topics_with_different_rates.dir/src/wait_set_topics_with_different_rates.cpp.o[0m
[71.802s] [ 58%] [32m[1mLinking CXX executable wait_set_topics_with_different_rates[0m
[72.192s] [ 58%] Built target wait_set_topics_with_different_rates
[72.210s] [ 62%] [32mBuilding CXX object CMakeFiles/wait_set_listener.dir/rclcpp_components/node_main_wait_set_listener.cpp.o[0m
[72.211s] [ 66%] [32mBuilding CXX object CMakeFiles/listener.dir/src/listener.cpp.o[0m
[72.211s] [ 70%] [32mBuilding CXX object CMakeFiles/wait_set.dir/src/wait_set.cpp.o[0m
[75.209s] [ 75%] [32m[1mLinking CXX executable wait_set_listener[0m
[75.344s] [ 75%] Built target wait_set_listener
[75.363s] [ 79%] [32mBuilding CXX object CMakeFiles/wait_set_talker.dir/rclcpp_components/node_main_wait_set_talker.cpp.o[0m
[78.204s] [ 83%] [32m[1mLinking CXX executable wait_set_talker[0m
[78.343s] [ 83%] Built target wait_set_talker
[80.311s] [ 87%] [32m[1mLinking CXX shared library liblistener.so[0m
[80.384s] [ 91%] [32m[1mLinking CXX executable wait_set[0m
[80.720s] [ 91%] Built target listener
[80.738s] [ 95%] [32mBuilding CXX object CMakeFiles/wait_set_composed.dir/src/wait_set_composed.cpp.o[0m
[80.817s] [ 95%] Built target wait_set
[83.271s] [100%] [32m[1mLinking CXX executable wait_set_composed[0m
[83.481s] [100%] Built target wait_set_composed
[83.492s] Invoked command in '/home/paulo/ros2_ws/build/examples_rclcpp_wait_set' returned '0': CMAKE_PREFIX_PATH=/opt/ros/humble /usr/bin/cmake --build /home/paulo/ros2_ws/build/examples_rclcpp_wait_set -- -j6 -l6
[83.551s] Invoking command in '/home/paulo/ros2_ws/build/examples_rclcpp_wait_set': CMAKE_PREFIX_PATH=/opt/ros/humble /usr/bin/cmake --install /home/paulo/ros2_ws/build/examples_rclcpp_wait_set
[83.559s] -- Install configuration: ""
[83.560s] -- Execute custom install script
[83.560s] -- Symlinking: /home/paulo/ros2_ws/install/examples_rclcpp_wait_set/lib/examples_rclcpp_wait_set/wait_set_talker
[83.568s] -- Symlinking: /home/paulo/ros2_ws/install/examples_rclcpp_wait_set/lib/examples_rclcpp_wait_set/wait_set_listener
[83.576s] -- Symlinking: /home/paulo/ros2_ws/install/examples_rclcpp_wait_set/lib/libtalker.so
[83.583s] -- Symlinking: /home/paulo/ros2_ws/install/examples_rclcpp_wait_set/lib/liblistener.so
[83.590s] -- Symlinking: /home/paulo/ros2_ws/install/examples_rclcpp_wait_set/lib/examples_rclcpp_wait_set/wait_set
[83.597s] -- Symlinking: /home/paulo/ros2_ws/install/examples_rclcpp_wait_set/lib/examples_rclcpp_wait_set/static_wait_set
[83.606s] -- Symlinking: /home/paulo/ros2_ws/install/examples_rclcpp_wait_set/lib/examples_rclcpp_wait_set/thread_safe_wait_set
[83.614s] -- Symlinking: /home/paulo/ros2_ws/install/examples_rclcpp_wait_set/lib/examples_rclcpp_wait_set/wait_set_topics_and_timer
[83.621s] -- Symlinking: /home/paulo/ros2_ws/install/examples_rclcpp_wait_set/lib/examples_rclcpp_wait_set/wait_set_random_order
[83.628s] -- Symlinking: /home/paulo/ros2_ws/install/examples_rclcpp_wait_set/lib/examples_rclcpp_wait_set/executor_random_order
[83.635s] -- Symlinking: /home/paulo/ros2_ws/install/examples_rclcpp_wait_set/lib/examples_rclcpp_wait_set/wait_set_topics_with_different_rates
[83.642s] -- Symlinking: /home/paulo/ros2_ws/install/examples_rclcpp_wait_set/lib/examples_rclcpp_wait_set/wait_set_composed
[83.649s] -- Symlinking: /home/paulo/ros2_ws/install/examples_rclcpp_wait_set/share/ament_index/resource_index/package_run_dependencies/examples_rclcpp_wait_set
[83.658s] -- Symlinking: /home/paulo/ros2_ws/install/examples_rclcpp_wait_set/share/ament_index/resource_index/parent_prefix_path/examples_rclcpp_wait_set
[83.665s] -- Symlinking: /home/paulo/ros2_ws/install/examples_rclcpp_wait_set/share/examples_rclcpp_wait_set/environment/ament_prefix_path.sh
[83.674s] -- Symlinking: /home/paulo/ros2_ws/install/examples_rclcpp_wait_set/share/examples_rclcpp_wait_set/environment/ament_prefix_path.dsv
[83.682s] -- Symlinking: /home/paulo/ros2_ws/install/examples_rclcpp_wait_set/share/examples_rclcpp_wait_set/environment/path.sh
[83.691s] -- Symlinking: /home/paulo/ros2_ws/install/examples_rclcpp_wait_set/share/examples_rclcpp_wait_set/environment/path.dsv
[83.699s] -- Symlinking: /home/paulo/ros2_ws/install/examples_rclcpp_wait_set/share/examples_rclcpp_wait_set/local_setup.bash
[83.707s] -- Symlinking: /home/paulo/ros2_ws/install/examples_rclcpp_wait_set/share/examples_rclcpp_wait_set/local_setup.sh
[83.714s] -- Symlinking: /home/paulo/ros2_ws/install/examples_rclcpp_wait_set/share/examples_rclcpp_wait_set/local_setup.zsh
[83.722s] -- Symlinking: /home/paulo/ros2_ws/install/examples_rclcpp_wait_set/share/examples_rclcpp_wait_set/local_setup.dsv
[83.730s] -- Symlinking: /home/paulo/ros2_ws/install/examples_rclcpp_wait_set/share/examples_rclcpp_wait_set/package.dsv
[83.737s] -- Symlinking: /home/paulo/ros2_ws/install/examples_rclcpp_wait_set/share/ament_index/resource_index/packages/examples_rclcpp_wait_set
[83.746s] -- Symlinking: /home/paulo/ros2_ws/install/examples_rclcpp_wait_set/share/ament_index/resource_index/rclcpp_components/examples_rclcpp_wait_set
[83.755s] -- Symlinking: /home/paulo/ros2_ws/install/examples_rclcpp_wait_set/share/examples_rclcpp_wait_set/cmake/examples_rclcpp_wait_setConfig.cmake
[83.763s] -- Symlinking: /home/paulo/ros2_ws/install/examples_rclcpp_wait_set/share/examples_rclcpp_wait_set/cmake/examples_rclcpp_wait_setConfig-version.cmake
[83.770s] -- Symlinking: /home/paulo/ros2_ws/install/examples_rclcpp_wait_set/share/examples_rclcpp_wait_set/package.xml
[83.779s] Invoked command in '/home/paulo/ros2_ws/build/examples_rclcpp_wait_set' returned '0': CMAKE_PREFIX_PATH=/opt/ros/humble /usr/bin/cmake --install /home/paulo/ros2_ws/build/examples_rclcpp_wait_set
