[0.020s] Invoking command in '/home/paulo/ros2_ws/build/examples_rclcpp_minimal_client': CMAKE_PREFIX_PATH=/opt/ros/humble /usr/bin/cmake /home/paulo/ros2_ws/src/examples/rclcpp/services/minimal_client -DAMENT_CMAKE_SYMLINK_INSTALL=1 -DCMAKE_INSTALL_PREFIX=/home/paulo/ros2_ws/install/examples_rclcpp_minimal_client
[0.153s] -- The C compiler identification is GNU 11.4.0
[0.255s] -- The CXX compiler identification is GNU 11.4.0
[0.268s] -- Detecting C compiler ABI info
[0.344s] -- Detecting C compiler ABI info - done
[0.351s] -- Check for working C compiler: /usr/bin/cc - skipped
[0.365s] -- Detecting C compile features
[0.367s] -- Detecting C compile features - done
[0.371s] -- Detecting CXX compiler ABI info
[0.465s] -- Detecting CXX compiler ABI info - done
[0.475s] -- Check for working CXX compiler: /usr/bin/c++ - skipped
[0.475s] -- Detecting CXX compile features
[0.476s] -- Detecting CXX compile features - done
[0.486s] -- Found ament_cmake: 1.3.10 (/opt/ros/humble/share/ament_cmake/cmake)
[0.656s] -- Found Python3: /usr/bin/python3 (found version "3.10.12") found components: Interpreter 
[0.718s] -- Override CMake install command with custom implementation using symlinks instead of copying resources
[0.758s] -- Found example_interfaces: 0.9.3 (/opt/ros/humble/share/example_interfaces/cmake)
[0.806s] -- Found rosidl_generator_c: 3.1.5 (/opt/ros/humble/share/rosidl_generator_c/cmake)
[0.813s] -- Found rosidl_adapter: 3.1.5 (/opt/ros/humble/share/rosidl_adapter/cmake)
[0.825s] -- Found rosidl_generator_cpp: 3.1.5 (/opt/ros/humble/share/rosidl_generator_cpp/cmake)
[0.843s] -- Using all available rosidl_typesupport_c: rosidl_typesupport_fastrtps_c;rosidl_typesupport_introspection_c
[0.866s] -- Using all available rosidl_typesupport_cpp: rosidl_typesupport_fastrtps_cpp;rosidl_typesupport_introspection_cpp
[0.950s] -- Found rclcpp: 16.0.10 (/opt/ros/humble/share/rclcpp/cmake)
[1.000s] -- Found rmw_implementation_cmake: 6.1.2 (/opt/ros/humble/share/rmw_implementation_cmake/cmake)
[1.003s] -- Found rmw_fastrtps_cpp: 6.2.7 (/opt/ros/humble/share/rmw_fastrtps_cpp/cmake)
[1.103s] -- Found OpenSSL: /usr/lib/x86_64-linux-gnu/libcrypto.so (found version "3.0.2")  
[1.138s] -- Found FastRTPS: /opt/ros/humble/include  
[1.185s] -- Using RMW implementation 'rmw_fastrtps_cpp' as default
[1.194s] -- Looking for pthread.h
[1.279s] -- Looking for pthread.h - found
[1.280s] -- Performing Test CMAKE_HAVE_LIBC_PTHREAD
[1.361s] -- Performing Test CMAKE_HAVE_LIBC_PTHREAD - Success
[1.362s] -- Found Threads: TRUE  
[1.449s] -- Found ament_lint_auto: 0.12.11 (/opt/ros/humble/share/ament_lint_auto/cmake)
[1.544s] -- Added test 'copyright' to check source files copyright and LICENSE
[1.545s] -- Added test 'cppcheck' to perform static code analysis on C / C++ code
[1.545s] -- Configured cppcheck include dirs: 
[1.545s] -- Configured cppcheck exclude dirs and/or files: 
[1.547s] -- Added test 'cpplint' to check C / C++ code against the Google style
[1.547s] -- Configured cpplint exclude dirs and/or files: 
[1.547s] -- Added test 'lint_cmake' to check CMake code style
[1.547s] -- Added test 'uncrustify' to check C / C++ code style
[1.548s] -- Configured uncrustify additional arguments: 
[1.548s] -- Added test 'xmllint' to check XML markup files
[1.549s] -- Configuring done
[1.567s] -- Generating done
[1.567s] -- Build files have been written to: /home/paulo/ros2_ws/build/examples_rclcpp_minimal_client
[1.578s] Invoked command in '/home/paulo/ros2_ws/build/examples_rclcpp_minimal_client' returned '0': CMAKE_PREFIX_PATH=/opt/ros/humble /usr/bin/cmake /home/paulo/ros2_ws/src/examples/rclcpp/services/minimal_client -DAMENT_CMAKE_SYMLINK_INSTALL=1 -DCMAKE_INSTALL_PREFIX=/home/paulo/ros2_ws/install/examples_rclcpp_minimal_client
[1.582s] Invoking command in '/home/paulo/ros2_ws/build/examples_rclcpp_minimal_client': CMAKE_PREFIX_PATH=/opt/ros/humble /usr/bin/cmake --build /home/paulo/ros2_ws/build/examples_rclcpp_minimal_client -- -j6 -l6
[1.669s] [ 50%] [32mBuilding CXX object CMakeFiles/client_main.dir/main.cpp.o[0m
[14.427s] [100%] [32m[1mLinking CXX executable client_main[0m
[14.887s] [100%] Built target client_main
[14.913s] Invoked command in '/home/paulo/ros2_ws/build/examples_rclcpp_minimal_client' returned '0': CMAKE_PREFIX_PATH=/opt/ros/humble /usr/bin/cmake --build /home/paulo/ros2_ws/build/examples_rclcpp_minimal_client -- -j6 -l6
[15.021s] Invoking command in '/home/paulo/ros2_ws/build/examples_rclcpp_minimal_client': CMAKE_PREFIX_PATH=/opt/ros/humble /usr/bin/cmake --install /home/paulo/ros2_ws/build/examples_rclcpp_minimal_client
[15.886s] -- Install configuration: ""
[15.886s] -- Execute custom install script
[15.886s] -- Symlinking: /home/paulo/ros2_ws/install/examples_rclcpp_minimal_client/lib/examples_rclcpp_minimal_client/client_main
[15.886s] -- Symlinking: /home/paulo/ros2_ws/install/examples_rclcpp_minimal_client/share/ament_index/resource_index/package_run_dependencies/examples_rclcpp_minimal_client
[15.886s] -- Symlinking: /home/paulo/ros2_ws/install/examples_rclcpp_minimal_client/share/ament_index/resource_index/parent_prefix_path/examples_rclcpp_minimal_client
[15.886s] -- Symlinking: /home/paulo/ros2_ws/install/examples_rclcpp_minimal_client/share/examples_rclcpp_minimal_client/environment/ament_prefix_path.sh
[15.886s] -- Symlinking: /home/paulo/ros2_ws/install/examples_rclcpp_minimal_client/share/examples_rclcpp_minimal_client/environment/ament_prefix_path.dsv
[15.887s] -- Symlinking: /home/paulo/ros2_ws/install/examples_rclcpp_minimal_client/share/examples_rclcpp_minimal_client/environment/path.sh
[15.887s] -- Symlinking: /home/paulo/ros2_ws/install/examples_rclcpp_minimal_client/share/examples_rclcpp_minimal_client/environment/path.dsv
[15.887s] -- Symlinking: /home/paulo/ros2_ws/install/examples_rclcpp_minimal_client/share/examples_rclcpp_minimal_client/local_setup.bash
[15.887s] -- Symlinking: /home/paulo/ros2_ws/install/examples_rclcpp_minimal_client/share/examples_rclcpp_minimal_client/local_setup.sh
[15.887s] -- Symlinking: /home/paulo/ros2_ws/install/examples_rclcpp_minimal_client/share/examples_rclcpp_minimal_client/local_setup.zsh
[15.887s] -- Symlinking: /home/paulo/ros2_ws/install/examples_rclcpp_minimal_client/share/examples_rclcpp_minimal_client/local_setup.dsv
[15.887s] -- Symlinking: /home/paulo/ros2_ws/install/examples_rclcpp_minimal_client/share/examples_rclcpp_minimal_client/package.dsv
[15.887s] -- Symlinking: /home/paulo/ros2_ws/install/examples_rclcpp_minimal_client/share/ament_index/resource_index/packages/examples_rclcpp_minimal_client
[15.887s] -- Symlinking: /home/paulo/ros2_ws/install/examples_rclcpp_minimal_client/share/examples_rclcpp_minimal_client/cmake/examples_rclcpp_minimal_clientConfig.cmake
[15.890s] -- Symlinking: /home/paulo/ros2_ws/install/examples_rclcpp_minimal_client/share/examples_rclcpp_minimal_client/cmake/examples_rclcpp_minimal_clientConfig-version.cmake
[15.890s] -- Symlinking: /home/paulo/ros2_ws/install/examples_rclcpp_minimal_client/share/examples_rclcpp_minimal_client/package.xml
[15.894s] Invoked command in '/home/paulo/ros2_ws/build/examples_rclcpp_minimal_client' returned '0': CMAKE_PREFIX_PATH=/opt/ros/humble /usr/bin/cmake --install /home/paulo/ros2_ws/build/examples_rclcpp_minimal_client
