[1.259s] Invoking command in '/home/paulo/ros2_ws/build/examples_rclpy_minimal_publisher': PYTHONPATH=/home/paulo/ros2_ws/build/examples_rclpy_minimal_publisher/prefix_override:/usr/lib/python3/dist-packages/colcon_core/task/python/colcon_distutils_commands:/home/paulo/ros2_ws/install/examples_rclpy_minimal_publisher/lib/python3.10/site-packages:${PYTHONPATH} /usr/bin/python3 -W ignore:setup.py install is deprecated setup.py develop --editable --build-directory /home/paulo/ros2_ws/build/examples_rclpy_minimal_publisher/build --no-deps symlink_data
[1.778s] running develop
[1.779s] /usr/lib/python3/dist-packages/setuptools/command/easy_install.py:158: EasyInstallDeprecationWarning: easy_install command is deprecated. Use build and pip and other standards-based tools.
[1.780s]   warnings.warn(
[2.034s] running egg_info
[2.034s] creating examples_rclpy_minimal_publisher.egg-info
[2.035s] writing examples_rclpy_minimal_publisher.egg-info/PKG-INFO
[2.036s] writing dependency_links to examples_rclpy_minimal_publisher.egg-info/dependency_links.txt
[2.036s] writing entry points to examples_rclpy_minimal_publisher.egg-info/entry_points.txt
[2.036s] writing requirements to examples_rclpy_minimal_publisher.egg-info/requires.txt
[2.037s] writing top-level names to examples_rclpy_minimal_publisher.egg-info/top_level.txt
[2.038s] writing manifest file 'examples_rclpy_minimal_publisher.egg-info/SOURCES.txt'
[2.039s] reading manifest file 'examples_rclpy_minimal_publisher.egg-info/SOURCES.txt'
[2.040s] writing manifest file 'examples_rclpy_minimal_publisher.egg-info/SOURCES.txt'
[2.042s] running build_ext
[2.042s] Creating /home/paulo/ros2_ws/install/examples_rclpy_minimal_publisher/lib/python3.10/site-packages/examples-rclpy-minimal-publisher.egg-link (link to .)
[2.043s] Installing publisher_local_function script to /home/paulo/ros2_ws/install/examples_rclpy_minimal_publisher/lib/examples_rclpy_minimal_publisher
[2.044s] Installing publisher_member_function script to /home/paulo/ros2_ws/install/examples_rclpy_minimal_publisher/lib/examples_rclpy_minimal_publisher
[2.044s] Installing publisher_old_school script to /home/paulo/ros2_ws/install/examples_rclpy_minimal_publisher/lib/examples_rclpy_minimal_publisher
[2.044s] 
[2.045s] Installed /home/paulo/ros2_ws/build/examples_rclpy_minimal_publisher
[2.045s] running symlink_data
[2.045s] creating /home/paulo/ros2_ws/install/examples_rclpy_minimal_publisher/share/ament_index
[2.045s] creating /home/paulo/ros2_ws/install/examples_rclpy_minimal_publisher/share/ament_index/resource_index
[2.045s] creating /home/paulo/ros2_ws/install/examples_rclpy_minimal_publisher/share/ament_index/resource_index/packages
[2.045s] symbolically linking /home/paulo/ros2_ws/build/examples_rclpy_minimal_publisher/resource/examples_rclpy_minimal_publisher -> /home/paulo/ros2_ws/install/examples_rclpy_minimal_publisher/share/ament_index/resource_index/packages
[2.046s] symbolically linking /home/paulo/ros2_ws/build/examples_rclpy_minimal_publisher/package.xml -> /home/paulo/ros2_ws/install/examples_rclpy_minimal_publisher/share/examples_rclpy_minimal_publisher
[2.269s] Invoked command in '/home/paulo/ros2_ws/build/examples_rclpy_minimal_publisher' returned '0': PYTHONPATH=/home/paulo/ros2_ws/build/examples_rclpy_minimal_publisher/prefix_override:/usr/lib/python3/dist-packages/colcon_core/task/python/colcon_distutils_commands:/home/paulo/ros2_ws/install/examples_rclpy_minimal_publisher/lib/python3.10/site-packages:${PYTHONPATH} /usr/bin/python3 -W ignore:setup.py install is deprecated setup.py develop --editable --build-directory /home/paulo/ros2_ws/build/examples_rclpy_minimal_publisher/build --no-deps symlink_data
